<?xml version="1.0" encoding="UTF-8"?>
<coverage generated="1628103128698" clover="3.2.0">
  <project timestamp="1628103128698" name="All files">
    <metrics statements="125" coveredstatements="104" conditionals="111" coveredconditionals="93" methods="49" coveredmethods="35" elements="285" coveredelements="232" complexity="0" loc="125" ncloc="125" packages="3" files="4" classes="4"/>
    <package name="components.layout">
      <metrics statements="48" coveredstatements="39" conditionals="47" coveredconditionals="42" methods="30" coveredmethods="21"/>
      <file name="header.tsx" path="/home/tommy/Documents/Podboxx/NextJs-Website/components/layout/header.tsx">
        <metrics statements="39" coveredstatements="30" conditionals="38" coveredconditionals="34" methods="26" coveredmethods="17"/>
        <line num="32" count="62" type="stmt"/>
        <line num="33" count="62" type="stmt"/>
        <line num="34" count="62" type="stmt"/>
        <line num="35" count="62" type="stmt"/>
        <line num="38" count="62" type="stmt"/>
        <line num="39" count="3" type="stmt"/>
        <line num="43" count="62" type="stmt"/>
        <line num="44" count="5" type="stmt"/>
        <line num="48" count="62" type="stmt"/>
        <line num="49" count="5" type="cond" truecount="2" falsecount="0"/>
        <line num="54" count="62" type="stmt"/>
        <line num="55" count="2" type="stmt"/>
        <line num="56" count="2" type="stmt"/>
        <line num="57" count="2" type="cond" truecount="1" falsecount="1"/>
        <line num="58" count="2" type="stmt"/>
        <line num="65" count="248" type="stmt"/>
        <line num="69" count="62" type="stmt"/>
        <line num="70" count="186" type="stmt"/>
        <line num="71" count="222" type="stmt"/>
        <line num="72" count="186" type="stmt"/>
        <line num="76" count="372" type="stmt"/>
        <line num="78" count="62" type="stmt"/>
        <line num="89" count="0" type="stmt"/>
        <line num="102" count="0" type="stmt"/>
        <line num="106" count="0" type="stmt"/>
        <line num="110" count="0" type="stmt"/>
        <line num="117" count="0" type="stmt"/>
        <line num="119" count="0" type="stmt"/>
        <line num="128" count="186" type="cond" truecount="2" falsecount="0"/>
        <line num="148" count="186" type="stmt"/>
        <line num="151" count="0" type="cond" truecount="0" falsecount="2"/>
        <line num="170" count="186" type="stmt"/>
        <line num="173" count="2" type="cond" truecount="2" falsecount="0"/>
        <line num="193" count="2" type="stmt"/>
        <line num="197" count="0" type="stmt"/>
        <line num="201" count="0" type="stmt"/>
        <line num="207" count="2" type="stmt"/>
        <line num="211" count="2" type="stmt"/>
        <line num="218" count="186" type="cond" truecount="2" falsecount="0"/>
      </file>
      <file name="layout.tsx" path="/home/tommy/Documents/Podboxx/NextJs-Website/components/layout/layout.tsx">
        <metrics statements="9" coveredstatements="9" conditionals="9" coveredconditionals="8" methods="4" coveredmethods="4"/>
        <line num="37" count="68" type="stmt"/>
        <line num="38" count="68" type="stmt"/>
        <line num="40" count="68" type="stmt"/>
        <line num="41" count="6" type="cond" truecount="3" falsecount="0"/>
        <line num="44" count="68" type="stmt"/>
        <line num="45" count="6" type="stmt"/>
        <line num="46" count="3" type="stmt"/>
        <line num="49" count="68" type="cond" truecount="2" falsecount="0"/>
        <line num="50" count="62" type="stmt"/>
      </file>
    </package>
    <package name="pages">
      <metrics statements="30" coveredstatements="27" conditionals="36" coveredconditionals="25" methods="10" coveredmethods="7"/>
      <file name="index.tsx" path="/home/tommy/Documents/Podboxx/NextJs-Website/pages/index.tsx">
        <metrics statements="30" coveredstatements="27" conditionals="36" coveredconditionals="25" methods="10" coveredmethods="7"/>
        <line num="27" count="2" type="stmt"/>
        <line num="28" count="72" type="stmt"/>
        <line num="29" count="72" type="stmt"/>
        <line num="30" count="72" type="stmt"/>
        <line num="31" count="72" type="stmt"/>
        <line num="32" count="72" type="stmt"/>
        <line num="33" count="72" type="cond" truecount="2" falsecount="0"/>
        <line num="34" count="72" type="stmt"/>
        <line num="35" count="72" type="cond" truecount="2" falsecount="0"/>
        <line num="38" count="0" type="cond" truecount="0" falsecount="2"/>
        <line num="42" count="72" type="stmt"/>
        <line num="44" count="14" type="cond" truecount="2" falsecount="0"/>
        <line num="46" count="14" type="cond" truecount="2" falsecount="0"/>
        <line num="48" count="14" type="cond" truecount="2" falsecount="0"/>
        <line num="50" count="14" type="stmt"/>
        <line num="52" count="14" type="cond" truecount="2" falsecount="0"/>
        <line num="55" count="72" type="stmt"/>
        <line num="57" count="4" type="cond" truecount="2" falsecount="0"/>
        <line num="60" count="72" type="stmt"/>
        <line num="61" count="2" type="stmt"/>
        <line num="63" count="72" type="stmt"/>
        <line num="64" count="2" type="stmt"/>
        <line num="67" count="72" type="cond" truecount="2" falsecount="2"/>
        <line num="73" count="0" type="cond" truecount="0" falsecount="2"/>
        <line num="77" count="72" type="cond" truecount="1" falsecount="1"/>
        <line num="79" count="72" type="cond" truecount="2" falsecount="0"/>
        <line num="80" count="40" type="cond" truecount="1" falsecount="1"/>
        <line num="82" count="40" type="stmt"/>
        <line num="87" count="264" type="stmt"/>
        <line num="111" count="0" type="stmt"/>
      </file>
    </package>
    <package name="pages.user">
      <metrics statements="47" coveredstatements="38" conditionals="28" coveredconditionals="26" methods="9" coveredmethods="7"/>
      <file name="register.tsx" path="/home/tommy/Documents/Podboxx/NextJs-Website/pages/user/register.tsx">
        <metrics statements="47" coveredstatements="38" conditionals="28" coveredconditionals="26" methods="9" coveredmethods="7"/>
        <line num="8" count="3" type="stmt"/>
        <line num="9" count="150" type="stmt"/>
        <line num="10" count="150" type="stmt"/>
        <line num="11" count="150" type="stmt"/>
        <line num="12" count="150" type="stmt"/>
        <line num="13" count="150" type="stmt"/>
        <line num="14" count="150" type="stmt"/>
        <line num="22" count="150" type="stmt"/>
        <line num="23" count="3" type="stmt"/>
        <line num="24" count="3" type="cond" truecount="2" falsecount="0"/>
        <line num="25" count="3" type="cond" truecount="2" falsecount="0"/>
        <line num="26" count="3" type="cond" truecount="2" falsecount="0"/>
        <line num="27" count="3" type="cond" truecount="2" falsecount="0"/>
        <line num="28" count="3" type="cond" truecount="2" falsecount="0"/>
        <line num="29" count="3" type="cond" truecount="2" falsecount="0"/>
        <line num="30" count="3" type="cond" truecount="2" falsecount="0"/>
        <line num="31" count="3" type="stmt"/>
        <line num="32" count="3" type="stmt"/>
        <line num="35" count="150" type="stmt"/>
        <line num="36" count="136" type="stmt"/>
        <line num="39" count="150" type="stmt"/>
        <line num="40" count="17" type="stmt"/>
        <line num="41" count="17" type="stmt"/>
        <line num="48" count="17" type="cond" truecount="4" falsecount="0"/>
        <line num="50" count="8" type="stmt"/>
        <line num="51" count="8" type="stmt"/>
        <line num="53" count="4" type="stmt"/>
        <line num="54" count="4" type="stmt"/>
        <line num="56" count="2" type="stmt"/>
        <line num="57" count="2" type="stmt"/>
        <line num="59" count="3" type="stmt"/>
        <line num="60" count="3" type="stmt"/>
        <line num="64" count="150" type="stmt"/>
        <line num="65" count="3" type="stmt"/>
        <line num="66" count="3" type="stmt"/>
        <line num="67" count="3" type="cond" truecount="1" falsecount="1"/>
        <line num="68" count="0" type="stmt"/>
        <line num="73" count="0" type="stmt"/>
        <line num="74" count="0" type="stmt"/>
        <line num="86" count="0" type="stmt"/>
        <line num="87" count="0" type="stmt"/>
        <line num="88" count="0" type="stmt"/>
        <line num="91" count="0" type="stmt"/>
        <line num="92" count="0" type="stmt"/>
        <line num="93" count="0" type="stmt"/>
        <line num="97" count="150" type="stmt"/>
        <line num="103" count="132" type="stmt"/>
      </file>
    </package>
  </project>
</coverage>
