<?xml version="1.0" encoding="UTF-8"?>
<coverage generated="1628168398718" clover="3.2.0">
  <project timestamp="1628168398718" name="All files">
    <metrics statements="441" coveredstatements="303" conditionals="352" coveredconditionals="246" methods="165" coveredmethods="93" elements="958" coveredelements="642" complexity="0" loc="441" ncloc="441" packages="8" files="23" classes="23"/>
    <package name="NextJs-Website">
      <metrics statements="2" coveredstatements="2" conditionals="4" coveredconditionals="4" methods="0" coveredmethods="0"/>
      <file name="sentry.client.config.js" path="/home/tommy/Documents/Podboxx/NextJs-Website/sentry.client.config.js">
        <metrics statements="2" coveredstatements="2" conditionals="4" coveredconditionals="4" methods="0" coveredmethods="0"/>
        <line num="7" count="9" type="cond" truecount="2" falsecount="0"/>
        <line num="9" count="9" type="stmt"/>
      </file>
    </package>
    <package name="NextJs-Website.components">
      <metrics statements="14" coveredstatements="14" conditionals="26" coveredconditionals="22" methods="7" coveredmethods="7"/>
      <file name="notification.tsx" path="/home/tommy/Documents/Podboxx/NextJs-Website/components/notification.tsx">
        <metrics statements="6" coveredstatements="6" conditionals="12" coveredconditionals="8" methods="2" coveredmethods="2"/>
        <line num="6" count="4" type="stmt"/>
        <line num="7" count="4" type="cond" truecount="2" falsecount="0"/>
        <line num="8" count="4" type="cond" truecount="1" falsecount="1"/>
        <line num="21" count="8" type="stmt"/>
        <line num="22" count="8" type="cond" truecount="2" falsecount="0"/>
        <line num="23" count="8" type="cond" truecount="1" falsecount="1"/>
      </file>
      <file name="post-card.tsx" path="/home/tommy/Documents/Podboxx/NextJs-Website/components/post-card.tsx">
        <metrics statements="8" coveredstatements="8" conditionals="14" coveredconditionals="14" methods="5" coveredmethods="5"/>
        <line num="29" count="6" type="stmt"/>
        <line num="30" count="528" type="stmt"/>
        <line num="31" count="528" type="stmt"/>
        <line num="32" count="8" type="cond" truecount="2" falsecount="0"/>
        <line num="34" count="528" type="stmt"/>
        <line num="59" count="1168" type="cond" truecount="2" falsecount="0"/>
        <line num="60" count="1168" type="stmt"/>
        <line num="62" count="8" type="stmt"/>
      </file>
    </package>
    <package name="NextJs-Website.components.layout">
      <metrics statements="51" coveredstatements="42" conditionals="63" coveredconditionals="57" methods="33" coveredmethods="24"/>
      <file name="footer.tsx" path="/home/tommy/Documents/Podboxx/NextJs-Website/components/layout/footer.tsx">
        <metrics statements="1" coveredstatements="1" conditionals="2" coveredconditionals="1" methods="1" coveredmethods="1"/>
        <line num="2" count="124" type="stmt"/>
      </file>
      <file name="header.tsx" path="/home/tommy/Documents/Podboxx/NextJs-Website/components/layout/header.tsx">
        <metrics statements="39" coveredstatements="30" conditionals="38" coveredconditionals="34" methods="26" coveredmethods="17"/>
        <line num="32" count="186" type="stmt"/>
        <line num="33" count="186" type="stmt"/>
        <line num="34" count="186" type="stmt"/>
        <line num="35" count="186" type="stmt"/>
        <line num="38" count="186" type="stmt"/>
        <line num="39" count="9" type="stmt"/>
        <line num="43" count="186" type="stmt"/>
        <line num="44" count="15" type="stmt"/>
        <line num="48" count="186" type="stmt"/>
        <line num="49" count="15" type="cond" truecount="2" falsecount="0"/>
        <line num="54" count="186" type="stmt"/>
        <line num="55" count="6" type="stmt"/>
        <line num="56" count="6" type="stmt"/>
        <line num="57" count="6" type="cond" truecount="1" falsecount="1"/>
        <line num="58" count="6" type="stmt"/>
        <line num="65" count="744" type="stmt"/>
        <line num="69" count="186" type="stmt"/>
        <line num="70" count="558" type="stmt"/>
        <line num="71" count="666" type="stmt"/>
        <line num="72" count="558" type="stmt"/>
        <line num="76" count="1116" type="stmt"/>
        <line num="78" count="186" type="stmt"/>
        <line num="89" count="0" type="stmt"/>
        <line num="102" count="0" type="stmt"/>
        <line num="106" count="0" type="stmt"/>
        <line num="110" count="0" type="stmt"/>
        <line num="117" count="0" type="stmt"/>
        <line num="119" count="0" type="stmt"/>
        <line num="128" count="558" type="cond" truecount="2" falsecount="0"/>
        <line num="148" count="558" type="stmt"/>
        <line num="151" count="0" type="cond" truecount="0" falsecount="2"/>
        <line num="170" count="558" type="stmt"/>
        <line num="173" count="6" type="cond" truecount="2" falsecount="0"/>
        <line num="193" count="6" type="stmt"/>
        <line num="197" count="0" type="stmt"/>
        <line num="201" count="0" type="stmt"/>
        <line num="207" count="6" type="stmt"/>
        <line num="211" count="6" type="stmt"/>
        <line num="218" count="558" type="cond" truecount="2" falsecount="0"/>
      </file>
      <file name="layout.tsx" path="/home/tommy/Documents/Podboxx/NextJs-Website/components/layout/layout.tsx">
        <metrics statements="9" coveredstatements="9" conditionals="9" coveredconditionals="8" methods="4" coveredmethods="4"/>
        <line num="37" count="210" type="stmt"/>
        <line num="38" count="210" type="stmt"/>
        <line num="40" count="210" type="stmt"/>
        <line num="41" count="21" type="cond" truecount="3" falsecount="0"/>
        <line num="44" count="210" type="stmt"/>
        <line num="45" count="18" type="stmt"/>
        <line num="46" count="9" type="stmt"/>
        <line num="49" count="210" type="cond" truecount="2" falsecount="0"/>
        <line num="50" count="186" type="stmt"/>
      </file>
      <file name="socials.tsx" path="/home/tommy/Documents/Podboxx/NextJs-Website/components/layout/socials.tsx">
        <metrics statements="1" coveredstatements="1" conditionals="8" coveredconditionals="8" methods="1" coveredmethods="1"/>
        <line num="14" count="1736" type="stmt"/>
      </file>
      <file name="user-button.tsx" path="/home/tommy/Documents/Podboxx/NextJs-Website/components/layout/user-button.tsx">
        <metrics statements="1" coveredstatements="1" conditionals="6" coveredconditionals="6" methods="1" coveredmethods="1"/>
        <line num="6" count="1412" type="stmt"/>
      </file>
    </package>
    <package name="NextJs-Website.components.userContext">
      <metrics statements="62" coveredstatements="27" conditionals="26" coveredconditionals="7" methods="10" coveredmethods="4"/>
      <file name="sign_out.tsx" path="/home/tommy/Documents/Podboxx/NextJs-Website/components/userContext/sign_out.tsx">
        <metrics statements="7" coveredstatements="1" conditionals="2" coveredconditionals="0" methods="3" coveredmethods="0"/>
        <line num="4" count="9" type="stmt"/>
        <line num="6" count="0" type="stmt"/>
        <line num="12" count="0" type="cond" truecount="0" falsecount="2"/>
        <line num="13" count="0" type="stmt"/>
        <line num="15" count="0" type="stmt"/>
        <line num="17" count="0" type="stmt"/>
        <line num="18" count="0" type="stmt"/>
      </file>
      <file name="user-context.tsx" path="/home/tommy/Documents/Podboxx/NextJs-Website/components/userContext/user-context.tsx">
        <metrics statements="17" coveredstatements="13" conditionals="11" coveredconditionals="3" methods="6" coveredmethods="3"/>
        <line num="16" count="9" type="stmt"/>
        <line num="25" count="9" type="stmt"/>
        <line num="26" count="130" type="stmt"/>
        <line num="28" count="130" type="stmt"/>
        <line num="30" count="9" type="cond" truecount="1" falsecount="1"/>
        <line num="31" count="9" type="stmt"/>
        <line num="35" count="130" type="stmt"/>
        <line num="36" count="0" type="stmt"/>
        <line num="41" count="0" type="cond" truecount="0" falsecount="2"/>
        <line num="43" count="0" type="stmt"/>
        <line num="46" count="0" type="cond" truecount="0" falsecount="2"/>
        <line num="51" count="130" type="stmt"/>
        <line num="52" count="9" type="cond" truecount="1" falsecount="2"/>
        <line num="54" count="9" type="cond" truecount="1" falsecount="1"/>
        <line num="57" count="130" type="stmt"/>
        <line num="64" count="9" type="stmt"/>
        <line num="65" count="9" type="stmt"/>
      </file>
      <file name="user-reducer.tsx" path="/home/tommy/Documents/Podboxx/NextJs-Website/components/userContext/user-reducer.tsx">
        <metrics statements="38" coveredstatements="13" conditionals="13" coveredconditionals="4" methods="1" coveredmethods="1"/>
        <line num="5" count="42" type="cond" truecount="4" falsecount="9"/>
        <line num="7" count="4" type="stmt"/>
        <line num="8" count="4" type="stmt"/>
        <line num="9" count="4" type="stmt"/>
        <line num="18" count="0" type="stmt"/>
        <line num="19" count="0" type="stmt"/>
        <line num="20" count="0" type="stmt"/>
        <line num="29" count="0" type="stmt"/>
        <line num="30" count="0" type="stmt"/>
        <line num="31" count="0" type="stmt"/>
        <line num="40" count="0" type="stmt"/>
        <line num="41" count="0" type="stmt"/>
        <line num="42" count="0" type="stmt"/>
        <line num="51" count="0" type="stmt"/>
        <line num="52" count="0" type="stmt"/>
        <line num="53" count="0" type="stmt"/>
        <line num="61" count="4" type="stmt"/>
        <line num="62" count="4" type="stmt"/>
        <line num="63" count="4" type="stmt"/>
        <line num="71" count="0" type="stmt"/>
        <line num="72" count="0" type="stmt"/>
        <line num="73" count="0" type="stmt"/>
        <line num="81" count="0" type="stmt"/>
        <line num="82" count="0" type="stmt"/>
        <line num="83" count="0" type="stmt"/>
        <line num="91" count="12" type="stmt"/>
        <line num="92" count="12" type="stmt"/>
        <line num="93" count="12" type="stmt"/>
        <line num="99" count="22" type="stmt"/>
        <line num="100" count="22" type="stmt"/>
        <line num="101" count="22" type="stmt"/>
        <line num="107" count="0" type="stmt"/>
        <line num="108" count="0" type="stmt"/>
        <line num="109" count="0" type="stmt"/>
        <line num="119" count="0" type="stmt"/>
        <line num="128" count="0" type="stmt"/>
        <line num="131" count="0" type="stmt"/>
        <line num="132" count="0" type="stmt"/>
      </file>
    </package>
    <package name="NextJs-Website.components.userForms">
      <metrics statements="76" coveredstatements="54" conditionals="54" coveredconditionals="37" methods="28" coveredmethods="15"/>
      <file name="edit-password.tsx" path="/home/tommy/Documents/Podboxx/NextJs-Website/components/userForms/edit-password.tsx">
        <metrics statements="42" coveredstatements="41" conditionals="26" coveredconditionals="25" methods="12" coveredmethods="11"/>
        <line num="10" count="304" type="stmt"/>
        <line num="11" count="304" type="stmt"/>
        <line num="12" count="304" type="stmt"/>
        <line num="13" count="304" type="stmt"/>
        <line num="14" count="304" type="stmt"/>
        <line num="15" count="304" type="stmt"/>
        <line num="21" count="304" type="stmt"/>
        <line num="22" count="240" type="stmt"/>
        <line num="25" count="304" type="stmt"/>
        <line num="26" count="12" type="stmt"/>
        <line num="27" count="12" type="stmt"/>
        <line num="28" count="12" type="cond" truecount="2" falsecount="0"/>
        <line num="29" count="4" type="stmt"/>
        <line num="34" count="4" type="stmt"/>
        <line num="35" count="4" type="stmt"/>
        <line num="42" count="0" type="stmt"/>
        <line num="46" count="4" type="stmt"/>
        <line num="47" count="4" type="stmt"/>
        <line num="51" count="304" type="stmt"/>
        <line num="52" count="52" type="stmt"/>
        <line num="53" count="52" type="stmt"/>
        <line num="60" count="52" type="cond" truecount="4" falsecount="0"/>
        <line num="62" count="20" type="stmt"/>
        <line num="63" count="20" type="stmt"/>
        <line num="65" count="16" type="stmt"/>
        <line num="66" count="16" type="stmt"/>
        <line num="68" count="8" type="stmt"/>
        <line num="69" count="8" type="stmt"/>
        <line num="71" count="8" type="stmt"/>
        <line num="72" count="8" type="stmt"/>
        <line num="76" count="304" type="stmt"/>
        <line num="77" count="12" type="stmt"/>
        <line num="78" count="12" type="cond" truecount="2" falsecount="0"/>
        <line num="79" count="12" type="cond" truecount="1" falsecount="1"/>
        <line num="80" count="12" type="cond" truecount="2" falsecount="0"/>
        <line num="81" count="12" type="stmt"/>
        <line num="82" count="12" type="stmt"/>
        <line num="85" count="304" type="stmt"/>
        <line num="89" count="344" type="stmt"/>
        <line num="100" count="16" type="stmt"/>
        <line num="104" count="52" type="stmt"/>
        <line num="113" count="52" type="stmt"/>
      </file>
      <file name="edit-profile.tsx" path="/home/tommy/Documents/Podboxx/NextJs-Website/components/userForms/edit-profile.tsx">
        <metrics statements="34" coveredstatements="13" conditionals="28" coveredconditionals="12" methods="16" coveredmethods="4"/>
        <line num="13" count="48" type="stmt"/>
        <line num="14" count="48" type="stmt"/>
        <line num="15" count="48" type="stmt"/>
        <line num="16" count="48" type="stmt"/>
        <line num="17" count="48" type="stmt"/>
        <line num="19" count="48" type="stmt"/>
        <line num="20" count="4" type="stmt"/>
        <line num="23" count="48" type="stmt"/>
        <line num="24" count="0" type="stmt"/>
        <line num="27" count="48" type="stmt"/>
        <line num="28" count="0" type="stmt"/>
        <line num="29" count="0" type="cond" truecount="0" falsecount="2"/>
        <line num="30" count="0" type="stmt"/>
        <line num="31" count="0" type="stmt"/>
        <line num="43" count="0" type="stmt"/>
        <line num="44" count="0" type="stmt"/>
        <line num="45" count="0" type="stmt"/>
        <line num="48" count="48" type="stmt"/>
        <line num="49" count="0" type="stmt"/>
        <line num="50" count="0" type="cond" truecount="0" falsecount="2"/>
        <line num="51" count="0" type="cond" truecount="0" falsecount="2"/>
        <line num="52" count="0" type="cond" truecount="0" falsecount="2"/>
        <line num="53" count="0" type="cond" truecount="0" falsecount="2"/>
        <line num="54" count="0" type="cond" truecount="0" falsecount="2"/>
        <line num="55" count="0" type="stmt"/>
        <line num="56" count="0" type="stmt"/>
        <line num="59" count="48" type="stmt"/>
        <line num="63" count="0" type="stmt"/>
        <line num="72" count="0" type="stmt"/>
        <line num="81" count="0" type="stmt"/>
        <line num="91" count="0" type="stmt"/>
        <line num="95" count="4" type="stmt"/>
        <line num="102" count="0" type="stmt"/>
        <line num="106" count="4" type="stmt"/>
      </file>
    </package>
    <package name="NextJs-Website.libs">
      <metrics statements="39" coveredstatements="35" conditionals="26" coveredconditionals="20" methods="13" coveredmethods="9"/>
      <file name="fetcher.ts" path="/home/tommy/Documents/Podboxx/NextJs-Website/libs/fetcher.ts">
        <metrics statements="6" coveredstatements="4" conditionals="13" coveredconditionals="12" methods="1" coveredmethods="1"/>
        <line num="6" count="33" type="stmt"/>
        <line num="7" count="33" type="stmt"/>
        <line num="16" count="30" type="cond" truecount="1" falsecount="1"/>
        <line num="17" count="0" type="stmt"/>
        <line num="18" count="0" type="stmt"/>
        <line num="21" count="30" type="stmt"/>
      </file>
      <file name="useBreakpoints.ts" path="/home/tommy/Documents/Podboxx/NextJs-Website/libs/useBreakpoints.ts">
        <metrics statements="6" coveredstatements="6" conditionals="8" coveredconditionals="5" methods="1" coveredmethods="1"/>
        <line num="10" count="24" type="stmt"/>
        <line num="17" count="24" type="cond" truecount="1" falsecount="1"/>
        <line num="18" count="24" type="cond" truecount="1" falsecount="1"/>
        <line num="19" count="24" type="cond" truecount="2" falsecount="0"/>
        <line num="20" count="24" type="cond" truecount="1" falsecount="1"/>
        <line num="21" count="24" type="stmt"/>
      </file>
      <file name="useMediaQuery.ts" path="/home/tommy/Documents/Podboxx/NextJs-Website/libs/useMediaQuery.ts">
        <metrics statements="8" coveredstatements="8" conditionals="0" coveredconditionals="0" methods="4" coveredmethods="2"/>
        <line num="10" count="96" type="stmt"/>
        <line num="11" count="96" type="stmt"/>
        <line num="13" count="16" type="stmt"/>
        <line num="14" count="16" type="stmt"/>
        <line num="15" count="16" type="stmt"/>
        <line num="16" count="16" type="stmt"/>
        <line num="17" count="16" type="stmt"/>
        <line num="21" count="96" type="stmt"/>
      </file>
      <file name="useTimeoutFn.ts" path="/home/tommy/Documents/Podboxx/NextJs-Website/libs/useTimeoutFn.ts">
        <metrics statements="19" coveredstatements="17" conditionals="5" coveredconditionals="3" methods="7" coveredmethods="5"/>
        <line num="6" count="56" type="stmt"/>
        <line num="7" count="56" type="stmt"/>
        <line num="8" count="56" type="stmt"/>
        <line num="10" count="56" type="stmt"/>
        <line num="12" count="56" type="stmt"/>
        <line num="13" count="8" type="stmt"/>
        <line num="14" count="8" type="cond" truecount="1" falsecount="1"/>
        <line num="16" count="8" type="stmt"/>
        <line num="17" count="0" type="stmt"/>
        <line num="18" count="0" type="stmt"/>
        <line num="22" count="56" type="stmt"/>
        <line num="23" count="12" type="stmt"/>
        <line num="24" count="12" type="cond" truecount="2" falsecount="0"/>
        <line num="28" count="56" type="stmt"/>
        <line num="29" count="26" type="stmt"/>
        <line num="33" count="56" type="stmt"/>
        <line num="34" count="8" type="stmt"/>
        <line num="36" count="8" type="stmt"/>
        <line num="39" count="56" type="stmt"/>
      </file>
    </package>
    <package name="NextJs-Website.pages">
      <metrics statements="38" coveredstatements="35" conditionals="38" coveredconditionals="26" methods="15" coveredmethods="11"/>
      <file name="_app.js" path="/home/tommy/Documents/Podboxx/NextJs-Website/pages/_app.js">
        <metrics statements="8" coveredstatements="8" conditionals="2" coveredconditionals="1" methods="5" coveredmethods="4"/>
        <line num="8" count="24" type="stmt"/>
        <line num="9" count="24" type="stmt"/>
        <line num="10" count="9" type="stmt"/>
        <line num="13" count="66" type="stmt"/>
        <line num="22" count="9" type="stmt"/>
        <line num="23" count="24" type="stmt"/>
        <line num="24" count="24" type="cond" truecount="1" falsecount="1"/>
        <line num="25" count="24" type="stmt"/>
      </file>
      <file name="index.tsx" path="/home/tommy/Documents/Podboxx/NextJs-Website/pages/index.tsx">
        <metrics statements="30" coveredstatements="27" conditionals="36" coveredconditionals="25" methods="10" coveredmethods="7"/>
        <line num="27" count="8" type="stmt"/>
        <line num="28" count="216" type="stmt"/>
        <line num="29" count="216" type="stmt"/>
        <line num="30" count="216" type="stmt"/>
        <line num="31" count="216" type="stmt"/>
        <line num="32" count="216" type="stmt"/>
        <line num="33" count="216" type="cond" truecount="2" falsecount="0"/>
        <line num="34" count="216" type="stmt"/>
        <line num="35" count="216" type="cond" truecount="2" falsecount="0"/>
        <line num="38" count="0" type="cond" truecount="0" falsecount="2"/>
        <line num="42" count="216" type="stmt"/>
        <line num="44" count="42" type="cond" truecount="2" falsecount="0"/>
        <line num="46" count="42" type="cond" truecount="2" falsecount="0"/>
        <line num="48" count="42" type="cond" truecount="2" falsecount="0"/>
        <line num="50" count="42" type="stmt"/>
        <line num="52" count="42" type="cond" truecount="2" falsecount="0"/>
        <line num="55" count="216" type="stmt"/>
        <line num="57" count="12" type="cond" truecount="2" falsecount="0"/>
        <line num="60" count="216" type="stmt"/>
        <line num="61" count="6" type="stmt"/>
        <line num="63" count="216" type="stmt"/>
        <line num="64" count="6" type="stmt"/>
        <line num="67" count="216" type="cond" truecount="2" falsecount="2"/>
        <line num="73" count="0" type="cond" truecount="0" falsecount="2"/>
        <line num="77" count="216" type="cond" truecount="1" falsecount="1"/>
        <line num="79" count="216" type="cond" truecount="2" falsecount="0"/>
        <line num="80" count="120" type="cond" truecount="1" falsecount="1"/>
        <line num="82" count="120" type="stmt"/>
        <line num="87" count="792" type="stmt"/>
        <line num="111" count="0" type="stmt"/>
      </file>
    </package>
    <package name="NextJs-Website.pages.user">
      <metrics statements="159" coveredstatements="94" conditionals="115" coveredconditionals="73" methods="59" coveredmethods="23"/>
      <file name="login.tsx" path="/home/tommy/Documents/Podboxx/NextJs-Website/pages/user/login.tsx">
        <metrics statements="20" coveredstatements="20" conditionals="4" coveredconditionals="4" methods="6" coveredmethods="6"/>
        <line num="7" count="4" type="stmt"/>
        <line num="8" count="344" type="stmt"/>
        <line num="9" count="344" type="stmt"/>
        <line num="10" count="344" type="stmt"/>
        <line num="11" count="344" type="stmt"/>
        <line num="16" count="344" type="stmt"/>
        <line num="17" count="144" type="stmt"/>
        <line num="18" count="284" type="stmt"/>
        <line num="21" count="344" type="stmt"/>
        <line num="22" count="8" type="stmt"/>
        <line num="23" count="8" type="stmt"/>
        <line num="24" count="8" type="stmt"/>
        <line num="29" count="8" type="stmt"/>
        <line num="30" count="8" type="stmt"/>
        <line num="33" count="4" type="stmt"/>
        <line num="34" count="4" type="stmt"/>
        <line num="35" count="4" type="stmt"/>
        <line num="38" count="4" type="stmt"/>
        <line num="39" count="4" type="stmt"/>
        <line num="43" count="344" type="stmt"/>
      </file>
      <file name="profile.tsx" path="/home/tommy/Documents/Podboxx/NextJs-Website/pages/user/profile.tsx">
        <metrics statements="14" coveredstatements="12" conditionals="16" coveredconditionals="10" methods="5" coveredmethods="3"/>
        <line num="12" count="4" type="stmt"/>
        <line num="13" count="32" type="stmt"/>
        <line num="14" count="32" type="stmt"/>
        <line num="15" count="32" type="stmt"/>
        <line num="16" count="32" type="cond" truecount="1" falsecount="1"/>
        <line num="18" count="0" type="cond" truecount="0" falsecount="2"/>
        <line num="22" count="32" type="stmt"/>
        <line num="23" count="4" type="cond" truecount="1" falsecount="1"/>
        <line num="27" count="24" type="stmt"/>
        <line num="28" count="24" type="cond" truecount="1" falsecount="1"/>
        <line num="29" count="24" type="cond" truecount="1" falsecount="1"/>
        <line num="30" count="0" type="stmt"/>
        <line num="33" count="32" type="cond" truecount="4" falsecount="0"/>
        <line num="34" count="24" type="stmt"/>
      </file>
      <file name="register.tsx" path="/home/tommy/Documents/Podboxx/NextJs-Website/pages/user/register.tsx">
        <metrics statements="47" coveredstatements="38" conditionals="28" coveredconditionals="26" methods="9" coveredmethods="7"/>
        <line num="8" count="10" type="stmt"/>
        <line num="9" count="450" type="stmt"/>
        <line num="10" count="450" type="stmt"/>
        <line num="11" count="450" type="stmt"/>
        <line num="12" count="450" type="stmt"/>
        <line num="13" count="450" type="stmt"/>
        <line num="14" count="450" type="stmt"/>
        <line num="22" count="450" type="stmt"/>
        <line num="23" count="9" type="stmt"/>
        <line num="24" count="9" type="cond" truecount="2" falsecount="0"/>
        <line num="25" count="9" type="cond" truecount="2" falsecount="0"/>
        <line num="26" count="9" type="cond" truecount="2" falsecount="0"/>
        <line num="27" count="9" type="cond" truecount="2" falsecount="0"/>
        <line num="28" count="9" type="cond" truecount="2" falsecount="0"/>
        <line num="29" count="9" type="cond" truecount="2" falsecount="0"/>
        <line num="30" count="9" type="cond" truecount="2" falsecount="0"/>
        <line num="31" count="9" type="stmt"/>
        <line num="32" count="9" type="stmt"/>
        <line num="35" count="450" type="stmt"/>
        <line num="36" count="408" type="stmt"/>
        <line num="39" count="450" type="stmt"/>
        <line num="40" count="51" type="stmt"/>
        <line num="41" count="51" type="stmt"/>
        <line num="48" count="51" type="cond" truecount="4" falsecount="0"/>
        <line num="50" count="24" type="stmt"/>
        <line num="51" count="24" type="stmt"/>
        <line num="53" count="12" type="stmt"/>
        <line num="54" count="12" type="stmt"/>
        <line num="56" count="6" type="stmt"/>
        <line num="57" count="6" type="stmt"/>
        <line num="59" count="9" type="stmt"/>
        <line num="60" count="9" type="stmt"/>
        <line num="64" count="450" type="stmt"/>
        <line num="65" count="9" type="stmt"/>
        <line num="66" count="9" type="stmt"/>
        <line num="67" count="9" type="cond" truecount="1" falsecount="1"/>
        <line num="68" count="0" type="stmt"/>
        <line num="73" count="0" type="stmt"/>
        <line num="74" count="0" type="stmt"/>
        <line num="86" count="0" type="stmt"/>
        <line num="87" count="0" type="stmt"/>
        <line num="88" count="0" type="stmt"/>
        <line num="91" count="0" type="stmt"/>
        <line num="92" count="0" type="stmt"/>
        <line num="93" count="0" type="stmt"/>
        <line num="97" count="450" type="stmt"/>
        <line num="103" count="396" type="stmt"/>
      </file>
      <file name="subscriptions.tsx" path="/home/tommy/Documents/Podboxx/NextJs-Website/pages/user/subscriptions.tsx">
        <metrics statements="78" coveredstatements="24" conditionals="67" coveredconditionals="33" methods="39" coveredmethods="7"/>
        <line num="40" count="4" type="stmt"/>
        <line num="41" count="24" type="stmt"/>
        <line num="42" count="24" type="stmt"/>
        <line num="43" count="24" type="stmt"/>
        <line num="44" count="24" type="stmt"/>
        <line num="45" count="24" type="stmt"/>
        <line num="46" count="24" type="stmt"/>
        <line num="47" count="24" type="stmt"/>
        <line num="49" count="0" type="cond" truecount="0" falsecount="2"/>
        <line num="53" count="24" type="stmt"/>
        <line num="54" count="4" type="cond" truecount="1" falsecount="1"/>
        <line num="55" count="4" type="cond" truecount="3" falsecount="1"/>
        <line num="58" count="24" type="stmt"/>
        <line num="59" count="4" type="cond" truecount="2" falsecount="0"/>
        <line num="60" count="0" type="cond" truecount="0" falsecount="2"/>
        <line num="63" count="24" type="stmt"/>
        <line num="64" count="4" type="stmt"/>
        <line num="67" count="24" type="stmt"/>
        <line num="68" count="0" type="stmt"/>
        <line num="69" count="0" type="stmt"/>
        <line num="76" count="0" type="cond" truecount="0" falsecount="2"/>
        <line num="77" count="0" type="stmt"/>
        <line num="78" count="0" type="stmt"/>
        <line num="82" count="24" type="stmt"/>
        <line num="83" count="0" type="stmt"/>
        <line num="84" count="0" type="stmt"/>
        <line num="85" count="0" type="stmt"/>
        <line num="86" count="0" type="cond" truecount="0" falsecount="2"/>
        <line num="87" count="0" type="cond" truecount="0" falsecount="2"/>
        <line num="88" count="0" type="stmt"/>
        <line num="95" count="0" type="stmt"/>
        <line num="96" count="0" type="stmt"/>
        <line num="97" count="0" type="stmt"/>
        <line num="99" count="0" type="stmt"/>
        <line num="106" count="0" type="stmt"/>
        <line num="107" count="0" type="stmt"/>
        <line num="108" count="0" type="stmt"/>
        <line num="113" count="24" type="stmt"/>
        <line num="114" count="0" type="stmt"/>
        <line num="115" count="0" type="stmt"/>
        <line num="116" count="0" type="cond" truecount="0" falsecount="2"/>
        <line num="117" count="0" type="stmt"/>
        <line num="125" count="0" type="stmt"/>
        <line num="126" count="0" type="stmt"/>
        <line num="127" count="0" type="stmt"/>
        <line num="130" count="24" type="stmt"/>
        <line num="131" count="0" type="stmt"/>
        <line num="132" count="0" type="stmt"/>
        <line num="133" count="0" type="stmt"/>
        <line num="140" count="0" type="stmt"/>
        <line num="141" count="0" type="stmt"/>
        <line num="142" count="0" type="stmt"/>
        <line num="145" count="24" type="stmt"/>
        <line num="146" count="0" type="stmt"/>
        <line num="149" count="0" type="cond" truecount="0" falsecount="2"/>
        <line num="150" count="0" type="stmt"/>
        <line num="151" count="0" type="stmt"/>
        <line num="153" count="0" type="stmt"/>
        <line num="157" count="24" type="stmt"/>
        <line num="158" count="0" type="stmt"/>
        <line num="192" count="0" type="stmt"/>
        <line num="193" count="0" type="stmt"/>
        <line num="194" count="0" type="stmt"/>
        <line num="195" count="0" type="stmt"/>
        <line num="196" count="0" type="cond" truecount="0" falsecount="2"/>
        <line num="197" count="0" type="cond" truecount="0" falsecount="2"/>
        <line num="198" count="0" type="stmt"/>
        <line num="199" count="0" type="stmt"/>
        <line num="201" count="0" type="stmt"/>
        <line num="202" count="0" type="stmt"/>
        <line num="203" count="0" type="stmt"/>
        <line num="204" count="0" type="stmt"/>
        <line num="207" count="0" type="stmt"/>
        <line num="211" count="24" type="cond" truecount="3" falsecount="1"/>
        <line num="213" count="24" type="stmt"/>
        <line num="234" count="0" type="stmt"/>
        <line num="276" count="24" type="stmt"/>
        <line num="302" count="0" type="cond" truecount="1" falsecount="1"/>
      </file>
    </package>
  </project>
</coverage>
