{"total": {"lines":{"total":441,"covered":303,"skipped":0,"pct":68.71},"statements":{"total":487,"covered":325,"skipped":0,"pct":66.74},"functions":{"total":165,"covered":93,"skipped":0,"pct":56.36},"branches":{"total":352,"covered":246,"skipped":0,"pct":69.89}}
,"/home/tommy/Documents/Podboxx/NextJs-Website/sentry.client.config.js": {"lines":{"total":2,"covered":2,"skipped":0,"pct":100},"functions":{"total":0,"covered":0,"skipped":0,"pct":100},"statements":{"total":2,"covered":2,"skipped":0,"pct":100},"branches":{"total":4,"covered":4,"skipped":0,"pct":100}}
,"/home/tommy/Documents/Podboxx/NextJs-Website/components/notification.tsx": {"lines":{"total":6,"covered":6,"skipped":0,"pct":100},"functions":{"total":2,"covered":2,"skipped":0,"pct":100},"statements":{"total":6,"covered":6,"skipped":0,"pct":100},"branches":{"total":12,"covered":8,"skipped":0,"pct":66.67}}
,"/home/tommy/Documents/Podboxx/NextJs-Website/components/post-card.tsx": {"lines":{"total":8,"covered":8,"skipped":0,"pct":100},"functions":{"total":5,"covered":5,"skipped":0,"pct":100},"statements":{"total":8,"covered":8,"skipped":0,"pct":100},"branches":{"total":14,"covered":14,"skipped":0,"pct":100}}
,"/home/tommy/Documents/Podboxx/NextJs-Website/components/layout/footer.tsx": {"lines":{"total":1,"covered":1,"skipped":0,"pct":100},"functions":{"total":1,"covered":1,"skipped":0,"pct":100},"statements":{"total":1,"covered":1,"skipped":0,"pct":100},"branches":{"total":2,"covered":1,"skipped":0,"pct":50}}
,"/home/tommy/Documents/Podboxx/NextJs-Website/components/layout/header.tsx": {"lines":{"total":39,"covered":30,"skipped":0,"pct":76.92},"functions":{"total":26,"covered":17,"skipped":0,"pct":65.38},"statements":{"total":42,"covered":33,"skipped":0,"pct":78.57},"branches":{"total":38,"covered":34,"skipped":0,"pct":89.47}}
,"/home/tommy/Documents/Podboxx/NextJs-Website/components/layout/layout.tsx": {"lines":{"total":9,"covered":9,"skipped":0,"pct":100},"functions":{"total":4,"covered":4,"skipped":0,"pct":100},"statements":{"total":11,"covered":11,"skipped":0,"pct":100},"branches":{"total":9,"covered":8,"skipped":0,"pct":88.89}}
,"/home/tommy/Documents/Podboxx/NextJs-Website/components/layout/socials.tsx": {"lines":{"total":1,"covered":1,"skipped":0,"pct":100},"functions":{"total":1,"covered":1,"skipped":0,"pct":100},"statements":{"total":1,"covered":1,"skipped":0,"pct":100},"branches":{"total":8,"covered":8,"skipped":0,"pct":100}}
,"/home/tommy/Documents/Podboxx/NextJs-Website/components/layout/user-button.tsx": {"lines":{"total":1,"covered":1,"skipped":0,"pct":100},"functions":{"total":1,"covered":1,"skipped":0,"pct":100},"statements":{"total":1,"covered":1,"skipped":0,"pct":100},"branches":{"total":6,"covered":6,"skipped":0,"pct":100}}
,"/home/tommy/Documents/Podboxx/NextJs-Website/components/userContext/sign_out.tsx": {"lines":{"total":7,"covered":1,"skipped":0,"pct":14.29},"functions":{"total":3,"covered":0,"skipped":0,"pct":0},"statements":{"total":7,"covered":1,"skipped":0,"pct":14.29},"branches":{"total":2,"covered":0,"skipped":0,"pct":0}}
,"/home/tommy/Documents/Podboxx/NextJs-Website/components/userContext/user-context.tsx": {"lines":{"total":17,"covered":13,"skipped":0,"pct":76.47},"functions":{"total":6,"covered":3,"skipped":0,"pct":50},"statements":{"total":18,"covered":13,"skipped":0,"pct":72.22},"branches":{"total":11,"covered":3,"skipped":0,"pct":27.27}}
,"/home/tommy/Documents/Podboxx/NextJs-Website/components/userContext/user-reducer.tsx": {"lines":{"total":38,"covered":13,"skipped":0,"pct":34.21},"functions":{"total":1,"covered":1,"skipped":0,"pct":100},"statements":{"total":38,"covered":13,"skipped":0,"pct":34.21},"branches":{"total":13,"covered":4,"skipped":0,"pct":30.77}}
,"/home/tommy/Documents/Podboxx/NextJs-Website/components/userForms/edit-password.tsx": {"lines":{"total":42,"covered":41,"skipped":0,"pct":97.62},"functions":{"total":12,"covered":11,"skipped":0,"pct":91.67},"statements":{"total":44,"covered":43,"skipped":0,"pct":97.73},"branches":{"total":26,"covered":25,"skipped":0,"pct":96.15}}
,"/home/tommy/Documents/Podboxx/NextJs-Website/components/userForms/edit-profile.tsx": {"lines":{"total":34,"covered":13,"skipped":0,"pct":38.24},"functions":{"total":16,"covered":4,"skipped":0,"pct":25},"statements":{"total":36,"covered":13,"skipped":0,"pct":36.11},"branches":{"total":28,"covered":12,"skipped":0,"pct":42.86}}
,"/home/tommy/Documents/Podboxx/NextJs-Website/libs/fetcher.ts": {"lines":{"total":6,"covered":4,"skipped":0,"pct":66.67},"functions":{"total":1,"covered":1,"skipped":0,"pct":100},"statements":{"total":6,"covered":4,"skipped":0,"pct":66.67},"branches":{"total":13,"covered":12,"skipped":0,"pct":92.31}}
,"/home/tommy/Documents/Podboxx/NextJs-Website/libs/useBreakpoints.ts": {"lines":{"total":6,"covered":6,"skipped":0,"pct":100},"functions":{"total":1,"covered":1,"skipped":0,"pct":100},"statements":{"total":10,"covered":7,"skipped":0,"pct":70},"branches":{"total":8,"covered":5,"skipped":0,"pct":62.5}}
,"/home/tommy/Documents/Podboxx/NextJs-Website/libs/useMediaQuery.ts": {"lines":{"total":8,"covered":8,"skipped":0,"pct":100},"functions":{"total":4,"covered":2,"skipped":0,"pct":50},"statements":{"total":10,"covered":8,"skipped":0,"pct":80},"branches":{"total":0,"covered":0,"skipped":0,"pct":100}}
,"/home/tommy/Documents/Podboxx/NextJs-Website/libs/useTimeoutFn.ts": {"lines":{"total":19,"covered":17,"skipped":0,"pct":89.47},"functions":{"total":7,"covered":5,"skipped":0,"pct":71.43},"statements":{"total":20,"covered":17,"skipped":0,"pct":85},"branches":{"total":5,"covered":3,"skipped":0,"pct":60}}
,"/home/tommy/Documents/Podboxx/NextJs-Website/pages/_app.js": {"lines":{"total":8,"covered":8,"skipped":0,"pct":100},"functions":{"total":5,"covered":4,"skipped":0,"pct":80},"statements":{"total":12,"covered":10,"skipped":0,"pct":83.33},"branches":{"total":2,"covered":1,"skipped":0,"pct":50}}
,"/home/tommy/Documents/Podboxx/NextJs-Website/pages/index.tsx": {"lines":{"total":30,"covered":27,"skipped":0,"pct":90},"functions":{"total":10,"covered":7,"skipped":0,"pct":70},"statements":{"total":36,"covered":29,"skipped":0,"pct":80.56},"branches":{"total":36,"covered":25,"skipped":0,"pct":69.44}}
,"/home/tommy/Documents/Podboxx/NextJs-Website/pages/user/login.tsx": {"lines":{"total":20,"covered":20,"skipped":0,"pct":100},"functions":{"total":6,"covered":6,"skipped":0,"pct":100},"statements":{"total":21,"covered":21,"skipped":0,"pct":100},"branches":{"total":4,"covered":4,"skipped":0,"pct":100}}
,"/home/tommy/Documents/Podboxx/NextJs-Website/pages/user/profile.tsx": {"lines":{"total":14,"covered":12,"skipped":0,"pct":85.71},"functions":{"total":5,"covered":3,"skipped":0,"pct":60},"statements":{"total":20,"covered":15,"skipped":0,"pct":75},"branches":{"total":16,"covered":10,"skipped":0,"pct":62.5}}
,"/home/tommy/Documents/Podboxx/NextJs-Website/pages/user/register.tsx": {"lines":{"total":47,"covered":38,"skipped":0,"pct":80.85},"functions":{"total":9,"covered":7,"skipped":0,"pct":77.78},"statements":{"total":49,"covered":40,"skipped":0,"pct":81.63},"branches":{"total":28,"covered":26,"skipped":0,"pct":92.86}}
,"/home/tommy/Documents/Podboxx/NextJs-Website/pages/user/subscriptions.tsx": {"lines":{"total":78,"covered":24,"skipped":0,"pct":30.77},"functions":{"total":39,"covered":7,"skipped":0,"pct":17.95},"statements":{"total":88,"covered":28,"skipped":0,"pct":31.82},"branches":{"total":67,"covered":33,"skipped":0,"pct":49.25}}
}
