{"/home/tommy/Documents/Podboxx/NextJs-Website/components/layout/header.tsx": {"path":"/home/tommy/Documents/Podboxx/NextJs-Website/components/layout/header.tsx","statementMap":{"0":{"start":{"line":32,"column":19},"end":{"line":32,"column":30}},"1":{"start":{"line":33,"column":38},"end":{"line":33,"column":68}},"2":{"start":{"line":34,"column":36},"end":{"line":34,"column":64}},"3":{"start":{"line":35,"column":48},"end":{"line":35,"column":75}},"4":{"start":{"line":38,"column":4},"end":{"line":40,"column":10}},"5":{"start":{"line":39,"column":8},"end":{"line":39,"column":44}},"6":{"start":{"line":43,"column":4},"end":{"line":45,"column":28}},"7":{"start":{"line":44,"column":8},"end":{"line":44,"column":39}},"8":{"start":{"line":48,"column":4},"end":{"line":50,"column":27}},"9":{"start":{"line":49,"column":8},"end":{"line":49,"column":109}},"10":{"start":{"line":54,"column":32},"end":{"line":62,"column":5}},"11":{"start":{"line":55,"column":8},"end":{"line":55,"column":44}},"12":{"start":{"line":56,"column":8},"end":{"line":56,"column":70}},"13":{"start":{"line":57,"column":8},"end":{"line":57,"column":103}},"14":{"start":{"line":58,"column":8},"end":{"line":61,"column":22}},"15":{"start":{"line":65,"column":34},"end":{"line":65,"column":73}},"16":{"start":{"line":65,"column":41},"end":{"line":65,"column":73}},"17":{"start":{"line":69,"column":30},"end":{"line":73,"column":5}},"18":{"start":{"line":70,"column":24},"end":{"line":70,"column":56}},"19":{"start":{"line":71,"column":22},"end":{"line":71,"column":87}},"20":{"start":{"line":71,"column":55},"end":{"line":71,"column":86}},"21":{"start":{"line":72,"column":8},"end":{"line":72,"column":45}},"22":{"start":{"line":76,"column":27},"end":{"line":76,"column":79}},"23":{"start":{"line":76,"column":35},"end":{"line":76,"column":79}},"24":{"start":{"line":78,"column":4},"end":{"line":237,"column":6}},"25":{"start":{"line":89,"column":51},"end":{"line":89,"column":70}},"26":{"start":{"line":102,"column":71},"end":{"line":102,"column":99}},"27":{"start":{"line":106,"column":71},"end":{"line":106,"column":105}},"28":{"start":{"line":110,"column":71},"end":{"line":110,"column":111}},"29":{"start":{"line":117,"column":63},"end":{"line":117,"column":89}},"30":{"start":{"line":119,"column":63},"end":{"line":119,"column":92}},"31":{"start":{"line":128,"column":72},"end":{"line":128,"column":89}},"32":{"start":{"line":148,"column":36},"end":{"line":156,"column":41}},"33":{"start":{"line":151,"column":63},"end":{"line":151,"column":194}},"34":{"start":{"line":170,"column":36},"end":{"line":178,"column":41}},"35":{"start":{"line":173,"column":63},"end":{"line":173,"column":194}},"36":{"start":{"line":193,"column":75},"end":{"line":193,"column":103}},"37":{"start":{"line":197,"column":75},"end":{"line":197,"column":109}},"38":{"start":{"line":201,"column":75},"end":{"line":201,"column":115}},"39":{"start":{"line":207,"column":75},"end":{"line":207,"column":101}},"40":{"start":{"line":211,"column":75},"end":{"line":211,"column":104}},"41":{"start":{"line":218,"column":80},"end":{"line":218,"column":97}}},"fnMap":{"0":{"name":"Header","decl":{"start":{"line":31,"column":24},"end":{"line":31,"column":30}},"loc":{"start":{"line":31,"column":43},"end":{"line":238,"column":1}},"line":31},"1":{"name":"(anonymous_1)","decl":{"start":{"line":38,"column":14},"end":{"line":38,"column":15}},"loc":{"start":{"line":38,"column":20},"end":{"line":40,"column":5}},"line":38},"2":{"name":"(anonymous_2)","decl":{"start":{"line":43,"column":14},"end":{"line":43,"column":15}},"loc":{"start":{"line":43,"column":20},"end":{"line":45,"column":5}},"line":43},"3":{"name":"(anonymous_3)","decl":{"start":{"line":48,"column":14},"end":{"line":48,"column":15}},"loc":{"start":{"line":48,"column":20},"end":{"line":50,"column":5}},"line":48},"4":{"name":"(anonymous_4)","decl":{"start":{"line":54,"column":32},"end":{"line":54,"column":33}},"loc":{"start":{"line":54,"column":67},"end":{"line":62,"column":5}},"line":54},"5":{"name":"(anonymous_5)","decl":{"start":{"line":65,"column":34},"end":{"line":65,"column":35}},"loc":{"start":{"line":65,"column":41},"end":{"line":65,"column":73}},"line":65},"6":{"name":"(anonymous_6)","decl":{"start":{"line":69,"column":30},"end":{"line":69,"column":31}},"loc":{"start":{"line":69,"column":36},"end":{"line":73,"column":5}},"line":69},"7":{"name":"(anonymous_7)","decl":{"start":{"line":71,"column":50},"end":{"line":71,"column":51}},"loc":{"start":{"line":71,"column":55},"end":{"line":71,"column":86}},"line":71},"8":{"name":"(anonymous_8)","decl":{"start":{"line":76,"column":27},"end":{"line":76,"column":28}},"loc":{"start":{"line":76,"column":35},"end":{"line":76,"column":79}},"line":76},"9":{"name":"(anonymous_9)","decl":{"start":{"line":89,"column":45},"end":{"line":89,"column":46}},"loc":{"start":{"line":89,"column":51},"end":{"line":89,"column":70}},"line":89},"10":{"name":"(anonymous_10)","decl":{"start":{"line":102,"column":65},"end":{"line":102,"column":66}},"loc":{"start":{"line":102,"column":71},"end":{"line":102,"column":99}},"line":102},"11":{"name":"(anonymous_11)","decl":{"start":{"line":106,"column":65},"end":{"line":106,"column":66}},"loc":{"start":{"line":106,"column":71},"end":{"line":106,"column":105}},"line":106},"12":{"name":"(anonymous_12)","decl":{"start":{"line":110,"column":65},"end":{"line":110,"column":66}},"loc":{"start":{"line":110,"column":71},"end":{"line":110,"column":111}},"line":110},"13":{"name":"(anonymous_13)","decl":{"start":{"line":117,"column":57},"end":{"line":117,"column":58}},"loc":{"start":{"line":117,"column":63},"end":{"line":117,"column":89}},"line":117},"14":{"name":"(anonymous_14)","decl":{"start":{"line":119,"column":57},"end":{"line":119,"column":58}},"loc":{"start":{"line":119,"column":63},"end":{"line":119,"column":92}},"line":119},"15":{"name":"(anonymous_15)","decl":{"start":{"line":128,"column":67},"end":{"line":128,"column":68}},"loc":{"start":{"line":128,"column":72},"end":{"line":128,"column":89}},"line":128},"16":{"name":"(anonymous_16)","decl":{"start":{"line":147,"column":72},"end":{"line":147,"column":73}},"loc":{"start":{"line":148,"column":36},"end":{"line":156,"column":41}},"line":148},"17":{"name":"(anonymous_17)","decl":{"start":{"line":151,"column":57},"end":{"line":151,"column":58}},"loc":{"start":{"line":151,"column":63},"end":{"line":151,"column":194}},"line":151},"18":{"name":"(anonymous_18)","decl":{"start":{"line":169,"column":72},"end":{"line":169,"column":73}},"loc":{"start":{"line":170,"column":36},"end":{"line":178,"column":41}},"line":170},"19":{"name":"(anonymous_19)","decl":{"start":{"line":173,"column":57},"end":{"line":173,"column":58}},"loc":{"start":{"line":173,"column":63},"end":{"line":173,"column":194}},"line":173},"20":{"name":"(anonymous_20)","decl":{"start":{"line":193,"column":69},"end":{"line":193,"column":70}},"loc":{"start":{"line":193,"column":75},"end":{"line":193,"column":103}},"line":193},"21":{"name":"(anonymous_21)","decl":{"start":{"line":197,"column":69},"end":{"line":197,"column":70}},"loc":{"start":{"line":197,"column":75},"end":{"line":197,"column":109}},"line":197},"22":{"name":"(anonymous_22)","decl":{"start":{"line":201,"column":69},"end":{"line":201,"column":70}},"loc":{"start":{"line":201,"column":75},"end":{"line":201,"column":115}},"line":201},"23":{"name":"(anonymous_23)","decl":{"start":{"line":207,"column":69},"end":{"line":207,"column":70}},"loc":{"start":{"line":207,"column":75},"end":{"line":207,"column":101}},"line":207},"24":{"name":"(anonymous_24)","decl":{"start":{"line":211,"column":69},"end":{"line":211,"column":70}},"loc":{"start":{"line":211,"column":75},"end":{"line":211,"column":104}},"line":211},"25":{"name":"(anonymous_25)","decl":{"start":{"line":218,"column":75},"end":{"line":218,"column":76}},"loc":{"start":{"line":218,"column":80},"end":{"line":218,"column":97}},"line":218}},"branchMap":{"0":{"loc":{"start":{"line":49,"column":8},"end":{"line":49,"column":109}},"type":"binary-expr","locations":[{"start":{"line":49,"column":8},"end":{"line":49,"column":69}},{"start":{"line":49,"column":73},"end":{"line":49,"column":109}}],"line":49},"1":{"loc":{"start":{"line":57,"column":8},"end":{"line":57,"column":103}},"type":"binary-expr","locations":[{"start":{"line":57,"column":8},"end":{"line":57,"column":59}},{"start":{"line":57,"column":63},"end":{"line":57,"column":103}}],"line":57},"2":{"loc":{"start":{"line":84,"column":34},"end":{"line":84,"column":67}},"type":"binary-expr","locations":[{"start":{"line":84,"column":34},"end":{"line":84,"column":51}},{"start":{"line":84,"column":55},"end":{"line":84,"column":67}}],"line":84},"3":{"loc":{"start":{"line":91,"column":25},"end":{"line":122,"column":27}},"type":"binary-expr","locations":[{"start":{"line":91,"column":25},"end":{"line":91,"column":72}},{"start":{"line":91,"column":76},"end":{"line":91,"column":95}},{"start":{"line":92,"column":24},"end":{"line":122,"column":27}}],"line":91},"4":{"loc":{"start":{"line":93,"column":29},"end":{"line":121,"column":35}},"type":"cond-expr","locations":[{"start":{"line":94,"column":32},"end":{"line":114,"column":38}},{"start":{"line":116,"column":32},"end":{"line":121,"column":35}}],"line":93},"5":{"loc":{"start":{"line":128,"column":25},"end":{"line":140,"column":29}},"type":"binary-expr","locations":[{"start":{"line":128,"column":25},"end":{"line":128,"column":90}},{"start":{"line":129,"column":24},"end":{"line":140,"column":29}}],"line":128},"6":{"loc":{"start":{"line":141,"column":25},"end":{"line":159,"column":30}},"type":"binary-expr","locations":[{"start":{"line":141,"column":25},"end":{"line":141,"column":75}},{"start":{"line":142,"column":24},"end":{"line":159,"column":30}}],"line":141},"7":{"loc":{"start":{"line":149,"column":59},"end":{"line":149,"column":148}},"type":"binary-expr","locations":[{"start":{"line":149,"column":59},"end":{"line":149,"column":107}},{"start":{"line":149,"column":111},"end":{"line":149,"column":148}}],"line":149},"8":{"loc":{"start":{"line":151,"column":63},"end":{"line":151,"column":194}},"type":"binary-expr","locations":[{"start":{"line":151,"column":63},"end":{"line":151,"column":137}},{"start":{"line":151,"column":141},"end":{"line":151,"column":194}}],"line":151},"9":{"loc":{"start":{"line":152,"column":54},"end":{"line":152,"column":125}},"type":"cond-expr","locations":[{"start":{"line":152,"column":108},"end":{"line":152,"column":113}},{"start":{"line":152,"column":116},"end":{"line":152,"column":125}}],"line":152},"10":{"loc":{"start":{"line":163,"column":25},"end":{"line":181,"column":30}},"type":"binary-expr","locations":[{"start":{"line":163,"column":25},"end":{"line":163,"column":75}},{"start":{"line":164,"column":24},"end":{"line":181,"column":30}}],"line":163},"11":{"loc":{"start":{"line":171,"column":59},"end":{"line":171,"column":148}},"type":"binary-expr","locations":[{"start":{"line":171,"column":59},"end":{"line":171,"column":107}},{"start":{"line":171,"column":111},"end":{"line":171,"column":148}}],"line":171},"12":{"loc":{"start":{"line":173,"column":63},"end":{"line":173,"column":194}},"type":"binary-expr","locations":[{"start":{"line":173,"column":63},"end":{"line":173,"column":137}},{"start":{"line":173,"column":141},"end":{"line":173,"column":194}}],"line":173},"13":{"loc":{"start":{"line":174,"column":54},"end":{"line":174,"column":125}},"type":"cond-expr","locations":[{"start":{"line":174,"column":108},"end":{"line":174,"column":113}},{"start":{"line":174,"column":116},"end":{"line":174,"column":125}}],"line":174},"14":{"loc":{"start":{"line":188,"column":33},"end":{"line":216,"column":35}},"type":"binary-expr","locations":[{"start":{"line":188,"column":33},"end":{"line":188,"column":80}},{"start":{"line":188,"column":84},"end":{"line":188,"column":103}},{"start":{"line":189,"column":32},"end":{"line":216,"column":35}}],"line":188},"15":{"loc":{"start":{"line":190,"column":37},"end":{"line":214,"column":45}},"type":"cond-expr","locations":[{"start":{"line":191,"column":40},"end":{"line":204,"column":45}},{"start":{"line":205,"column":40},"end":{"line":214,"column":45}}],"line":190},"16":{"loc":{"start":{"line":218,"column":33},"end":{"line":229,"column":37}},"type":"binary-expr","locations":[{"start":{"line":218,"column":33},"end":{"line":218,"column":98}},{"start":{"line":219,"column":32},"end":{"line":229,"column":37}}],"line":218},"17":{"loc":{"start":{"line":220,"column":37},"end":{"line":220,"column":93}},"type":"binary-expr","locations":[{"start":{"line":220,"column":37},"end":{"line":220,"column":56}},{"start":{"line":220,"column":60},"end":{"line":220,"column":93}}],"line":220}},"s":{"0":62,"1":62,"2":62,"3":62,"4":62,"5":3,"6":62,"7":5,"8":62,"9":5,"10":62,"11":2,"12":2,"13":2,"14":2,"15":62,"16":248,"17":62,"18":186,"19":186,"20":222,"21":186,"22":62,"23":372,"24":62,"25":0,"26":0,"27":0,"28":0,"29":0,"30":0,"31":186,"32":186,"33":0,"34":186,"35":2,"36":2,"37":0,"38":0,"39":2,"40":2,"41":186},"f":{"0":62,"1":3,"2":5,"3":5,"4":2,"5":248,"6":186,"7":222,"8":372,"9":0,"10":0,"11":0,"12":0,"13":0,"14":0,"15":186,"16":186,"17":0,"18":186,"19":2,"20":2,"21":0,"22":0,"23":2,"24":2,"25":186},"b":{"0":[5,2],"1":[2,0],"2":[62,0],"3":[62,62,56],"4":[24,32],"5":[62,62],"6":[62,62],"7":[186,52],"8":[0,0],"9":[62,124],"10":[62,62],"11":[186,52],"12":[2,2],"13":[62,124],"14":[62,62,56],"15":[24,32],"16":[62,62],"17":[62,56]},"_coverageSchema":"1a1c01bbd47fc00a2c39e90264f33305004495a9","hash":"6f531d6381e474f0514808091bb7acf9fb84a583"}
,"/home/tommy/Documents/Podboxx/NextJs-Website/components/layout/layout.tsx": {"path":"/home/tommy/Documents/Podboxx/NextJs-Website/components/layout/layout.tsx","statementMap":{"0":{"start":{"line":37,"column":24},"end":{"line":37,"column":54}},"1":{"start":{"line":38,"column":19},"end":{"line":38,"column":130}},"2":{"start":{"line":40,"column":4},"end":{"line":42,"column":13}},"3":{"start":{"line":41,"column":8},"end":{"line":41,"column":76}},"4":{"start":{"line":44,"column":27},"end":{"line":47,"column":5}},"5":{"start":{"line":45,"column":25},"end":{"line":45,"column":88}},"6":{"start":{"line":45,"column":50},"end":{"line":45,"column":84}},"7":{"start":{"line":46,"column":8},"end":{"line":46,"column":63}},"8":{"start":{"line":49,"column":4},"end":{"line":49,"column":67}},"9":{"start":{"line":49,"column":15},"end":{"line":49,"column":67}},"10":{"start":{"line":50,"column":4},"end":{"line":61,"column":6}}},"fnMap":{"0":{"name":"Layout","decl":{"start":{"line":36,"column":24},"end":{"line":36,"column":30}},"loc":{"start":{"line":36,"column":43},"end":{"line":62,"column":1}},"line":36},"1":{"name":"(anonymous_1)","decl":{"start":{"line":40,"column":14},"end":{"line":40,"column":15}},"loc":{"start":{"line":40,"column":20},"end":{"line":42,"column":5}},"line":40},"2":{"name":"(anonymous_2)","decl":{"start":{"line":44,"column":27},"end":{"line":44,"column":28}},"loc":{"start":{"line":44,"column":33},"end":{"line":47,"column":5}},"line":44},"3":{"name":"(anonymous_3)","decl":{"start":{"line":45,"column":45},"end":{"line":45,"column":46}},"loc":{"start":{"line":45,"column":50},"end":{"line":45,"column":84}},"line":45}},"branchMap":{"0":{"loc":{"start":{"line":41,"column":8},"end":{"line":41,"column":76}},"type":"binary-expr","locations":[{"start":{"line":41,"column":8},"end":{"line":41,"column":12}},{"start":{"line":41,"column":16},"end":{"line":41,"column":56}},{"start":{"line":41,"column":60},"end":{"line":41,"column":76}}],"line":41},"1":{"loc":{"start":{"line":49,"column":4},"end":{"line":49,"column":67}},"type":"if","locations":[{"start":{"line":49,"column":4},"end":{"line":49,"column":67}},{"start":{"line":49,"column":4},"end":{"line":49,"column":67}}],"line":49},"2":{"loc":{"start":{"line":53,"column":20},"end":{"line":53,"column":42}},"type":"binary-expr","locations":[{"start":{"line":53,"column":20},"end":{"line":53,"column":31}},{"start":{"line":53,"column":35},"end":{"line":53,"column":42}}],"line":53},"3":{"loc":{"start":{"line":59,"column":13},"end":{"line":59,"column":81}},"type":"binary-expr","locations":[{"start":{"line":59,"column":13},"end":{"line":59,"column":32}},{"start":{"line":59,"column":36},"end":{"line":59,"column":81}}],"line":59}},"s":{"0":68,"1":68,"2":68,"3":6,"4":68,"5":3,"6":6,"7":3,"8":68,"9":6,"10":62},"f":{"0":68,"1":6,"2":3,"3":6},"b":{"0":[6,3,3],"1":[6,62],"2":[62,0],"3":[62,12]},"_coverageSchema":"1a1c01bbd47fc00a2c39e90264f33305004495a9","hash":"78606291dc40464a7300e92dffa6507e5ab464d1"}
,"/home/tommy/Documents/Podboxx/NextJs-Website/pages/index.tsx": {"path":"/home/tommy/Documents/Podboxx/NextJs-Website/pages/index.tsx","statementMap":{"0":{"start":{"line":27,"column":23},"end":{"line":127,"column":1}},"1":{"start":{"line":28,"column":19},"end":{"line":28,"column":30}},"2":{"start":{"line":29,"column":24},"end":{"line":29,"column":54}},"3":{"start":{"line":30,"column":26},"end":{"line":30,"column":44}},"4":{"start":{"line":31,"column":38},"end":{"line":31,"column":60}},"5":{"start":{"line":32,"column":42},"end":{"line":32,"column":66}},"6":{"start":{"line":33,"column":38},"end":{"line":33,"column":90}},"7":{"start":{"line":34,"column":20},"end":{"line":34,"column":94}},"8":{"start":{"line":35,"column":26},"end":{"line":40,"column":6}},"9":{"start":{"line":38,"column":12},"end":{"line":38,"column":64}},"10":{"start":{"line":38,"column":58},"end":{"line":38,"column":64}},"11":{"start":{"line":42,"column":4},"end":{"line":53,"column":60}},"12":{"start":{"line":44,"column":19},"end":{"line":44,"column":97}},"13":{"start":{"line":46,"column":22},"end":{"line":46,"column":60}},"14":{"start":{"line":48,"column":23},"end":{"line":48,"column":68}},"15":{"start":{"line":50,"column":8},"end":{"line":50,"column":51}},"16":{"start":{"line":52,"column":8},"end":{"line":52,"column":44}},"17":{"start":{"line":55,"column":4},"end":{"line":58,"column":27}},"18":{"start":{"line":57,"column":8},"end":{"line":57,"column":59}},"19":{"start":{"line":60,"column":25},"end":{"line":62,"column":5}},"20":{"start":{"line":61,"column":8},"end":{"line":61,"column":48}},"21":{"start":{"line":63,"column":28},"end":{"line":65,"column":5}},"22":{"start":{"line":64,"column":8},"end":{"line":64,"column":61}},"23":{"start":{"line":64,"column":50},"end":{"line":64,"column":59}},"24":{"start":{"line":67,"column":4},"end":{"line":76,"column":5}},"25":{"start":{"line":67,"column":59},"end":{"line":76,"column":5}},"26":{"start":{"line":73,"column":35},"end":{"line":73,"column":102}},"27":{"start":{"line":77,"column":4},"end":{"line":78,"column":23}},"28":{"start":{"line":77,"column":15},"end":{"line":78,"column":23}},"29":{"start":{"line":79,"column":4},"end":{"line":79,"column":67}},"30":{"start":{"line":79,"column":15},"end":{"line":79,"column":67}},"31":{"start":{"line":80,"column":4},"end":{"line":81,"column":51}},"32":{"start":{"line":80,"column":49},"end":{"line":81,"column":51}},"33":{"start":{"line":82,"column":4},"end":{"line":126,"column":5}},"34":{"start":{"line":87,"column":20},"end":{"line":101,"column":26}},"35":{"start":{"line":111,"column":41},"end":{"line":111,"column":69}}},"fnMap":{"0":{"name":"(anonymous_0)","decl":{"start":{"line":27,"column":23},"end":{"line":27,"column":24}},"loc":{"start":{"line":27,"column":29},"end":{"line":127,"column":1}},"line":27},"1":{"name":"(anonymous_1)","decl":{"start":{"line":36,"column":22},"end":{"line":36,"column":23}},"loc":{"start":{"line":36,"column":33},"end":{"line":39,"column":9}},"line":36},"2":{"name":"(anonymous_2)","decl":{"start":{"line":42,"column":14},"end":{"line":42,"column":15}},"loc":{"start":{"line":42,"column":20},"end":{"line":53,"column":5}},"line":42},"3":{"name":"(anonymous_3)","decl":{"start":{"line":55,"column":14},"end":{"line":55,"column":15}},"loc":{"start":{"line":55,"column":20},"end":{"line":58,"column":5}},"line":55},"4":{"name":"(anonymous_4)","decl":{"start":{"line":60,"column":25},"end":{"line":60,"column":26}},"loc":{"start":{"line":60,"column":42},"end":{"line":62,"column":5}},"line":60},"5":{"name":"(anonymous_5)","decl":{"start":{"line":63,"column":28},"end":{"line":63,"column":29}},"loc":{"start":{"line":63,"column":45},"end":{"line":65,"column":5}},"line":63},"6":{"name":"(anonymous_6)","decl":{"start":{"line":64,"column":45},"end":{"line":64,"column":46}},"loc":{"start":{"line":64,"column":50},"end":{"line":64,"column":59}},"line":64},"7":{"name":"(anonymous_7)","decl":{"start":{"line":73,"column":29},"end":{"line":73,"column":30}},"loc":{"start":{"line":73,"column":35},"end":{"line":73,"column":102}},"line":73},"8":{"name":"(anonymous_8)","decl":{"start":{"line":86,"column":48},"end":{"line":86,"column":49}},"loc":{"start":{"line":87,"column":20},"end":{"line":101,"column":26}},"line":87},"9":{"name":"(anonymous_9)","decl":{"start":{"line":111,"column":34},"end":{"line":111,"column":35}},"loc":{"start":{"line":111,"column":41},"end":{"line":111,"column":69}},"line":111}},"branchMap":{"0":{"loc":{"start":{"line":33,"column":47},"end":{"line":33,"column":89}},"type":"binary-expr","locations":[{"start":{"line":33,"column":47},"end":{"line":33,"column":84}},{"start":{"line":33,"column":88},"end":{"line":33,"column":89}}],"line":33},"1":{"loc":{"start":{"line":35,"column":39},"end":{"line":35,"column":86}},"type":"cond-expr","locations":[{"start":{"line":35,"column":53},"end":{"line":35,"column":79}},{"start":{"line":35,"column":82},"end":{"line":35,"column":86}}],"line":35},"2":{"loc":{"start":{"line":38,"column":12},"end":{"line":38,"column":64}},"type":"if","locations":[{"start":{"line":38,"column":12},"end":{"line":38,"column":64}},{"start":{"line":38,"column":12},"end":{"line":38,"column":64}}],"line":38},"3":{"loc":{"start":{"line":44,"column":19},"end":{"line":44,"column":97}},"type":"cond-expr","locations":[{"start":{"line":44,"column":42},"end":{"line":44,"column":92}},{"start":{"line":44,"column":95},"end":{"line":44,"column":97}}],"line":44},"4":{"loc":{"start":{"line":46,"column":33},"end":{"line":46,"column":58}},"type":"binary-expr","locations":[{"start":{"line":46,"column":33},"end":{"line":46,"column":50}},{"start":{"line":46,"column":54},"end":{"line":46,"column":58}}],"line":46},"5":{"loc":{"start":{"line":48,"column":23},"end":{"line":48,"column":68}},"type":"cond-expr","locations":[{"start":{"line":48,"column":46},"end":{"line":48,"column":58}},{"start":{"line":48,"column":61},"end":{"line":48,"column":68}}],"line":48},"6":{"loc":{"start":{"line":52,"column":8},"end":{"line":52,"column":44}},"type":"binary-expr","locations":[{"start":{"line":52,"column":8},"end":{"line":52,"column":20}},{"start":{"line":52,"column":24},"end":{"line":52,"column":44}}],"line":52},"7":{"loc":{"start":{"line":57,"column":8},"end":{"line":57,"column":59}},"type":"binary-expr","locations":[{"start":{"line":57,"column":8},"end":{"line":57,"column":39}},{"start":{"line":57,"column":43},"end":{"line":57,"column":59}}],"line":57},"8":{"loc":{"start":{"line":67,"column":4},"end":{"line":76,"column":5}},"type":"if","locations":[{"start":{"line":67,"column":4},"end":{"line":76,"column":5}},{"start":{"line":67,"column":4},"end":{"line":76,"column":5}}],"line":67},"9":{"loc":{"start":{"line":67,"column":8},"end":{"line":67,"column":57}},"type":"binary-expr","locations":[{"start":{"line":67,"column":8},"end":{"line":67,"column":13}},{"start":{"line":67,"column":17},"end":{"line":67,"column":57}}],"line":67},"10":{"loc":{"start":{"line":73,"column":47},"end":{"line":73,"column":101}},"type":"cond-expr","locations":[{"start":{"line":73,"column":68},"end":{"line":73,"column":85}},{"start":{"line":73,"column":88},"end":{"line":73,"column":101}}],"line":73},"11":{"loc":{"start":{"line":74,"column":20},"end":{"line":74,"column":64}},"type":"cond-expr","locations":[{"start":{"line":74,"column":41},"end":{"line":74,"column":52}},{"start":{"line":74,"column":55},"end":{"line":74,"column":64}}],"line":74},"12":{"loc":{"start":{"line":77,"column":4},"end":{"line":78,"column":23}},"type":"if","locations":[{"start":{"line":77,"column":4},"end":{"line":78,"column":23}},{"start":{"line":77,"column":4},"end":{"line":78,"column":23}}],"line":77},"13":{"loc":{"start":{"line":79,"column":4},"end":{"line":79,"column":67}},"type":"if","locations":[{"start":{"line":79,"column":4},"end":{"line":79,"column":67}},{"start":{"line":79,"column":4},"end":{"line":79,"column":67}}],"line":79},"14":{"loc":{"start":{"line":80,"column":4},"end":{"line":81,"column":51}},"type":"if","locations":[{"start":{"line":80,"column":4},"end":{"line":81,"column":51}},{"start":{"line":80,"column":4},"end":{"line":81,"column":51}}],"line":80},"15":{"loc":{"start":{"line":93,"column":37},"end":{"line":93,"column":92}},"type":"binary-expr","locations":[{"start":{"line":93,"column":37},"end":{"line":93,"column":70}},{"start":{"line":93,"column":74},"end":{"line":93,"column":92}}],"line":93},"16":{"loc":{"start":{"line":105,"column":13},"end":{"line":124,"column":18}},"type":"binary-expr","locations":[{"start":{"line":105,"column":13},"end":{"line":105,"column":28}},{"start":{"line":106,"column":12},"end":{"line":124,"column":18}}],"line":105},"17":{"loc":{"start":{"line":122,"column":31},"end":{"line":122,"column":49}},"type":"binary-expr","locations":[{"start":{"line":122,"column":31},"end":{"line":122,"column":44}},{"start":{"line":122,"column":48},"end":{"line":122,"column":49}}],"line":122}},"s":{"0":2,"1":72,"2":72,"3":72,"4":72,"5":72,"6":72,"7":72,"8":72,"9":0,"10":0,"11":72,"12":14,"13":14,"14":14,"15":14,"16":14,"17":72,"18":4,"19":72,"20":2,"21":72,"22":2,"23":2,"24":72,"25":0,"26":0,"27":72,"28":0,"29":72,"30":32,"31":40,"32":0,"33":40,"34":264,"35":0},"f":{"0":72,"1":0,"2":14,"3":4,"4":2,"5":2,"6":2,"7":0,"8":264,"9":0},"b":{"0":[72,72],"1":[64,8],"2":[0,0],"3":[2,12],"4":[14,4],"5":[2,12],"6":[14,4],"7":[4,4],"8":[0,72],"9":[72,0],"10":[0,0],"11":[0,0],"12":[0,72],"13":[32,40],"14":[0,40],"15":[264,0],"16":[40,24],"17":[24,24]},"_coverageSchema":"1a1c01bbd47fc00a2c39e90264f33305004495a9","hash":"d95c7a311ca49d808808bfe3b7a07939ffe64d43"}
,"/home/tommy/Documents/Podboxx/NextJs-Website/pages/user/register.tsx": {"path":"/home/tommy/Documents/Podboxx/NextJs-Website/pages/user/register.tsx","statementMap":{"0":{"start":{"line":8,"column":27},"end":{"line":140,"column":1}},"1":{"start":{"line":9,"column":19},"end":{"line":9,"column":30}},"2":{"start":{"line":10,"column":30},"end":{"line":10,"column":52}},"3":{"start":{"line":11,"column":46},"end":{"line":11,"column":65}},"4":{"start":{"line":12,"column":46},"end":{"line":12,"column":89}},"5":{"start":{"line":13,"column":38},"end":{"line":13,"column":68}},"6":{"start":{"line":14,"column":36},"end":{"line":20,"column":6}},"7":{"start":{"line":22,"column":23},"end":{"line":33,"column":5}},"8":{"start":{"line":23,"column":21},"end":{"line":23,"column":23}},"9":{"start":{"line":24,"column":8},"end":{"line":24,"column":78}},"10":{"start":{"line":25,"column":8},"end":{"line":25,"column":166}},"11":{"start":{"line":26,"column":8},"end":{"line":26,"column":121}},"12":{"start":{"line":27,"column":8},"end":{"line":27,"column":97}},"13":{"start":{"line":28,"column":8},"end":{"line":28,"column":95}},"14":{"start":{"line":29,"column":8},"end":{"line":29,"column":92}},"15":{"start":{"line":30,"column":8},"end":{"line":30,"column":90}},"16":{"start":{"line":31,"column":8},"end":{"line":31,"column":24}},"17":{"start":{"line":32,"column":8},"end":{"line":32,"column":33}},"18":{"start":{"line":35,"column":25},"end":{"line":37,"column":5}},"19":{"start":{"line":36,"column":8},"end":{"line":36,"column":71}},"20":{"start":{"line":36,"column":29},"end":{"line":36,"column":69}},"21":{"start":{"line":39,"column":29},"end":{"line":62,"column":5}},"22":{"start":{"line":40,"column":8},"end":{"line":40,"column":23}},"23":{"start":{"line":41,"column":8},"end":{"line":47,"column":11}},"24":{"start":{"line":48,"column":8},"end":{"line":61,"column":9}},"25":{"start":{"line":50,"column":16},"end":{"line":50,"column":60}},"26":{"start":{"line":51,"column":16},"end":{"line":51,"column":22}},"27":{"start":{"line":53,"column":16},"end":{"line":53,"column":62}},"28":{"start":{"line":54,"column":16},"end":{"line":54,"column":22}},"29":{"start":{"line":56,"column":16},"end":{"line":56,"column":62}},"30":{"start":{"line":57,"column":16},"end":{"line":57,"column":22}},"31":{"start":{"line":59,"column":16},"end":{"line":59,"column":60}},"32":{"start":{"line":60,"column":16},"end":{"line":60,"column":22}},"33":{"start":{"line":64,"column":25},"end":{"line":95,"column":5}},"34":{"start":{"line":65,"column":8},"end":{"line":65,"column":27}},"35":{"start":{"line":66,"column":8},"end":{"line":66,"column":28}},"36":{"start":{"line":67,"column":8},"end":{"line":67,"column":32}},"37":{"start":{"line":67,"column":26},"end":{"line":67,"column":32}},"38":{"start":{"line":68,"column":21},"end":{"line":72,"column":10}},"39":{"start":{"line":73,"column":8},"end":{"line":73,"column":39}},"40":{"start":{"line":74,"column":8},"end":{"line":94,"column":15}},"41":{"start":{"line":86,"column":16},"end":{"line":86,"column":47}},"42":{"start":{"line":87,"column":16},"end":{"line":87,"column":92}},"43":{"start":{"line":88,"column":16},"end":{"line":88,"column":42}},"44":{"start":{"line":91,"column":16},"end":{"line":91,"column":45}},"45":{"start":{"line":92,"column":16},"end":{"line":92,"column":108}},"46":{"start":{"line":93,"column":16},"end":{"line":93,"column":76}},"47":{"start":{"line":97,"column":4},"end":{"line":139,"column":5}},"48":{"start":{"line":103,"column":36},"end":{"line":103,"column":90}}},"fnMap":{"0":{"name":"(anonymous_0)","decl":{"start":{"line":8,"column":27},"end":{"line":8,"column":28}},"loc":{"start":{"line":8,"column":33},"end":{"line":140,"column":1}},"line":8},"1":{"name":"(anonymous_1)","decl":{"start":{"line":22,"column":23},"end":{"line":22,"column":24}},"loc":{"start":{"line":22,"column":29},"end":{"line":33,"column":5}},"line":22},"2":{"name":"(anonymous_2)","decl":{"start":{"line":35,"column":25},"end":{"line":35,"column":26}},"loc":{"start":{"line":35,"column":32},"end":{"line":37,"column":5}},"line":35},"3":{"name":"(anonymous_3)","decl":{"start":{"line":36,"column":20},"end":{"line":36,"column":21}},"loc":{"start":{"line":36,"column":29},"end":{"line":36,"column":69}},"line":36},"4":{"name":"(anonymous_4)","decl":{"start":{"line":39,"column":29},"end":{"line":39,"column":30}},"loc":{"start":{"line":39,"column":36},"end":{"line":62,"column":5}},"line":39},"5":{"name":"(anonymous_5)","decl":{"start":{"line":64,"column":25},"end":{"line":64,"column":26}},"loc":{"start":{"line":64,"column":32},"end":{"line":95,"column":5}},"line":64},"6":{"name":"(anonymous_6)","decl":{"start":{"line":85,"column":18},"end":{"line":85,"column":19}},"loc":{"start":{"line":85,"column":24},"end":{"line":89,"column":13}},"line":85},"7":{"name":"(anonymous_7)","decl":{"start":{"line":90,"column":19},"end":{"line":90,"column":20}},"loc":{"start":{"line":90,"column":24},"end":{"line":94,"column":13}},"line":90},"8":{"name":"(anonymous_8)","decl":{"start":{"line":103,"column":31},"end":{"line":103,"column":32}},"loc":{"start":{"line":103,"column":36},"end":{"line":103,"column":90}},"line":103}},"branchMap":{"0":{"loc":{"start":{"line":24,"column":8},"end":{"line":24,"column":78}},"type":"binary-expr","locations":[{"start":{"line":24,"column":8},"end":{"line":24,"column":42}},{"start":{"line":24,"column":46},"end":{"line":24,"column":78}}],"line":24},"1":{"loc":{"start":{"line":25,"column":8},"end":{"line":25,"column":166}},"type":"binary-expr","locations":[{"start":{"line":25,"column":8},"end":{"line":25,"column":71}},{"start":{"line":25,"column":75},"end":{"line":25,"column":166}}],"line":25},"2":{"loc":{"start":{"line":26,"column":8},"end":{"line":26,"column":121}},"type":"binary-expr","locations":[{"start":{"line":26,"column":8},"end":{"line":26,"column":60}},{"start":{"line":26,"column":64},"end":{"line":26,"column":121}}],"line":26},"3":{"loc":{"start":{"line":27,"column":8},"end":{"line":27,"column":97}},"type":"binary-expr","locations":[{"start":{"line":27,"column":8},"end":{"line":27,"column":47}},{"start":{"line":27,"column":51},"end":{"line":27,"column":97}}],"line":27},"4":{"loc":{"start":{"line":28,"column":8},"end":{"line":28,"column":95}},"type":"binary-expr","locations":[{"start":{"line":28,"column":8},"end":{"line":28,"column":46}},{"start":{"line":28,"column":50},"end":{"line":28,"column":95}}],"line":28},"5":{"loc":{"start":{"line":29,"column":8},"end":{"line":29,"column":92}},"type":"binary-expr","locations":[{"start":{"line":29,"column":8},"end":{"line":29,"column":46}},{"start":{"line":29,"column":50},"end":{"line":29,"column":92}}],"line":29},"6":{"loc":{"start":{"line":30,"column":8},"end":{"line":30,"column":90}},"type":"binary-expr","locations":[{"start":{"line":30,"column":8},"end":{"line":30,"column":45}},{"start":{"line":30,"column":49},"end":{"line":30,"column":90}}],"line":30},"7":{"loc":{"start":{"line":48,"column":8},"end":{"line":61,"column":9}},"type":"switch","locations":[{"start":{"line":49,"column":12},"end":{"line":51,"column":22}},{"start":{"line":52,"column":12},"end":{"line":54,"column":22}},{"start":{"line":55,"column":12},"end":{"line":57,"column":22}},{"start":{"line":58,"column":12},"end":{"line":60,"column":22}}],"line":48},"8":{"loc":{"start":{"line":49,"column":18},"end":{"line":49,"column":57}},"type":"binary-expr","locations":[{"start":{"line":49,"column":18},"end":{"line":49,"column":35}},{"start":{"line":49,"column":39},"end":{"line":49,"column":57}}],"line":49},"9":{"loc":{"start":{"line":52,"column":18},"end":{"line":52,"column":59}},"type":"binary-expr","locations":[{"start":{"line":52,"column":18},"end":{"line":52,"column":37}},{"start":{"line":52,"column":41},"end":{"line":52,"column":59}}],"line":52},"10":{"loc":{"start":{"line":67,"column":8},"end":{"line":67,"column":32}},"type":"if","locations":[{"start":{"line":67,"column":8},"end":{"line":67,"column":32}},{"start":{"line":67,"column":8},"end":{"line":67,"column":32}}],"line":67},"11":{"loc":{"start":{"line":102,"column":21},"end":{"line":104,"column":22}},"type":"binary-expr","locations":[{"start":{"line":102,"column":21},"end":{"line":102,"column":37}},{"start":{"line":103,"column":20},"end":{"line":104,"column":22}}],"line":102},"12":{"loc":{"start":{"line":131,"column":47},"end":{"line":131,"column":114}},"type":"cond-expr","locations":[{"start":{"line":131,"column":69},"end":{"line":131,"column":94}},{"start":{"line":131,"column":97},"end":{"line":131,"column":114}}],"line":131}},"s":{"0":3,"1":150,"2":150,"3":150,"4":150,"5":150,"6":150,"7":150,"8":3,"9":3,"10":3,"11":3,"12":3,"13":3,"14":3,"15":3,"16":3,"17":3,"18":150,"19":69,"20":136,"21":150,"22":17,"23":17,"24":17,"25":8,"26":8,"27":4,"28":4,"29":2,"30":2,"31":3,"32":3,"33":150,"34":3,"35":3,"36":3,"37":3,"38":0,"39":0,"40":0,"41":0,"42":0,"43":0,"44":0,"45":0,"46":0,"47":150,"48":132},"f":{"0":150,"1":3,"2":69,"3":136,"4":17,"5":3,"6":0,"7":0,"8":132},"b":{"0":[3,3],"1":[3,3],"2":[3,2],"3":[3,1],"4":[3,1],"5":[3,1],"6":[3,1],"7":[8,4,2,3],"8":[17,14],"9":[9,6],"10":[3,0],"11":[150,24],"12":[0,150]},"_coverageSchema":"1a1c01bbd47fc00a2c39e90264f33305004495a9","hash":"d4649bc69853da69a0b039277d7eb3afa7e72ebf"}
}
