{"total": {"lines":{"total":125,"covered":104,"skipped":0,"pct":83.2},"statements":{"total":138,"covered":113,"skipped":0,"pct":81.88},"functions":{"total":49,"covered":35,"skipped":0,"pct":71.43},"branches":{"total":111,"covered":93,"skipped":0,"pct":83.78}}
,"/home/tommy/Documents/Podboxx/NextJs-Website/components/layout/header.tsx": {"lines":{"total":39,"covered":30,"skipped":0,"pct":76.92},"functions":{"total":26,"covered":17,"skipped":0,"pct":65.38},"statements":{"total":42,"covered":33,"skipped":0,"pct":78.57},"branches":{"total":38,"covered":34,"skipped":0,"pct":89.47}}
,"/home/tommy/Documents/Podboxx/NextJs-Website/components/layout/layout.tsx": {"lines":{"total":9,"covered":9,"skipped":0,"pct":100},"functions":{"total":4,"covered":4,"skipped":0,"pct":100},"statements":{"total":11,"covered":11,"skipped":0,"pct":100},"branches":{"total":9,"covered":8,"skipped":0,"pct":88.89}}
,"/home/tommy/Documents/Podboxx/NextJs-Website/pages/index.tsx": {"lines":{"total":30,"covered":27,"skipped":0,"pct":90},"functions":{"total":10,"covered":7,"skipped":0,"pct":70},"statements":{"total":36,"covered":29,"skipped":0,"pct":80.56},"branches":{"total":36,"covered":25,"skipped":0,"pct":69.44}}
,"/home/tommy/Documents/Podboxx/NextJs-Website/pages/user/register.tsx": {"lines":{"total":47,"covered":38,"skipped":0,"pct":80.85},"functions":{"total":9,"covered":7,"skipped":0,"pct":77.78},"statements":{"total":49,"covered":40,"skipped":0,"pct":81.63},"branches":{"total":28,"covered":26,"skipped":0,"pct":92.86}}
}
