TN:
SF:components/layout/header.tsx
FN:31,Header
FN:38,(anonymous_1)
FN:43,(anonymous_2)
FN:48,(anonymous_3)
FN:54,(anonymous_4)
FN:65,(anonymous_5)
FN:69,(anonymous_6)
FN:71,(anonymous_7)
FN:76,(anonymous_8)
FN:89,(anonymous_9)
FN:102,(anonymous_10)
FN:106,(anonymous_11)
FN:110,(anonymous_12)
FN:117,(anonymous_13)
FN:119,(anonymous_14)
FN:128,(anonymous_15)
FN:147,(anonymous_16)
FN:151,(anonymous_17)
FN:169,(anonymous_18)
FN:173,(anonymous_19)
FN:193,(anonymous_20)
FN:197,(anonymous_21)
FN:201,(anonymous_22)
FN:207,(anonymous_23)
FN:211,(anonymous_24)
FN:218,(anonymous_25)
FNF:26
FNH:17
FNDA:62,Header
FNDA:3,(anonymous_1)
FNDA:5,(anonymous_2)
FNDA:5,(anonymous_3)
FNDA:2,(anonymous_4)
FNDA:248,(anonymous_5)
FNDA:186,(anonymous_6)
FNDA:222,(anonymous_7)
FNDA:372,(anonymous_8)
FNDA:0,(anonymous_9)
FNDA:0,(anonymous_10)
FNDA:0,(anonymous_11)
FNDA:0,(anonymous_12)
FNDA:0,(anonymous_13)
FNDA:0,(anonymous_14)
FNDA:186,(anonymous_15)
FNDA:186,(anonymous_16)
FNDA:0,(anonymous_17)
FNDA:186,(anonymous_18)
FNDA:2,(anonymous_19)
FNDA:2,(anonymous_20)
FNDA:0,(anonymous_21)
FNDA:0,(anonymous_22)
FNDA:2,(anonymous_23)
FNDA:2,(anonymous_24)
FNDA:186,(anonymous_25)
DA:32,62
DA:33,62
DA:34,62
DA:35,62
DA:38,62
DA:39,3
DA:43,62
DA:44,5
DA:48,62
DA:49,5
DA:54,62
DA:55,2
DA:56,2
DA:57,2
DA:58,2
DA:65,248
DA:69,62
DA:70,186
DA:71,222
DA:72,186
DA:76,372
DA:78,62
DA:89,0
DA:102,0
DA:106,0
DA:110,0
DA:117,0
DA:119,0
DA:128,186
DA:148,186
DA:151,0
DA:170,186
DA:173,2
DA:193,2
DA:197,0
DA:201,0
DA:207,2
DA:211,2
DA:218,186
LF:39
LH:30
BRDA:49,0,0,5
BRDA:49,0,1,2
BRDA:57,1,0,2
BRDA:57,1,1,0
BRDA:84,2,0,62
BRDA:84,2,1,0
BRDA:91,3,0,62
BRDA:91,3,1,62
BRDA:91,3,2,56
BRDA:93,4,0,24
BRDA:93,4,1,32
BRDA:128,5,0,62
BRDA:128,5,1,62
BRDA:141,6,0,62
BRDA:141,6,1,62
BRDA:149,7,0,186
BRDA:149,7,1,52
BRDA:151,8,0,0
BRDA:151,8,1,0
BRDA:152,9,0,62
BRDA:152,9,1,124
BRDA:163,10,0,62
BRDA:163,10,1,62
BRDA:171,11,0,186
BRDA:171,11,1,52
BRDA:173,12,0,2
BRDA:173,12,1,2
BRDA:174,13,0,62
BRDA:174,13,1,124
BRDA:188,14,0,62
BRDA:188,14,1,62
BRDA:188,14,2,56
BRDA:190,15,0,24
BRDA:190,15,1,32
BRDA:218,16,0,62
BRDA:218,16,1,62
BRDA:220,17,0,62
BRDA:220,17,1,56
BRF:38
BRH:34
end_of_record
TN:
SF:components/layout/layout.tsx
FN:36,Layout
FN:40,(anonymous_1)
FN:44,(anonymous_2)
FN:45,(anonymous_3)
FNF:4
FNH:4
FNDA:68,Layout
FNDA:6,(anonymous_1)
FNDA:3,(anonymous_2)
FNDA:6,(anonymous_3)
DA:37,68
DA:38,68
DA:40,68
DA:41,6
DA:44,68
DA:45,6
DA:46,3
DA:49,68
DA:50,62
LF:9
LH:9
BRDA:41,0,0,6
BRDA:41,0,1,3
BRDA:41,0,2,3
BRDA:49,1,0,6
BRDA:49,1,1,62
BRDA:53,2,0,62
BRDA:53,2,1,0
BRDA:59,3,0,62
BRDA:59,3,1,12
BRF:9
BRH:8
end_of_record
TN:
SF:pages/index.tsx
FN:27,(anonymous_0)
FN:36,(anonymous_1)
FN:42,(anonymous_2)
FN:55,(anonymous_3)
FN:60,(anonymous_4)
FN:63,(anonymous_5)
FN:64,(anonymous_6)
FN:73,(anonymous_7)
FN:86,(anonymous_8)
FN:111,(anonymous_9)
FNF:10
FNH:7
FNDA:72,(anonymous_0)
FNDA:0,(anonymous_1)
FNDA:14,(anonymous_2)
FNDA:4,(anonymous_3)
FNDA:2,(anonymous_4)
FNDA:2,(anonymous_5)
FNDA:2,(anonymous_6)
FNDA:0,(anonymous_7)
FNDA:264,(anonymous_8)
FNDA:0,(anonymous_9)
DA:27,2
DA:28,72
DA:29,72
DA:30,72
DA:31,72
DA:32,72
DA:33,72
DA:34,72
DA:35,72
DA:38,0
DA:42,72
DA:44,14
DA:46,14
DA:48,14
DA:50,14
DA:52,14
DA:55,72
DA:57,4
DA:60,72
DA:61,2
DA:63,72
DA:64,2
DA:67,72
DA:73,0
DA:77,72
DA:79,72
DA:80,40
DA:82,40
DA:87,264
DA:111,0
LF:30
LH:27
BRDA:33,0,0,72
BRDA:33,0,1,72
BRDA:35,1,0,64
BRDA:35,1,1,8
BRDA:38,2,0,0
BRDA:38,2,1,0
BRDA:44,3,0,2
BRDA:44,3,1,12
BRDA:46,4,0,14
BRDA:46,4,1,4
BRDA:48,5,0,2
BRDA:48,5,1,12
BRDA:52,6,0,14
BRDA:52,6,1,4
BRDA:57,7,0,4
BRDA:57,7,1,4
BRDA:67,8,0,0
BRDA:67,8,1,72
BRDA:67,9,0,72
BRDA:67,9,1,0
BRDA:73,10,0,0
BRDA:73,10,1,0
BRDA:74,11,0,0
BRDA:74,11,1,0
BRDA:77,12,0,0
BRDA:77,12,1,72
BRDA:79,13,0,32
BRDA:79,13,1,40
BRDA:80,14,0,0
BRDA:80,14,1,40
BRDA:93,15,0,264
BRDA:93,15,1,0
BRDA:105,16,0,40
BRDA:105,16,1,24
BRDA:122,17,0,24
BRDA:122,17,1,24
BRF:36
BRH:25
end_of_record
TN:
SF:pages/user/register.tsx
FN:8,(anonymous_0)
FN:22,(anonymous_1)
FN:35,(anonymous_2)
FN:36,(anonymous_3)
FN:39,(anonymous_4)
FN:64,(anonymous_5)
FN:85,(anonymous_6)
FN:90,(anonymous_7)
FN:103,(anonymous_8)
FNF:9
FNH:7
FNDA:150,(anonymous_0)
FNDA:3,(anonymous_1)
FNDA:69,(anonymous_2)
FNDA:136,(anonymous_3)
FNDA:17,(anonymous_4)
FNDA:3,(anonymous_5)
FNDA:0,(anonymous_6)
FNDA:0,(anonymous_7)
FNDA:132,(anonymous_8)
DA:8,3
DA:9,150
DA:10,150
DA:11,150
DA:12,150
DA:13,150
DA:14,150
DA:22,150
DA:23,3
DA:24,3
DA:25,3
DA:26,3
DA:27,3
DA:28,3
DA:29,3
DA:30,3
DA:31,3
DA:32,3
DA:35,150
DA:36,136
DA:39,150
DA:40,17
DA:41,17
DA:48,17
DA:50,8
DA:51,8
DA:53,4
DA:54,4
DA:56,2
DA:57,2
DA:59,3
DA:60,3
DA:64,150
DA:65,3
DA:66,3
DA:67,3
DA:68,0
DA:73,0
DA:74,0
DA:86,0
DA:87,0
DA:88,0
DA:91,0
DA:92,0
DA:93,0
DA:97,150
DA:103,132
LF:47
LH:38
BRDA:24,0,0,3
BRDA:24,0,1,3
BRDA:25,1,0,3
BRDA:25,1,1,3
BRDA:26,2,0,3
BRDA:26,2,1,2
BRDA:27,3,0,3
BRDA:27,3,1,1
BRDA:28,4,0,3
BRDA:28,4,1,1
BRDA:29,5,0,3
BRDA:29,5,1,1
BRDA:30,6,0,3
BRDA:30,6,1,1
BRDA:48,7,0,8
BRDA:48,7,1,4
BRDA:48,7,2,2
BRDA:48,7,3,3
BRDA:49,8,0,17
BRDA:49,8,1,14
BRDA:52,9,0,9
BRDA:52,9,1,6
BRDA:67,10,0,3
BRDA:67,10,1,0
BRDA:102,11,0,150
BRDA:102,11,1,24
BRDA:131,12,0,0
BRDA:131,12,1,150
BRF:28
BRH:26
end_of_record
