TN:
SF:sentry.client.config.js
FNF:0
FNH:0
DA:7,9
DA:9,9
LF:2
LH:2
BRDA:7,0,0,9
BRDA:7,0,1,9
BRDA:10,1,0,9
BRDA:10,1,1,9
BRF:4
BRH:4
end_of_record
TN:
SF:components/notification.tsx
FN:5,SuccessNotification
FN:20,ErrorNotification
FNF:2
FNH:2
FNDA:4,SuccessNotification
FNDA:8,ErrorNotification
DA:6,4
DA:7,4
DA:8,4
DA:21,8
DA:22,8
DA:23,8
LF:6
LH:6
BRDA:7,0,0,4
BRDA:7,0,1,4
BRDA:8,1,0,4
BRDA:8,1,1,0
BRDA:9,2,0,4
BRDA:9,2,1,0
BRDA:22,3,0,8
BRDA:22,3,1,8
BRDA:23,4,0,8
BRDA:23,4,1,0
BRDA:24,5,0,8
BRDA:24,5,1,0
BRF:12
BRH:8
end_of_record
TN:
SF:components/post-card.tsx
FN:29,(anonymous_0)
FN:31,(anonymous_1)
FN:59,(anonymous_2)
FN:59,(anonymous_3)
FN:62,(anonymous_4)
FNF:5
FNH:5
FNDA:528,(anonymous_0)
FNDA:8,(anonymous_1)
FNDA:1168,(anonymous_2)
FNDA:1168,(anonymous_3)
FNDA:8,(anonymous_4)
DA:29,6
DA:30,528
DA:31,528
DA:32,8
DA:34,528
DA:59,1168
DA:60,1168
DA:62,8
LF:8
LH:8
BRDA:32,0,0,4
BRDA:32,0,1,4
BRDA:46,1,0,528
BRDA:46,1,1,528
BRDA:56,2,0,400
BRDA:56,2,1,128
BRDA:59,3,0,528
BRDA:59,3,1,272
BRDA:61,4,0,32
BRDA:61,4,1,1136
BRDA:64,5,0,1168
BRDA:64,5,1,32
BRDA:72,6,0,64
BRDA:72,6,1,1104
BRF:14
BRH:14
end_of_record
TN:
SF:components/layout/footer.tsx
FN:1,Footer
FNF:1
FNH:1
FNDA:124,Footer
DA:2,124
LF:1
LH:1
BRDA:5,0,0,124
BRDA:5,0,1,0
BRF:2
BRH:1
end_of_record
TN:
SF:components/layout/header.tsx
FN:31,Header
FN:38,(anonymous_1)
FN:43,(anonymous_2)
FN:48,(anonymous_3)
FN:54,(anonymous_4)
FN:65,(anonymous_5)
FN:69,(anonymous_6)
FN:71,(anonymous_7)
FN:76,(anonymous_8)
FN:89,(anonymous_9)
FN:102,(anonymous_10)
FN:106,(anonymous_11)
FN:110,(anonymous_12)
FN:117,(anonymous_13)
FN:119,(anonymous_14)
FN:128,(anonymous_15)
FN:147,(anonymous_16)
FN:151,(anonymous_17)
FN:169,(anonymous_18)
FN:173,(anonymous_19)
FN:193,(anonymous_20)
FN:197,(anonymous_21)
FN:201,(anonymous_22)
FN:207,(anonymous_23)
FN:211,(anonymous_24)
FN:218,(anonymous_25)
FNF:26
FNH:17
FNDA:186,Header
FNDA:9,(anonymous_1)
FNDA:15,(anonymous_2)
FNDA:15,(anonymous_3)
FNDA:6,(anonymous_4)
FNDA:744,(anonymous_5)
FNDA:558,(anonymous_6)
FNDA:666,(anonymous_7)
FNDA:1116,(anonymous_8)
FNDA:0,(anonymous_9)
FNDA:0,(anonymous_10)
FNDA:0,(anonymous_11)
FNDA:0,(anonymous_12)
FNDA:0,(anonymous_13)
FNDA:0,(anonymous_14)
FNDA:558,(anonymous_15)
FNDA:558,(anonymous_16)
FNDA:0,(anonymous_17)
FNDA:558,(anonymous_18)
FNDA:6,(anonymous_19)
FNDA:6,(anonymous_20)
FNDA:0,(anonymous_21)
FNDA:0,(anonymous_22)
FNDA:6,(anonymous_23)
FNDA:6,(anonymous_24)
FNDA:558,(anonymous_25)
DA:32,186
DA:33,186
DA:34,186
DA:35,186
DA:38,186
DA:39,9
DA:43,186
DA:44,15
DA:48,186
DA:49,15
DA:54,186
DA:55,6
DA:56,6
DA:57,6
DA:58,6
DA:65,744
DA:69,186
DA:70,558
DA:71,666
DA:72,558
DA:76,1116
DA:78,186
DA:89,0
DA:102,0
DA:106,0
DA:110,0
DA:117,0
DA:119,0
DA:128,558
DA:148,558
DA:151,0
DA:170,558
DA:173,6
DA:193,6
DA:197,0
DA:201,0
DA:207,6
DA:211,6
DA:218,558
LF:39
LH:30
BRDA:49,0,0,15
BRDA:49,0,1,6
BRDA:57,1,0,6
BRDA:57,1,1,0
BRDA:84,2,0,186
BRDA:84,2,1,0
BRDA:91,3,0,186
BRDA:91,3,1,186
BRDA:91,3,2,168
BRDA:93,4,0,72
BRDA:93,4,1,96
BRDA:128,5,0,186
BRDA:128,5,1,186
BRDA:141,6,0,186
BRDA:141,6,1,186
BRDA:149,7,0,558
BRDA:149,7,1,156
BRDA:151,8,0,0
BRDA:151,8,1,0
BRDA:152,9,0,186
BRDA:152,9,1,372
BRDA:163,10,0,186
BRDA:163,10,1,186
BRDA:171,11,0,558
BRDA:171,11,1,156
BRDA:173,12,0,6
BRDA:173,12,1,6
BRDA:174,13,0,186
BRDA:174,13,1,372
BRDA:188,14,0,186
BRDA:188,14,1,186
BRDA:188,14,2,168
BRDA:190,15,0,72
BRDA:190,15,1,96
BRDA:218,16,0,186
BRDA:218,16,1,186
BRDA:220,17,0,186
BRDA:220,17,1,168
BRF:38
BRH:34
end_of_record
TN:
SF:components/layout/layout.tsx
FN:36,Layout
FN:40,(anonymous_1)
FN:44,(anonymous_2)
FN:45,(anonymous_3)
FNF:4
FNH:4
FNDA:210,Layout
FNDA:21,(anonymous_1)
FNDA:9,(anonymous_2)
FNDA:18,(anonymous_3)
DA:37,210
DA:38,210
DA:40,210
DA:41,21
DA:44,210
DA:45,18
DA:46,9
DA:49,210
DA:50,186
LF:9
LH:9
BRDA:41,0,0,21
BRDA:41,0,1,9
BRDA:41,0,2,9
BRDA:49,1,0,24
BRDA:49,1,1,186
BRDA:53,2,0,186
BRDA:53,2,1,0
BRDA:59,3,0,186
BRDA:59,3,1,36
BRF:9
BRH:8
end_of_record
TN:
SF:components/layout/socials.tsx
FN:13,Socials
FNF:1
FNH:1
FNDA:1736,Socials
DA:14,1736
LF:1
LH:1
BRDA:16,0,0,1736
BRDA:16,0,1,744
BRDA:21,1,0,372
BRDA:21,1,1,372
BRDA:22,2,0,372
BRDA:22,2,1,372
BRDA:23,3,0,372
BRDA:23,3,1,372
BRF:8
BRH:8
end_of_record
TN:
SF:components/layout/user-button.tsx
FN:5,UserButton
FNF:1
FNH:1
FNDA:1412,UserButton
DA:6,1412
LF:1
LH:1
BRDA:8,0,0,1160
BRDA:8,0,1,252
BRDA:9,1,0,1412
BRDA:9,1,1,208
BRDA:11,2,0,1412
BRDA:11,2,1,644
BRF:6
BRH:6
end_of_record
TN:
SF:components/userContext/sign_out.tsx
FN:4,(anonymous_0)
FN:15,(anonymous_1)
FN:16,(anonymous_2)
FNF:3
FNH:0
FNDA:0,(anonymous_0)
FNDA:0,(anonymous_1)
FNDA:0,(anonymous_2)
DA:4,9
DA:6,0
DA:12,0
DA:13,0
DA:15,0
DA:17,0
DA:18,0
LF:7
LH:1
BRDA:12,0,0,0
BRDA:12,0,1,0
BRF:2
BRH:0
end_of_record
TN:
SF:components/userContext/user-context.tsx
FN:25,(anonymous_0)
FN:28,(anonymous_1)
FN:35,(anonymous_2)
FN:43,(anonymous_3)
FN:46,(anonymous_4)
FN:51,(anonymous_5)
FNF:6
FNH:3
FNDA:130,(anonymous_0)
FNDA:9,(anonymous_1)
FNDA:0,(anonymous_2)
FNDA:0,(anonymous_3)
FNDA:0,(anonymous_4)
FNDA:9,(anonymous_5)
DA:16,9
DA:25,9
DA:26,130
DA:28,130
DA:30,9
DA:31,9
DA:35,130
DA:36,0
DA:41,0
DA:43,0
DA:46,0
DA:51,130
DA:52,9
DA:54,9
DA:57,130
DA:64,9
DA:65,9
LF:17
LH:13
BRDA:30,0,0,9
BRDA:30,0,1,0
BRDA:41,1,0,0
BRDA:41,1,1,0
BRDA:46,2,0,0
BRDA:46,2,1,0
BRDA:52,3,0,9
BRDA:52,3,1,0
BRDA:52,3,2,0
BRDA:54,4,0,9
BRDA:54,4,1,0
BRF:11
BRH:3
end_of_record
TN:
SF:components/userContext/user-reducer.tsx
FN:4,userReducer
FNF:1
FNH:1
FNDA:42,userReducer
DA:5,42
DA:7,4
DA:8,4
DA:9,4
DA:18,0
DA:19,0
DA:20,0
DA:29,0
DA:30,0
DA:31,0
DA:40,0
DA:41,0
DA:42,0
DA:51,0
DA:52,0
DA:53,0
DA:61,4
DA:62,4
DA:63,4
DA:71,0
DA:72,0
DA:73,0
DA:81,0
DA:82,0
DA:83,0
DA:91,12
DA:92,12
DA:93,12
DA:99,22
DA:100,22
DA:101,22
DA:107,0
DA:108,0
DA:109,0
DA:119,0
DA:128,0
DA:131,0
DA:132,0
LF:38
LH:13
BRDA:5,0,0,4
BRDA:5,0,1,0
BRDA:5,0,2,0
BRDA:5,0,3,0
BRDA:5,0,4,0
BRDA:5,0,5,4
BRDA:5,0,6,0
BRDA:5,0,7,0
BRDA:5,0,8,12
BRDA:5,0,9,22
BRDA:5,0,10,0
BRDA:5,0,11,0
BRDA:5,0,12,0
BRF:13
BRH:4
end_of_record
TN:
SF:components/userForms/edit-password.tsx
FN:9,EditPassword
FN:21,(anonymous_1)
FN:22,(anonymous_2)
FN:25,(anonymous_3)
FN:41,(anonymous_4)
FN:45,(anonymous_5)
FN:51,(anonymous_6)
FN:76,(anonymous_7)
FN:89,(anonymous_8)
FN:100,(anonymous_9)
FN:104,(anonymous_10)
FN:113,(anonymous_11)
FNF:12
FNH:11
FNDA:304,EditPassword
FNDA:120,(anonymous_1)
FNDA:240,(anonymous_2)
FNDA:12,(anonymous_3)
FNDA:0,(anonymous_4)
FNDA:4,(anonymous_5)
FNDA:52,(anonymous_6)
FNDA:12,(anonymous_7)
FNDA:344,(anonymous_8)
FNDA:16,(anonymous_9)
FNDA:52,(anonymous_10)
FNDA:52,(anonymous_11)
DA:10,304
DA:11,304
DA:12,304
DA:13,304
DA:14,304
DA:15,304
DA:21,304
DA:22,240
DA:25,304
DA:26,12
DA:27,12
DA:28,12
DA:29,4
DA:34,4
DA:35,4
DA:42,0
DA:46,4
DA:47,4
DA:51,304
DA:52,52
DA:53,52
DA:60,52
DA:62,20
DA:63,20
DA:65,16
DA:66,16
DA:68,8
DA:69,8
DA:71,8
DA:72,8
DA:76,304
DA:77,12
DA:78,12
DA:79,12
DA:80,12
DA:81,12
DA:82,12
DA:85,304
DA:89,344
DA:100,16
DA:104,52
DA:113,52
LF:42
LH:41
BRDA:28,0,0,8
BRDA:28,0,1,4
BRDA:60,1,0,20
BRDA:60,1,1,16
BRDA:60,1,2,8
BRDA:60,1,3,8
BRDA:61,2,0,52
BRDA:61,2,1,44
BRDA:64,3,0,32
BRDA:64,3,1,24
BRDA:78,4,0,12
BRDA:78,4,1,8
BRDA:79,5,0,12
BRDA:79,5,1,0
BRDA:80,6,0,12
BRDA:80,6,1,4
BRDA:87,7,0,304
BRDA:87,7,1,256
BRDA:98,8,0,304
BRDA:98,8,1,40
BRDA:107,9,0,304
BRDA:107,9,1,80
BRDA:115,10,0,304
BRDA:115,10,1,104
BRDA:119,11,0,8
BRDA:119,11,1,296
BRF:26
BRH:25
end_of_record
TN:
SF:components/userForms/edit-profile.tsx
FN:12,EditProfile
FN:19,(anonymous_1)
FN:23,(anonymous_2)
FN:24,(anonymous_3)
FN:27,(anonymous_4)
FN:43,(anonymous_5)
FN:44,(anonymous_6)
FN:45,(anonymous_7)
FN:48,(anonymous_8)
FN:63,(anonymous_9)
FN:72,(anonymous_10)
FN:81,(anonymous_11)
FN:91,(anonymous_12)
FN:95,(anonymous_13)
FN:102,(anonymous_14)
FN:106,(anonymous_15)
FNF:16
FNH:4
FNDA:48,EditProfile
FNDA:4,(anonymous_1)
FNDA:0,(anonymous_2)
FNDA:0,(anonymous_3)
FNDA:0,(anonymous_4)
FNDA:0,(anonymous_5)
FNDA:0,(anonymous_6)
FNDA:0,(anonymous_7)
FNDA:0,(anonymous_8)
FNDA:0,(anonymous_9)
FNDA:0,(anonymous_10)
FNDA:0,(anonymous_11)
FNDA:0,(anonymous_12)
FNDA:4,(anonymous_13)
FNDA:0,(anonymous_14)
FNDA:4,(anonymous_15)
DA:13,48
DA:14,48
DA:15,48
DA:16,48
DA:17,48
DA:19,48
DA:20,4
DA:23,48
DA:24,0
DA:27,48
DA:28,0
DA:29,0
DA:30,0
DA:31,0
DA:43,0
DA:44,0
DA:45,0
DA:48,48
DA:49,0
DA:50,0
DA:51,0
DA:52,0
DA:53,0
DA:54,0
DA:55,0
DA:56,0
DA:59,48
DA:63,0
DA:72,0
DA:81,0
DA:91,0
DA:95,4
DA:102,0
DA:106,4
LF:34
LH:13
BRDA:29,0,0,0
BRDA:29,0,1,0
BRDA:50,1,0,0
BRDA:50,1,1,0
BRDA:51,2,0,0
BRDA:51,2,1,0
BRDA:52,3,0,0
BRDA:52,3,1,0
BRDA:53,4,0,0
BRDA:53,4,1,0
BRDA:54,5,0,0
BRDA:54,5,1,0
BRDA:62,6,0,48
BRDA:62,6,1,0
BRDA:73,7,0,48
BRDA:73,7,1,0
BRDA:82,8,0,48
BRDA:82,8,1,0
BRDA:92,9,0,48
BRDA:92,9,1,0
BRDA:96,10,0,24
BRDA:96,10,1,24
BRDA:97,11,0,24
BRDA:97,11,1,24
BRDA:101,12,0,32
BRDA:101,12,1,16
BRDA:113,13,0,24
BRDA:113,13,1,24
BRF:28
BRH:12
end_of_record
TN:
SF:libs/fetcher.ts
FN:3,fetcher
FNF:1
FNH:1
FNDA:33,fetcher
DA:6,33
DA:7,33
DA:16,30
DA:17,0
DA:18,0
DA:21,30
LF:6
LH:4
BRDA:9,0,0,33
BRDA:9,0,1,12
BRDA:9,0,2,21
BRDA:10,1,0,33
BRDA:10,1,1,12
BRDA:10,1,2,21
BRDA:11,2,0,33
BRDA:11,2,1,12
BRDA:11,2,2,21
BRDA:12,3,0,33
BRDA:12,3,1,9
BRDA:16,4,0,0
BRDA:16,4,1,30
BRF:13
BRH:12
end_of_record
TN:
SF:libs/useBreakpoints.ts
FN:9,useBreakpoints
FNF:1
FNH:1
FNDA:24,useBreakpoints
DA:10,24
DA:17,24
DA:18,24
DA:19,24
DA:20,24
DA:21,24
LF:6
LH:6
BRDA:17,0,0,0
BRDA:17,0,1,24
BRDA:18,1,0,0
BRDA:18,1,1,24
BRDA:19,2,0,16
BRDA:19,2,1,8
BRDA:20,3,0,0
BRDA:20,3,1,24
BRF:8
BRH:5
end_of_record
TN:
SF:libs/useMediaQuery.ts
FN:9,useMediaQuery
FN:12,(anonymous_1)
FN:15,(anonymous_2)
FN:17,(anonymous_3)
FNF:4
FNH:2
FNDA:96,useMediaQuery
FNDA:16,(anonymous_1)
FNDA:0,(anonymous_2)
FNDA:0,(anonymous_3)
DA:10,96
DA:11,96
DA:13,16
DA:14,16
DA:15,16
DA:16,16
DA:17,16
DA:21,96
LF:8
LH:8
BRF:0
BRH:0
end_of_record
TN:
SF:libs/useTimeoutFn.ts
FN:5,useTimeoutFn
FN:10,(anonymous_1)
FN:12,(anonymous_2)
FN:16,(anonymous_3)
FN:22,(anonymous_4)
FN:28,(anonymous_5)
FN:33,(anonymous_6)
FNF:7
FNH:5
FNDA:56,useTimeoutFn
FNDA:0,(anonymous_1)
FNDA:8,(anonymous_2)
FNDA:0,(anonymous_3)
FNDA:12,(anonymous_4)
FNDA:26,(anonymous_5)
FNDA:8,(anonymous_6)
DA:6,56
DA:7,56
DA:8,56
DA:10,56
DA:12,56
DA:13,8
DA:14,8
DA:16,8
DA:17,0
DA:18,0
DA:22,56
DA:23,12
DA:24,12
DA:28,56
DA:29,26
DA:33,56
DA:34,8
DA:36,8
DA:39,56
LF:19
LH:17
BRDA:5,0,0,0
BRDA:14,1,0,8
BRDA:14,1,1,0
BRDA:24,2,0,12
BRDA:24,2,1,12
BRF:5
BRH:3
end_of_record
TN:
SF:pages/_app.js
FN:8,(anonymous_0)
FN:9,(anonymous_1)
FN:10,(anonymous_2)
FN:12,MyApp
FN:22,(anonymous_4)
FNF:5
FNH:4
FNDA:24,(anonymous_0)
FNDA:24,(anonymous_1)
FNDA:0,(anonymous_2)
FNDA:66,MyApp
FNDA:24,(anonymous_4)
DA:8,24
DA:9,24
DA:10,9
DA:13,66
DA:22,9
DA:23,24
DA:24,24
DA:25,24
LF:8
LH:8
BRDA:24,0,0,0
BRDA:24,0,1,24
BRF:2
BRH:1
end_of_record
TN:
SF:pages/index.tsx
FN:27,(anonymous_0)
FN:36,(anonymous_1)
FN:42,(anonymous_2)
FN:55,(anonymous_3)
FN:60,(anonymous_4)
FN:63,(anonymous_5)
FN:64,(anonymous_6)
FN:73,(anonymous_7)
FN:86,(anonymous_8)
FN:111,(anonymous_9)
FNF:10
FNH:7
FNDA:216,(anonymous_0)
FNDA:0,(anonymous_1)
FNDA:42,(anonymous_2)
FNDA:12,(anonymous_3)
FNDA:6,(anonymous_4)
FNDA:6,(anonymous_5)
FNDA:6,(anonymous_6)
FNDA:0,(anonymous_7)
FNDA:792,(anonymous_8)
FNDA:0,(anonymous_9)
DA:27,8
DA:28,216
DA:29,216
DA:30,216
DA:31,216
DA:32,216
DA:33,216
DA:34,216
DA:35,216
DA:38,0
DA:42,216
DA:44,42
DA:46,42
DA:48,42
DA:50,42
DA:52,42
DA:55,216
DA:57,12
DA:60,216
DA:61,6
DA:63,216
DA:64,6
DA:67,216
DA:73,0
DA:77,216
DA:79,216
DA:80,120
DA:82,120
DA:87,792
DA:111,0
LF:30
LH:27
BRDA:33,0,0,216
BRDA:33,0,1,216
BRDA:35,1,0,192
BRDA:35,1,1,24
BRDA:38,2,0,0
BRDA:38,2,1,0
BRDA:44,3,0,6
BRDA:44,3,1,36
BRDA:46,4,0,42
BRDA:46,4,1,12
BRDA:48,5,0,6
BRDA:48,5,1,36
BRDA:52,6,0,42
BRDA:52,6,1,12
BRDA:57,7,0,12
BRDA:57,7,1,12
BRDA:67,8,0,0
BRDA:67,8,1,216
BRDA:67,9,0,216
BRDA:67,9,1,0
BRDA:73,10,0,0
BRDA:73,10,1,0
BRDA:74,11,0,0
BRDA:74,11,1,0
BRDA:77,12,0,0
BRDA:77,12,1,216
BRDA:79,13,0,96
BRDA:79,13,1,120
BRDA:80,14,0,0
BRDA:80,14,1,120
BRDA:93,15,0,792
BRDA:93,15,1,0
BRDA:105,16,0,120
BRDA:105,16,1,72
BRDA:122,17,0,72
BRDA:122,17,1,72
BRF:36
BRH:25
end_of_record
TN:
SF:pages/user/login.tsx
FN:7,(anonymous_0)
FN:16,(anonymous_1)
FN:18,(anonymous_2)
FN:21,(anonymous_3)
FN:32,(anonymous_4)
FN:37,(anonymous_5)
FNF:6
FNH:6
FNDA:344,(anonymous_0)
FNDA:144,(anonymous_1)
FNDA:284,(anonymous_2)
FNDA:8,(anonymous_3)
FNDA:4,(anonymous_4)
FNDA:4,(anonymous_5)
DA:7,4
DA:8,344
DA:9,344
DA:10,344
DA:11,344
DA:16,344
DA:17,144
DA:18,284
DA:21,344
DA:22,8
DA:23,8
DA:24,8
DA:29,8
DA:30,8
DA:33,4
DA:34,4
DA:35,4
DA:38,4
DA:39,4
DA:43,344
LF:20
LH:20
BRDA:59,0,0,344
BRDA:59,0,1,104
BRDA:61,1,0,16
BRDA:61,1,1,328
BRF:4
BRH:4
end_of_record
TN:
SF:pages/user/profile.tsx
FN:12,(anonymous_0)
FN:15,(anonymous_1)
FN:17,(anonymous_2)
FN:22,(anonymous_3)
FN:26,statusColor
FNF:5
FNH:3
FNDA:32,(anonymous_0)
FNDA:0,(anonymous_1)
FNDA:0,(anonymous_2)
FNDA:4,(anonymous_3)
FNDA:24,statusColor
DA:12,4
DA:13,32
DA:14,32
DA:15,32
DA:16,32
DA:18,0
DA:22,32
DA:23,4
DA:27,24
DA:28,24
DA:29,24
DA:30,0
DA:33,32
DA:34,24
LF:14
LH:12
BRDA:16,0,0,32
BRDA:16,0,1,0
BRDA:18,1,0,0
BRDA:18,1,1,0
BRDA:23,2,0,4
BRDA:23,2,1,0
BRDA:28,3,0,0
BRDA:28,3,1,24
BRDA:29,4,0,24
BRDA:29,4,1,0
BRDA:33,5,0,8
BRDA:33,5,1,24
BRDA:33,6,0,32
BRDA:33,6,1,32
BRDA:48,7,0,24
BRDA:48,7,1,24
BRF:16
BRH:10
end_of_record
TN:
SF:pages/user/register.tsx
FN:8,(anonymous_0)
FN:22,(anonymous_1)
FN:35,(anonymous_2)
FN:36,(anonymous_3)
FN:39,(anonymous_4)
FN:64,(anonymous_5)
FN:85,(anonymous_6)
FN:90,(anonymous_7)
FN:103,(anonymous_8)
FNF:9
FNH:7
FNDA:450,(anonymous_0)
FNDA:9,(anonymous_1)
FNDA:207,(anonymous_2)
FNDA:408,(anonymous_3)
FNDA:51,(anonymous_4)
FNDA:9,(anonymous_5)
FNDA:0,(anonymous_6)
FNDA:0,(anonymous_7)
FNDA:396,(anonymous_8)
DA:8,10
DA:9,450
DA:10,450
DA:11,450
DA:12,450
DA:13,450
DA:14,450
DA:22,450
DA:23,9
DA:24,9
DA:25,9
DA:26,9
DA:27,9
DA:28,9
DA:29,9
DA:30,9
DA:31,9
DA:32,9
DA:35,450
DA:36,408
DA:39,450
DA:40,51
DA:41,51
DA:48,51
DA:50,24
DA:51,24
DA:53,12
DA:54,12
DA:56,6
DA:57,6
DA:59,9
DA:60,9
DA:64,450
DA:65,9
DA:66,9
DA:67,9
DA:68,0
DA:73,0
DA:74,0
DA:86,0
DA:87,0
DA:88,0
DA:91,0
DA:92,0
DA:93,0
DA:97,450
DA:103,396
LF:47
LH:38
BRDA:24,0,0,9
BRDA:24,0,1,9
BRDA:25,1,0,9
BRDA:25,1,1,9
BRDA:26,2,0,9
BRDA:26,2,1,6
BRDA:27,3,0,9
BRDA:27,3,1,3
BRDA:28,4,0,9
BRDA:28,4,1,3
BRDA:29,5,0,9
BRDA:29,5,1,3
BRDA:30,6,0,9
BRDA:30,6,1,3
BRDA:48,7,0,24
BRDA:48,7,1,12
BRDA:48,7,2,6
BRDA:48,7,3,9
BRDA:49,8,0,51
BRDA:49,8,1,42
BRDA:52,9,0,27
BRDA:52,9,1,18
BRDA:67,10,0,9
BRDA:67,10,1,0
BRDA:102,11,0,450
BRDA:102,11,1,72
BRDA:131,12,0,0
BRDA:131,12,1,450
BRF:28
BRH:26
end_of_record
TN:
SF:pages/user/subscriptions.tsx
FN:40,(anonymous_0)
FN:43,(anonymous_1)
FN:48,(anonymous_2)
FN:53,(anonymous_3)
FN:55,(anonymous_4)
FN:55,(anonymous_5)
FN:58,(anonymous_6)
FN:63,(anonymous_7)
FN:64,(anonymous_8)
FN:67,(anonymous_9)
FN:76,(anonymous_10)
FN:77,(anonymous_11)
FN:78,(anonymous_12)
FN:82,(anonymous_13)
FN:95,(anonymous_14)
FN:96,(anonymous_15)
FN:97,(anonymous_16)
FN:106,(anonymous_17)
FN:107,(anonymous_18)
FN:108,(anonymous_19)
FN:113,(anonymous_20)
FN:125,(anonymous_21)
FN:126,(anonymous_22)
FN:127,(anonymous_23)
FN:130,(anonymous_24)
FN:140,(anonymous_25)
FN:141,(anonymous_26)
FN:142,(anonymous_27)
FN:145,(anonymous_28)
FN:148,(anonymous_29)
FN:157,(anonymous_30)
FN:191,(anonymous_31)
FN:193,(anonymous_32)
FN:195,(anonymous_33)
FN:197,(anonymous_34)
FN:201,(anonymous_35)
FN:234,(anonymous_36)
FN:275,(anonymous_37)
FN:302,(anonymous_38)
FNF:39
FNH:7
FNDA:24,(anonymous_0)
FNDA:0,(anonymous_1)
FNDA:0,(anonymous_2)
FNDA:4,(anonymous_3)
FNDA:4,(anonymous_4)
FNDA:0,(anonymous_5)
FNDA:4,(anonymous_6)
FNDA:4,(anonymous_7)
FNDA:4,(anonymous_8)
FNDA:0,(anonymous_9)
FNDA:0,(anonymous_10)
FNDA:0,(anonymous_11)
FNDA:0,(anonymous_12)
FNDA:0,(anonymous_13)
FNDA:0,(anonymous_14)
FNDA:0,(anonymous_15)
FNDA:0,(anonymous_16)
FNDA:0,(anonymous_17)
FNDA:0,(anonymous_18)
FNDA:0,(anonymous_19)
FNDA:0,(anonymous_20)
FNDA:0,(anonymous_21)
FNDA:0,(anonymous_22)
FNDA:0,(anonymous_23)
FNDA:0,(anonymous_24)
FNDA:0,(anonymous_25)
FNDA:0,(anonymous_26)
FNDA:0,(anonymous_27)
FNDA:0,(anonymous_28)
FNDA:0,(anonymous_29)
FNDA:0,(anonymous_30)
FNDA:0,(anonymous_31)
FNDA:0,(anonymous_32)
FNDA:0,(anonymous_33)
FNDA:0,(anonymous_34)
FNDA:0,(anonymous_35)
FNDA:0,(anonymous_36)
FNDA:24,(anonymous_37)
FNDA:0,(anonymous_38)
DA:40,4
DA:41,24
DA:42,24
DA:43,24
DA:44,24
DA:45,24
DA:46,24
DA:47,24
DA:49,0
DA:53,24
DA:54,4
DA:55,4
DA:58,24
DA:59,4
DA:60,0
DA:63,24
DA:64,4
DA:67,24
DA:68,0
DA:69,0
DA:76,0
DA:77,0
DA:78,0
DA:82,24
DA:83,0
DA:84,0
DA:85,0
DA:86,0
DA:87,0
DA:88,0
DA:95,0
DA:96,0
DA:97,0
DA:99,0
DA:106,0
DA:107,0
DA:108,0
DA:113,24
DA:114,0
DA:115,0
DA:116,0
DA:117,0
DA:125,0
DA:126,0
DA:127,0
DA:130,24
DA:131,0
DA:132,0
DA:133,0
DA:140,0
DA:141,0
DA:142,0
DA:145,24
DA:146,0
DA:149,0
DA:150,0
DA:151,0
DA:153,0
DA:157,24
DA:158,0
DA:192,0
DA:193,0
DA:194,0
DA:195,0
DA:196,0
DA:197,0
DA:198,0
DA:199,0
DA:201,0
DA:202,0
DA:203,0
DA:204,0
DA:207,0
DA:211,24
DA:213,24
DA:234,0
DA:276,24
DA:302,0
LF:78
LH:24
BRDA:49,0,0,0
BRDA:49,0,1,0
BRDA:54,1,0,4
BRDA:54,1,1,0
BRDA:55,2,0,4
BRDA:55,2,1,0
BRDA:55,3,0,4
BRDA:55,3,1,4
BRDA:59,4,0,4
BRDA:59,4,1,4
BRDA:60,5,0,0
BRDA:60,5,1,0
BRDA:76,6,0,0
BRDA:76,6,1,0
BRDA:86,7,0,0
BRDA:86,7,1,0
BRDA:87,8,0,0
BRDA:87,8,1,0
BRDA:116,9,0,0
BRDA:116,9,1,0
BRDA:149,10,0,0
BRDA:149,10,1,0
BRDA:196,11,0,0
BRDA:196,11,1,0
BRDA:197,12,0,0
BRDA:197,12,1,0
BRDA:211,13,0,0
BRDA:211,13,1,24
BRDA:211,14,0,24
BRDA:211,14,1,24
BRDA:222,15,0,24
BRDA:222,15,1,0
BRDA:242,16,0,0
BRDA:242,16,1,24
BRDA:247,17,0,0
BRDA:247,17,1,24
BRDA:251,18,0,0
BRDA:251,18,1,24
BRDA:255,19,0,0
BRDA:255,19,1,24
BRDA:259,20,0,0
BRDA:259,20,1,24
BRDA:261,21,0,0
BRDA:261,21,1,24
BRDA:273,22,0,24
BRDA:273,22,1,8
BRDA:277,23,0,0
BRDA:277,23,1,24
BRDA:277,24,0,24
BRDA:277,24,1,8
BRDA:282,25,0,0
BRDA:282,25,1,24
BRDA:282,26,0,24
BRDA:282,26,1,8
BRDA:283,27,0,24
BRDA:283,27,1,0
BRDA:286,28,0,24
BRDA:286,28,1,8
BRDA:287,29,0,0
BRDA:287,29,1,8
BRDA:294,30,0,0
BRDA:294,30,1,24
BRDA:294,31,0,24
BRDA:294,31,1,24
BRDA:294,31,2,8
BRDA:302,32,0,0
BRDA:302,32,1,24
BRF:67
BRH:33
end_of_record
