{
  "/home/tommy/Documents/Podboxx/NextJs-Website/components/layout/header.tsx": {
    "path": "/home/tommy/Documents/Podboxx/NextJs-Website/components/layout/header.tsx",
    "statementMap": {
      "0": {
        "start": {
          "line": 32,
          "column": 19
        },
        "end": {
          "line": 32,
          "column": 30
        }
      },
      "1": {
        "start": {
          "line": 33,
          "column": 38
        },
        "end": {
          "line": 33,
          "column": 68
        }
      },
      "2": {
        "start": {
          "line": 34,
          "column": 36
        },
        "end": {
          "line": 34,
          "column": 64
        }
      },
      "3": {
        "start": {
          "line": 35,
          "column": 48
        },
        "end": {
          "line": 35,
          "column": 75
        }
      },
      "4": {
        "start": {
          "line": 38,
          "column": 4
        },
        "end": {
          "line": 40,
          "column": 10
        }
      },
      "5": {
        "start": {
          "line": 39,
          "column": 8
        },
        "end": {
          "line": 39,
          "column": 44
        }
      },
      "6": {
        "start": {
          "line": 43,
          "column": 4
        },
        "end": {
          "line": 45,
          "column": 28
        }
      },
      "7": {
        "start": {
          "line": 44,
          "column": 8
        },
        "end": {
          "line": 44,
          "column": 39
        }
      },
      "8": {
        "start": {
          "line": 48,
          "column": 4
        },
        "end": {
          "line": 50,
          "column": 27
        }
      },
      "9": {
        "start": {
          "line": 49,
          "column": 8
        },
        "end": {
          "line": 49,
          "column": 109
        }
      },
      "10": {
        "start": {
          "line": 54,
          "column": 32
        },
        "end": {
          "line": 62,
          "column": 5
        }
      },
      "11": {
        "start": {
          "line": 55,
          "column": 8
        },
        "end": {
          "line": 55,
          "column": 44
        }
      },
      "12": {
        "start": {
          "line": 56,
          "column": 8
        },
        "end": {
          "line": 56,
          "column": 70
        }
      },
      "13": {
        "start": {
          "line": 57,
          "column": 8
        },
        "end": {
          "line": 57,
          "column": 103
        }
      },
      "14": {
        "start": {
          "line": 58,
          "column": 8
        },
        "end": {
          "line": 61,
          "column": 22
        }
      },
      "15": {
        "start": {
          "line": 65,
          "column": 34
        },
        "end": {
          "line": 65,
          "column": 73
        }
      },
      "16": {
        "start": {
          "line": 65,
          "column": 41
        },
        "end": {
          "line": 65,
          "column": 73
        }
      },
      "17": {
        "start": {
          "line": 69,
          "column": 30
        },
        "end": {
          "line": 73,
          "column": 5
        }
      },
      "18": {
        "start": {
          "line": 70,
          "column": 24
        },
        "end": {
          "line": 70,
          "column": 56
        }
      },
      "19": {
        "start": {
          "line": 71,
          "column": 22
        },
        "end": {
          "line": 71,
          "column": 87
        }
      },
      "20": {
        "start": {
          "line": 71,
          "column": 55
        },
        "end": {
          "line": 71,
          "column": 86
        }
      },
      "21": {
        "start": {
          "line": 72,
          "column": 8
        },
        "end": {
          "line": 72,
          "column": 45
        }
      },
      "22": {
        "start": {
          "line": 76,
          "column": 27
        },
        "end": {
          "line": 76,
          "column": 79
        }
      },
      "23": {
        "start": {
          "line": 76,
          "column": 35
        },
        "end": {
          "line": 76,
          "column": 79
        }
      },
      "24": {
        "start": {
          "line": 78,
          "column": 4
        },
        "end": {
          "line": 237,
          "column": 6
        }
      },
      "25": {
        "start": {
          "line": 89,
          "column": 51
        },
        "end": {
          "line": 89,
          "column": 70
        }
      },
      "26": {
        "start": {
          "line": 102,
          "column": 71
        },
        "end": {
          "line": 102,
          "column": 99
        }
      },
      "27": {
        "start": {
          "line": 106,
          "column": 71
        },
        "end": {
          "line": 106,
          "column": 105
        }
      },
      "28": {
        "start": {
          "line": 110,
          "column": 71
        },
        "end": {
          "line": 110,
          "column": 111
        }
      },
      "29": {
        "start": {
          "line": 117,
          "column": 63
        },
        "end": {
          "line": 117,
          "column": 89
        }
      },
      "30": {
        "start": {
          "line": 119,
          "column": 63
        },
        "end": {
          "line": 119,
          "column": 92
        }
      },
      "31": {
        "start": {
          "line": 128,
          "column": 72
        },
        "end": {
          "line": 128,
          "column": 89
        }
      },
      "32": {
        "start": {
          "line": 148,
          "column": 36
        },
        "end": {
          "line": 156,
          "column": 41
        }
      },
      "33": {
        "start": {
          "line": 151,
          "column": 63
        },
        "end": {
          "line": 151,
          "column": 194
        }
      },
      "34": {
        "start": {
          "line": 170,
          "column": 36
        },
        "end": {
          "line": 178,
          "column": 41
        }
      },
      "35": {
        "start": {
          "line": 173,
          "column": 63
        },
        "end": {
          "line": 173,
          "column": 194
        }
      },
      "36": {
        "start": {
          "line": 193,
          "column": 75
        },
        "end": {
          "line": 193,
          "column": 103
        }
      },
      "37": {
        "start": {
          "line": 197,
          "column": 75
        },
        "end": {
          "line": 197,
          "column": 109
        }
      },
      "38": {
        "start": {
          "line": 201,
          "column": 75
        },
        "end": {
          "line": 201,
          "column": 115
        }
      },
      "39": {
        "start": {
          "line": 207,
          "column": 75
        },
        "end": {
          "line": 207,
          "column": 101
        }
      },
      "40": {
        "start": {
          "line": 211,
          "column": 75
        },
        "end": {
          "line": 211,
          "column": 104
        }
      },
      "41": {
        "start": {
          "line": 218,
          "column": 80
        },
        "end": {
          "line": 218,
          "column": 97
        }
      }
    },
    "fnMap": {
      "0": {
        "name": "Header",
        "decl": {
          "start": {
            "line": 31,
            "column": 24
          },
          "end": {
            "line": 31,
            "column": 30
          }
        },
        "loc": {
          "start": {
            "line": 31,
            "column": 43
          },
          "end": {
            "line": 238,
            "column": 1
          }
        },
        "line": 31
      },
      "1": {
        "name": "(anonymous_1)",
        "decl": {
          "start": {
            "line": 38,
            "column": 14
          },
          "end": {
            "line": 38,
            "column": 15
          }
        },
        "loc": {
          "start": {
            "line": 38,
            "column": 20
          },
          "end": {
            "line": 40,
            "column": 5
          }
        },
        "line": 38
      },
      "2": {
        "name": "(anonymous_2)",
        "decl": {
          "start": {
            "line": 43,
            "column": 14
          },
          "end": {
            "line": 43,
            "column": 15
          }
        },
        "loc": {
          "start": {
            "line": 43,
            "column": 20
          },
          "end": {
            "line": 45,
            "column": 5
          }
        },
        "line": 43
      },
      "3": {
        "name": "(anonymous_3)",
        "decl": {
          "start": {
            "line": 48,
            "column": 14
          },
          "end": {
            "line": 48,
            "column": 15
          }
        },
        "loc": {
          "start": {
            "line": 48,
            "column": 20
          },
          "end": {
            "line": 50,
            "column": 5
          }
        },
        "line": 48
      },
      "4": {
        "name": "(anonymous_4)",
        "decl": {
          "start": {
            "line": 54,
            "column": 32
          },
          "end": {
            "line": 54,
            "column": 33
          }
        },
        "loc": {
          "start": {
            "line": 54,
            "column": 67
          },
          "end": {
            "line": 62,
            "column": 5
          }
        },
        "line": 54
      },
      "5": {
        "name": "(anonymous_5)",
        "decl": {
          "start": {
            "line": 65,
            "column": 34
          },
          "end": {
            "line": 65,
            "column": 35
          }
        },
        "loc": {
          "start": {
            "line": 65,
            "column": 41
          },
          "end": {
            "line": 65,
            "column": 73
          }
        },
        "line": 65
      },
      "6": {
        "name": "(anonymous_6)",
        "decl": {
          "start": {
            "line": 69,
            "column": 30
          },
          "end": {
            "line": 69,
            "column": 31
          }
        },
        "loc": {
          "start": {
            "line": 69,
            "column": 36
          },
          "end": {
            "line": 73,
            "column": 5
          }
        },
        "line": 69
      },
      "7": {
        "name": "(anonymous_7)",
        "decl": {
          "start": {
            "line": 71,
            "column": 50
          },
          "end": {
            "line": 71,
            "column": 51
          }
        },
        "loc": {
          "start": {
            "line": 71,
            "column": 55
          },
          "end": {
            "line": 71,
            "column": 86
          }
        },
        "line": 71
      },
      "8": {
        "name": "(anonymous_8)",
        "decl": {
          "start": {
            "line": 76,
            "column": 27
          },
          "end": {
            "line": 76,
            "column": 28
          }
        },
        "loc": {
          "start": {
            "line": 76,
            "column": 35
          },
          "end": {
            "line": 76,
            "column": 79
          }
        },
        "line": 76
      },
      "9": {
        "name": "(anonymous_9)",
        "decl": {
          "start": {
            "line": 89,
            "column": 45
          },
          "end": {
            "line": 89,
            "column": 46
          }
        },
        "loc": {
          "start": {
            "line": 89,
            "column": 51
          },
          "end": {
            "line": 89,
            "column": 70
          }
        },
        "line": 89
      },
      "10": {
        "name": "(anonymous_10)",
        "decl": {
          "start": {
            "line": 102,
            "column": 65
          },
          "end": {
            "line": 102,
            "column": 66
          }
        },
        "loc": {
          "start": {
            "line": 102,
            "column": 71
          },
          "end": {
            "line": 102,
            "column": 99
          }
        },
        "line": 102
      },
      "11": {
        "name": "(anonymous_11)",
        "decl": {
          "start": {
            "line": 106,
            "column": 65
          },
          "end": {
            "line": 106,
            "column": 66
          }
        },
        "loc": {
          "start": {
            "line": 106,
            "column": 71
          },
          "end": {
            "line": 106,
            "column": 105
          }
        },
        "line": 106
      },
      "12": {
        "name": "(anonymous_12)",
        "decl": {
          "start": {
            "line": 110,
            "column": 65
          },
          "end": {
            "line": 110,
            "column": 66
          }
        },
        "loc": {
          "start": {
            "line": 110,
            "column": 71
          },
          "end": {
            "line": 110,
            "column": 111
          }
        },
        "line": 110
      },
      "13": {
        "name": "(anonymous_13)",
        "decl": {
          "start": {
            "line": 117,
            "column": 57
          },
          "end": {
            "line": 117,
            "column": 58
          }
        },
        "loc": {
          "start": {
            "line": 117,
            "column": 63
          },
          "end": {
            "line": 117,
            "column": 89
          }
        },
        "line": 117
      },
      "14": {
        "name": "(anonymous_14)",
        "decl": {
          "start": {
            "line": 119,
            "column": 57
          },
          "end": {
            "line": 119,
            "column": 58
          }
        },
        "loc": {
          "start": {
            "line": 119,
            "column": 63
          },
          "end": {
            "line": 119,
            "column": 92
          }
        },
        "line": 119
      },
      "15": {
        "name": "(anonymous_15)",
        "decl": {
          "start": {
            "line": 128,
            "column": 67
          },
          "end": {
            "line": 128,
            "column": 68
          }
        },
        "loc": {
          "start": {
            "line": 128,
            "column": 72
          },
          "end": {
            "line": 128,
            "column": 89
          }
        },
        "line": 128
      },
      "16": {
        "name": "(anonymous_16)",
        "decl": {
          "start": {
            "line": 147,
            "column": 72
          },
          "end": {
            "line": 147,
            "column": 73
          }
        },
        "loc": {
          "start": {
            "line": 148,
            "column": 36
          },
          "end": {
            "line": 156,
            "column": 41
          }
        },
        "line": 148
      },
      "17": {
        "name": "(anonymous_17)",
        "decl": {
          "start": {
            "line": 151,
            "column": 57
          },
          "end": {
            "line": 151,
            "column": 58
          }
        },
        "loc": {
          "start": {
            "line": 151,
            "column": 63
          },
          "end": {
            "line": 151,
            "column": 194
          }
        },
        "line": 151
      },
      "18": {
        "name": "(anonymous_18)",
        "decl": {
          "start": {
            "line": 169,
            "column": 72
          },
          "end": {
            "line": 169,
            "column": 73
          }
        },
        "loc": {
          "start": {
            "line": 170,
            "column": 36
          },
          "end": {
            "line": 178,
            "column": 41
          }
        },
        "line": 170
      },
      "19": {
        "name": "(anonymous_19)",
        "decl": {
          "start": {
            "line": 173,
            "column": 57
          },
          "end": {
            "line": 173,
            "column": 58
          }
        },
        "loc": {
          "start": {
            "line": 173,
            "column": 63
          },
          "end": {
            "line": 173,
            "column": 194
          }
        },
        "line": 173
      },
      "20": {
        "name": "(anonymous_20)",
        "decl": {
          "start": {
            "line": 193,
            "column": 69
          },
          "end": {
            "line": 193,
            "column": 70
          }
        },
        "loc": {
          "start": {
            "line": 193,
            "column": 75
          },
          "end": {
            "line": 193,
            "column": 103
          }
        },
        "line": 193
      },
      "21": {
        "name": "(anonymous_21)",
        "decl": {
          "start": {
            "line": 197,
            "column": 69
          },
          "end": {
            "line": 197,
            "column": 70
          }
        },
        "loc": {
          "start": {
            "line": 197,
            "column": 75
          },
          "end": {
            "line": 197,
            "column": 109
          }
        },
        "line": 197
      },
      "22": {
        "name": "(anonymous_22)",
        "decl": {
          "start": {
            "line": 201,
            "column": 69
          },
          "end": {
            "line": 201,
            "column": 70
          }
        },
        "loc": {
          "start": {
            "line": 201,
            "column": 75
          },
          "end": {
            "line": 201,
            "column": 115
          }
        },
        "line": 201
      },
      "23": {
        "name": "(anonymous_23)",
        "decl": {
          "start": {
            "line": 207,
            "column": 69
          },
          "end": {
            "line": 207,
            "column": 70
          }
        },
        "loc": {
          "start": {
            "line": 207,
            "column": 75
          },
          "end": {
            "line": 207,
            "column": 101
          }
        },
        "line": 207
      },
      "24": {
        "name": "(anonymous_24)",
        "decl": {
          "start": {
            "line": 211,
            "column": 69
          },
          "end": {
            "line": 211,
            "column": 70
          }
        },
        "loc": {
          "start": {
            "line": 211,
            "column": 75
          },
          "end": {
            "line": 211,
            "column": 104
          }
        },
        "line": 211
      },
      "25": {
        "name": "(anonymous_25)",
        "decl": {
          "start": {
            "line": 218,
            "column": 75
          },
          "end": {
            "line": 218,
            "column": 76
          }
        },
        "loc": {
          "start": {
            "line": 218,
            "column": 80
          },
          "end": {
            "line": 218,
            "column": 97
          }
        },
        "line": 218
      }
    },
    "branchMap": {
      "0": {
        "loc": {
          "start": {
            "line": 49,
            "column": 8
          },
          "end": {
            "line": 49,
            "column": 109
          }
        },
        "type": "binary-expr",
        "locations": [
          {
            "start": {
              "line": 49,
              "column": 8
            },
            "end": {
              "line": 49,
              "column": 69
            }
          },
          {
            "start": {
              "line": 49,
              "column": 73
            },
            "end": {
              "line": 49,
              "column": 109
            }
          }
        ],
        "line": 49
      },
      "1": {
        "loc": {
          "start": {
            "line": 57,
            "column": 8
          },
          "end": {
            "line": 57,
            "column": 103
          }
        },
        "type": "binary-expr",
        "locations": [
          {
            "start": {
              "line": 57,
              "column": 8
            },
            "end": {
              "line": 57,
              "column": 59
            }
          },
          {
            "start": {
              "line": 57,
              "column": 63
            },
            "end": {
              "line": 57,
              "column": 103
            }
          }
        ],
        "line": 57
      },
      "2": {
        "loc": {
          "start": {
            "line": 84,
            "column": 34
          },
          "end": {
            "line": 84,
            "column": 67
          }
        },
        "type": "binary-expr",
        "locations": [
          {
            "start": {
              "line": 84,
              "column": 34
            },
            "end": {
              "line": 84,
              "column": 51
            }
          },
          {
            "start": {
              "line": 84,
              "column": 55
            },
            "end": {
              "line": 84,
              "column": 67
            }
          }
        ],
        "line": 84
      },
      "3": {
        "loc": {
          "start": {
            "line": 91,
            "column": 25
          },
          "end": {
            "line": 122,
            "column": 27
          }
        },
        "type": "binary-expr",
        "locations": [
          {
            "start": {
              "line": 91,
              "column": 25
            },
            "end": {
              "line": 91,
              "column": 72
            }
          },
          {
            "start": {
              "line": 91,
              "column": 76
            },
            "end": {
              "line": 91,
              "column": 95
            }
          },
          {
            "start": {
              "line": 92,
              "column": 24
            },
            "end": {
              "line": 122,
              "column": 27
            }
          }
        ],
        "line": 91
      },
      "4": {
        "loc": {
          "start": {
            "line": 93,
            "column": 29
          },
          "end": {
            "line": 121,
            "column": 35
          }
        },
        "type": "cond-expr",
        "locations": [
          {
            "start": {
              "line": 94,
              "column": 32
            },
            "end": {
              "line": 114,
              "column": 38
            }
          },
          {
            "start": {
              "line": 116,
              "column": 32
            },
            "end": {
              "line": 121,
              "column": 35
            }
          }
        ],
        "line": 93
      },
      "5": {
        "loc": {
          "start": {
            "line": 128,
            "column": 25
          },
          "end": {
            "line": 140,
            "column": 29
          }
        },
        "type": "binary-expr",
        "locations": [
          {
            "start": {
              "line": 128,
              "column": 25
            },
            "end": {
              "line": 128,
              "column": 90
            }
          },
          {
            "start": {
              "line": 129,
              "column": 24
            },
            "end": {
              "line": 140,
              "column": 29
            }
          }
        ],
        "line": 128
      },
      "6": {
        "loc": {
          "start": {
            "line": 141,
            "column": 25
          },
          "end": {
            "line": 159,
            "column": 30
          }
        },
        "type": "binary-expr",
        "locations": [
          {
            "start": {
              "line": 141,
              "column": 25
            },
            "end": {
              "line": 141,
              "column": 75
            }
          },
          {
            "start": {
              "line": 142,
              "column": 24
            },
            "end": {
              "line": 159,
              "column": 30
            }
          }
        ],
        "line": 141
      },
      "7": {
        "loc": {
          "start": {
            "line": 149,
            "column": 59
          },
          "end": {
            "line": 149,
            "column": 148
          }
        },
        "type": "binary-expr",
        "locations": [
          {
            "start": {
              "line": 149,
              "column": 59
            },
            "end": {
              "line": 149,
              "column": 107
            }
          },
          {
            "start": {
              "line": 149,
              "column": 111
            },
            "end": {
              "line": 149,
              "column": 148
            }
          }
        ],
        "line": 149
      },
      "8": {
        "loc": {
          "start": {
            "line": 151,
            "column": 63
          },
          "end": {
            "line": 151,
            "column": 194
          }
        },
        "type": "binary-expr",
        "locations": [
          {
            "start": {
              "line": 151,
              "column": 63
            },
            "end": {
              "line": 151,
              "column": 137
            }
          },
          {
            "start": {
              "line": 151,
              "column": 141
            },
            "end": {
              "line": 151,
              "column": 194
            }
          }
        ],
        "line": 151
      },
      "9": {
        "loc": {
          "start": {
            "line": 152,
            "column": 54
          },
          "end": {
            "line": 152,
            "column": 125
          }
        },
        "type": "cond-expr",
        "locations": [
          {
            "start": {
              "line": 152,
              "column": 108
            },
            "end": {
              "line": 152,
              "column": 113
            }
          },
          {
            "start": {
              "line": 152,
              "column": 116
            },
            "end": {
              "line": 152,
              "column": 125
            }
          }
        ],
        "line": 152
      },
      "10": {
        "loc": {
          "start": {
            "line": 163,
            "column": 25
          },
          "end": {
            "line": 181,
            "column": 30
          }
        },
        "type": "binary-expr",
        "locations": [
          {
            "start": {
              "line": 163,
              "column": 25
            },
            "end": {
              "line": 163,
              "column": 75
            }
          },
          {
            "start": {
              "line": 164,
              "column": 24
            },
            "end": {
              "line": 181,
              "column": 30
            }
          }
        ],
        "line": 163
      },
      "11": {
        "loc": {
          "start": {
            "line": 171,
            "column": 59
          },
          "end": {
            "line": 171,
            "column": 148
          }
        },
        "type": "binary-expr",
        "locations": [
          {
            "start": {
              "line": 171,
              "column": 59
            },
            "end": {
              "line": 171,
              "column": 107
            }
          },
          {
            "start": {
              "line": 171,
              "column": 111
            },
            "end": {
              "line": 171,
              "column": 148
            }
          }
        ],
        "line": 171
      },
      "12": {
        "loc": {
          "start": {
            "line": 173,
            "column": 63
          },
          "end": {
            "line": 173,
            "column": 194
          }
        },
        "type": "binary-expr",
        "locations": [
          {
            "start": {
              "line": 173,
              "column": 63
            },
            "end": {
              "line": 173,
              "column": 137
            }
          },
          {
            "start": {
              "line": 173,
              "column": 141
            },
            "end": {
              "line": 173,
              "column": 194
            }
          }
        ],
        "line": 173
      },
      "13": {
        "loc": {
          "start": {
            "line": 174,
            "column": 54
          },
          "end": {
            "line": 174,
            "column": 125
          }
        },
        "type": "cond-expr",
        "locations": [
          {
            "start": {
              "line": 174,
              "column": 108
            },
            "end": {
              "line": 174,
              "column": 113
            }
          },
          {
            "start": {
              "line": 174,
              "column": 116
            },
            "end": {
              "line": 174,
              "column": 125
            }
          }
        ],
        "line": 174
      },
      "14": {
        "loc": {
          "start": {
            "line": 188,
            "column": 33
          },
          "end": {
            "line": 216,
            "column": 35
          }
        },
        "type": "binary-expr",
        "locations": [
          {
            "start": {
              "line": 188,
              "column": 33
            },
            "end": {
              "line": 188,
              "column": 80
            }
          },
          {
            "start": {
              "line": 188,
              "column": 84
            },
            "end": {
              "line": 188,
              "column": 103
            }
          },
          {
            "start": {
              "line": 189,
              "column": 32
            },
            "end": {
              "line": 216,
              "column": 35
            }
          }
        ],
        "line": 188
      },
      "15": {
        "loc": {
          "start": {
            "line": 190,
            "column": 37
          },
          "end": {
            "line": 214,
            "column": 45
          }
        },
        "type": "cond-expr",
        "locations": [
          {
            "start": {
              "line": 191,
              "column": 40
            },
            "end": {
              "line": 204,
              "column": 45
            }
          },
          {
            "start": {
              "line": 205,
              "column": 40
            },
            "end": {
              "line": 214,
              "column": 45
            }
          }
        ],
        "line": 190
      },
      "16": {
        "loc": {
          "start": {
            "line": 218,
            "column": 33
          },
          "end": {
            "line": 229,
            "column": 37
          }
        },
        "type": "binary-expr",
        "locations": [
          {
            "start": {
              "line": 218,
              "column": 33
            },
            "end": {
              "line": 218,
              "column": 98
            }
          },
          {
            "start": {
              "line": 219,
              "column": 32
            },
            "end": {
              "line": 229,
              "column": 37
            }
          }
        ],
        "line": 218
      },
      "17": {
        "loc": {
          "start": {
            "line": 220,
            "column": 37
          },
          "end": {
            "line": 220,
            "column": 93
          }
        },
        "type": "binary-expr",
        "locations": [
          {
            "start": {
              "line": 220,
              "column": 37
            },
            "end": {
              "line": 220,
              "column": 56
            }
          },
          {
            "start": {
              "line": 220,
              "column": 60
            },
            "end": {
              "line": 220,
              "column": 93
            }
          }
        ],
        "line": 220
      }
    },
    "s": {
      "0": 186,
      "1": 186,
      "2": 186,
      "3": 186,
      "4": 186,
      "5": 9,
      "6": 186,
      "7": 15,
      "8": 186,
      "9": 15,
      "10": 186,
      "11": 6,
      "12": 6,
      "13": 6,
      "14": 6,
      "15": 186,
      "16": 744,
      "17": 186,
      "18": 558,
      "19": 558,
      "20": 666,
      "21": 558,
      "22": 186,
      "23": 1116,
      "24": 186,
      "25": 0,
      "26": 0,
      "27": 0,
      "28": 0,
      "29": 0,
      "30": 0,
      "31": 558,
      "32": 558,
      "33": 0,
      "34": 558,
      "35": 6,
      "36": 6,
      "37": 0,
      "38": 0,
      "39": 6,
      "40": 6,
      "41": 558
    },
    "f": {
      "0": 186,
      "1": 9,
      "2": 15,
      "3": 15,
      "4": 6,
      "5": 744,
      "6": 558,
      "7": 666,
      "8": 1116,
      "9": 0,
      "10": 0,
      "11": 0,
      "12": 0,
      "13": 0,
      "14": 0,
      "15": 558,
      "16": 558,
      "17": 0,
      "18": 558,
      "19": 6,
      "20": 6,
      "21": 0,
      "22": 0,
      "23": 6,
      "24": 6,
      "25": 558
    },
    "b": {
      "0": [
        15,
        6
      ],
      "1": [
        6,
        0
      ],
      "2": [
        186,
        0
      ],
      "3": [
        186,
        186,
        168
      ],
      "4": [
        72,
        96
      ],
      "5": [
        186,
        186
      ],
      "6": [
        186,
        186
      ],
      "7": [
        558,
        156
      ],
      "8": [
        0,
        0
      ],
      "9": [
        186,
        372
      ],
      "10": [
        186,
        186
      ],
      "11": [
        558,
        156
      ],
      "12": [
        6,
        6
      ],
      "13": [
        186,
        372
      ],
      "14": [
        186,
        186,
        168
      ],
      "15": [
        72,
        96
      ],
      "16": [
        186,
        186
      ],
      "17": [
        186,
        168
      ]
    },
    "_coverageSchema": "1a1c01bbd47fc00a2c39e90264f33305004495a9",
    "hash": "6f531d6381e474f0514808091bb7acf9fb84a583"
  },
  "/home/tommy/Documents/Podboxx/NextJs-Website/components/layout/layout.tsx": {
    "path": "/home/tommy/Documents/Podboxx/NextJs-Website/components/layout/layout.tsx",
    "statementMap": {
      "0": {
        "start": {
          "line": 37,
          "column": 24
        },
        "end": {
          "line": 37,
          "column": 54
        }
      },
      "1": {
        "start": {
          "line": 38,
          "column": 19
        },
        "end": {
          "line": 38,
          "column": 130
        }
      },
      "2": {
        "start": {
          "line": 40,
          "column": 4
        },
        "end": {
          "line": 42,
          "column": 13
        }
      },
      "3": {
        "start": {
          "line": 41,
          "column": 8
        },
        "end": {
          "line": 41,
          "column": 76
        }
      },
      "4": {
        "start": {
          "line": 44,
          "column": 27
        },
        "end": {
          "line": 47,
          "column": 5
        }
      },
      "5": {
        "start": {
          "line": 45,
          "column": 25
        },
        "end": {
          "line": 45,
          "column": 88
        }
      },
      "6": {
        "start": {
          "line": 45,
          "column": 50
        },
        "end": {
          "line": 45,
          "column": 84
        }
      },
      "7": {
        "start": {
          "line": 46,
          "column": 8
        },
        "end": {
          "line": 46,
          "column": 63
        }
      },
      "8": {
        "start": {
          "line": 49,
          "column": 4
        },
        "end": {
          "line": 49,
          "column": 67
        }
      },
      "9": {
        "start": {
          "line": 49,
          "column": 15
        },
        "end": {
          "line": 49,
          "column": 67
        }
      },
      "10": {
        "start": {
          "line": 50,
          "column": 4
        },
        "end": {
          "line": 61,
          "column": 6
        }
      }
    },
    "fnMap": {
      "0": {
        "name": "Layout",
        "decl": {
          "start": {
            "line": 36,
            "column": 24
          },
          "end": {
            "line": 36,
            "column": 30
          }
        },
        "loc": {
          "start": {
            "line": 36,
            "column": 43
          },
          "end": {
            "line": 62,
            "column": 1
          }
        },
        "line": 36
      },
      "1": {
        "name": "(anonymous_1)",
        "decl": {
          "start": {
            "line": 40,
            "column": 14
          },
          "end": {
            "line": 40,
            "column": 15
          }
        },
        "loc": {
          "start": {
            "line": 40,
            "column": 20
          },
          "end": {
            "line": 42,
            "column": 5
          }
        },
        "line": 40
      },
      "2": {
        "name": "(anonymous_2)",
        "decl": {
          "start": {
            "line": 44,
            "column": 27
          },
          "end": {
            "line": 44,
            "column": 28
          }
        },
        "loc": {
          "start": {
            "line": 44,
            "column": 33
          },
          "end": {
            "line": 47,
            "column": 5
          }
        },
        "line": 44
      },
      "3": {
        "name": "(anonymous_3)",
        "decl": {
          "start": {
            "line": 45,
            "column": 45
          },
          "end": {
            "line": 45,
            "column": 46
          }
        },
        "loc": {
          "start": {
            "line": 45,
            "column": 50
          },
          "end": {
            "line": 45,
            "column": 84
          }
        },
        "line": 45
      }
    },
    "branchMap": {
      "0": {
        "loc": {
          "start": {
            "line": 41,
            "column": 8
          },
          "end": {
            "line": 41,
            "column": 76
          }
        },
        "type": "binary-expr",
        "locations": [
          {
            "start": {
              "line": 41,
              "column": 8
            },
            "end": {
              "line": 41,
              "column": 12
            }
          },
          {
            "start": {
              "line": 41,
              "column": 16
            },
            "end": {
              "line": 41,
              "column": 56
            }
          },
          {
            "start": {
              "line": 41,
              "column": 60
            },
            "end": {
              "line": 41,
              "column": 76
            }
          }
        ],
        "line": 41
      },
      "1": {
        "loc": {
          "start": {
            "line": 49,
            "column": 4
          },
          "end": {
            "line": 49,
            "column": 67
          }
        },
        "type": "if",
        "locations": [
          {
            "start": {
              "line": 49,
              "column": 4
            },
            "end": {
              "line": 49,
              "column": 67
            }
          },
          {
            "start": {
              "line": 49,
              "column": 4
            },
            "end": {
              "line": 49,
              "column": 67
            }
          }
        ],
        "line": 49
      },
      "2": {
        "loc": {
          "start": {
            "line": 53,
            "column": 20
          },
          "end": {
            "line": 53,
            "column": 42
          }
        },
        "type": "binary-expr",
        "locations": [
          {
            "start": {
              "line": 53,
              "column": 20
            },
            "end": {
              "line": 53,
              "column": 31
            }
          },
          {
            "start": {
              "line": 53,
              "column": 35
            },
            "end": {
              "line": 53,
              "column": 42
            }
          }
        ],
        "line": 53
      },
      "3": {
        "loc": {
          "start": {
            "line": 59,
            "column": 13
          },
          "end": {
            "line": 59,
            "column": 81
          }
        },
        "type": "binary-expr",
        "locations": [
          {
            "start": {
              "line": 59,
              "column": 13
            },
            "end": {
              "line": 59,
              "column": 32
            }
          },
          {
            "start": {
              "line": 59,
              "column": 36
            },
            "end": {
              "line": 59,
              "column": 81
            }
          }
        ],
        "line": 59
      }
    },
    "s": {
      "0": 210,
      "1": 210,
      "2": 210,
      "3": 21,
      "4": 210,
      "5": 9,
      "6": 18,
      "7": 9,
      "8": 210,
      "9": 24,
      "10": 186
    },
    "f": {
      "0": 210,
      "1": 21,
      "2": 9,
      "3": 18
    },
    "b": {
      "0": [
        21,
        9,
        9
      ],
      "1": [
        24,
        186
      ],
      "2": [
        186,
        0
      ],
      "3": [
        186,
        36
      ]
    },
    "_coverageSchema": "1a1c01bbd47fc00a2c39e90264f33305004495a9",
    "hash": "78606291dc40464a7300e92dffa6507e5ab464d1"
  },
  "/home/tommy/Documents/Podboxx/NextJs-Website/pages/index.tsx": {
    "path": "/home/tommy/Documents/Podboxx/NextJs-Website/pages/index.tsx",
    "statementMap": {
      "0": {
        "start": {
          "line": 27,
          "column": 23
        },
        "end": {
          "line": 127,
          "column": 1
        }
      },
      "1": {
        "start": {
          "line": 28,
          "column": 19
        },
        "end": {
          "line": 28,
          "column": 30
        }
      },
      "2": {
        "start": {
          "line": 29,
          "column": 24
        },
        "end": {
          "line": 29,
          "column": 54
        }
      },
      "3": {
        "start": {
          "line": 30,
          "column": 26
        },
        "end": {
          "line": 30,
          "column": 44
        }
      },
      "4": {
        "start": {
          "line": 31,
          "column": 38
        },
        "end": {
          "line": 31,
          "column": 60
        }
      },
      "5": {
        "start": {
          "line": 32,
          "column": 42
        },
        "end": {
          "line": 32,
          "column": 66
        }
      },
      "6": {
        "start": {
          "line": 33,
          "column": 38
        },
        "end": {
          "line": 33,
          "column": 90
        }
      },
      "7": {
        "start": {
          "line": 34,
          "column": 20
        },
        "end": {
          "line": 34,
          "column": 94
        }
      },
      "8": {
        "start": {
          "line": 35,
          "column": 26
        },
        "end": {
          "line": 40,
          "column": 6
        }
      },
      "9": {
        "start": {
          "line": 38,
          "column": 12
        },
        "end": {
          "line": 38,
          "column": 64
        }
      },
      "10": {
        "start": {
          "line": 38,
          "column": 58
        },
        "end": {
          "line": 38,
          "column": 64
        }
      },
      "11": {
        "start": {
          "line": 42,
          "column": 4
        },
        "end": {
          "line": 53,
          "column": 60
        }
      },
      "12": {
        "start": {
          "line": 44,
          "column": 19
        },
        "end": {
          "line": 44,
          "column": 97
        }
      },
      "13": {
        "start": {
          "line": 46,
          "column": 22
        },
        "end": {
          "line": 46,
          "column": 60
        }
      },
      "14": {
        "start": {
          "line": 48,
          "column": 23
        },
        "end": {
          "line": 48,
          "column": 68
        }
      },
      "15": {
        "start": {
          "line": 50,
          "column": 8
        },
        "end": {
          "line": 50,
          "column": 51
        }
      },
      "16": {
        "start": {
          "line": 52,
          "column": 8
        },
        "end": {
          "line": 52,
          "column": 44
        }
      },
      "17": {
        "start": {
          "line": 55,
          "column": 4
        },
        "end": {
          "line": 58,
          "column": 27
        }
      },
      "18": {
        "start": {
          "line": 57,
          "column": 8
        },
        "end": {
          "line": 57,
          "column": 59
        }
      },
      "19": {
        "start": {
          "line": 60,
          "column": 25
        },
        "end": {
          "line": 62,
          "column": 5
        }
      },
      "20": {
        "start": {
          "line": 61,
          "column": 8
        },
        "end": {
          "line": 61,
          "column": 48
        }
      },
      "21": {
        "start": {
          "line": 63,
          "column": 28
        },
        "end": {
          "line": 65,
          "column": 5
        }
      },
      "22": {
        "start": {
          "line": 64,
          "column": 8
        },
        "end": {
          "line": 64,
          "column": 61
        }
      },
      "23": {
        "start": {
          "line": 64,
          "column": 50
        },
        "end": {
          "line": 64,
          "column": 59
        }
      },
      "24": {
        "start": {
          "line": 67,
          "column": 4
        },
        "end": {
          "line": 76,
          "column": 5
        }
      },
      "25": {
        "start": {
          "line": 67,
          "column": 59
        },
        "end": {
          "line": 76,
          "column": 5
        }
      },
      "26": {
        "start": {
          "line": 73,
          "column": 35
        },
        "end": {
          "line": 73,
          "column": 102
        }
      },
      "27": {
        "start": {
          "line": 77,
          "column": 4
        },
        "end": {
          "line": 78,
          "column": 23
        }
      },
      "28": {
        "start": {
          "line": 77,
          "column": 15
        },
        "end": {
          "line": 78,
          "column": 23
        }
      },
      "29": {
        "start": {
          "line": 79,
          "column": 4
        },
        "end": {
          "line": 79,
          "column": 67
        }
      },
      "30": {
        "start": {
          "line": 79,
          "column": 15
        },
        "end": {
          "line": 79,
          "column": 67
        }
      },
      "31": {
        "start": {
          "line": 80,
          "column": 4
        },
        "end": {
          "line": 81,
          "column": 51
        }
      },
      "32": {
        "start": {
          "line": 80,
          "column": 49
        },
        "end": {
          "line": 81,
          "column": 51
        }
      },
      "33": {
        "start": {
          "line": 82,
          "column": 4
        },
        "end": {
          "line": 126,
          "column": 5
        }
      },
      "34": {
        "start": {
          "line": 87,
          "column": 20
        },
        "end": {
          "line": 101,
          "column": 26
        }
      },
      "35": {
        "start": {
          "line": 111,
          "column": 41
        },
        "end": {
          "line": 111,
          "column": 69
        }
      }
    },
    "fnMap": {
      "0": {
        "name": "(anonymous_0)",
        "decl": {
          "start": {
            "line": 27,
            "column": 23
          },
          "end": {
            "line": 27,
            "column": 24
          }
        },
        "loc": {
          "start": {
            "line": 27,
            "column": 29
          },
          "end": {
            "line": 127,
            "column": 1
          }
        },
        "line": 27
      },
      "1": {
        "name": "(anonymous_1)",
        "decl": {
          "start": {
            "line": 36,
            "column": 22
          },
          "end": {
            "line": 36,
            "column": 23
          }
        },
        "loc": {
          "start": {
            "line": 36,
            "column": 33
          },
          "end": {
            "line": 39,
            "column": 9
          }
        },
        "line": 36
      },
      "2": {
        "name": "(anonymous_2)",
        "decl": {
          "start": {
            "line": 42,
            "column": 14
          },
          "end": {
            "line": 42,
            "column": 15
          }
        },
        "loc": {
          "start": {
            "line": 42,
            "column": 20
          },
          "end": {
            "line": 53,
            "column": 5
          }
        },
        "line": 42
      },
      "3": {
        "name": "(anonymous_3)",
        "decl": {
          "start": {
            "line": 55,
            "column": 14
          },
          "end": {
            "line": 55,
            "column": 15
          }
        },
        "loc": {
          "start": {
            "line": 55,
            "column": 20
          },
          "end": {
            "line": 58,
            "column": 5
          }
        },
        "line": 55
      },
      "4": {
        "name": "(anonymous_4)",
        "decl": {
          "start": {
            "line": 60,
            "column": 25
          },
          "end": {
            "line": 60,
            "column": 26
          }
        },
        "loc": {
          "start": {
            "line": 60,
            "column": 42
          },
          "end": {
            "line": 62,
            "column": 5
          }
        },
        "line": 60
      },
      "5": {
        "name": "(anonymous_5)",
        "decl": {
          "start": {
            "line": 63,
            "column": 28
          },
          "end": {
            "line": 63,
            "column": 29
          }
        },
        "loc": {
          "start": {
            "line": 63,
            "column": 45
          },
          "end": {
            "line": 65,
            "column": 5
          }
        },
        "line": 63
      },
      "6": {
        "name": "(anonymous_6)",
        "decl": {
          "start": {
            "line": 64,
            "column": 45
          },
          "end": {
            "line": 64,
            "column": 46
          }
        },
        "loc": {
          "start": {
            "line": 64,
            "column": 50
          },
          "end": {
            "line": 64,
            "column": 59
          }
        },
        "line": 64
      },
      "7": {
        "name": "(anonymous_7)",
        "decl": {
          "start": {
            "line": 73,
            "column": 29
          },
          "end": {
            "line": 73,
            "column": 30
          }
        },
        "loc": {
          "start": {
            "line": 73,
            "column": 35
          },
          "end": {
            "line": 73,
            "column": 102
          }
        },
        "line": 73
      },
      "8": {
        "name": "(anonymous_8)",
        "decl": {
          "start": {
            "line": 86,
            "column": 48
          },
          "end": {
            "line": 86,
            "column": 49
          }
        },
        "loc": {
          "start": {
            "line": 87,
            "column": 20
          },
          "end": {
            "line": 101,
            "column": 26
          }
        },
        "line": 87
      },
      "9": {
        "name": "(anonymous_9)",
        "decl": {
          "start": {
            "line": 111,
            "column": 34
          },
          "end": {
            "line": 111,
            "column": 35
          }
        },
        "loc": {
          "start": {
            "line": 111,
            "column": 41
          },
          "end": {
            "line": 111,
            "column": 69
          }
        },
        "line": 111
      }
    },
    "branchMap": {
      "0": {
        "loc": {
          "start": {
            "line": 33,
            "column": 47
          },
          "end": {
            "line": 33,
            "column": 89
          }
        },
        "type": "binary-expr",
        "locations": [
          {
            "start": {
              "line": 33,
              "column": 47
            },
            "end": {
              "line": 33,
              "column": 84
            }
          },
          {
            "start": {
              "line": 33,
              "column": 88
            },
            "end": {
              "line": 33,
              "column": 89
            }
          }
        ],
        "line": 33
      },
      "1": {
        "loc": {
          "start": {
            "line": 35,
            "column": 39
          },
          "end": {
            "line": 35,
            "column": 86
          }
        },
        "type": "cond-expr",
        "locations": [
          {
            "start": {
              "line": 35,
              "column": 53
            },
            "end": {
              "line": 35,
              "column": 79
            }
          },
          {
            "start": {
              "line": 35,
              "column": 82
            },
            "end": {
              "line": 35,
              "column": 86
            }
          }
        ],
        "line": 35
      },
      "2": {
        "loc": {
          "start": {
            "line": 38,
            "column": 12
          },
          "end": {
            "line": 38,
            "column": 64
          }
        },
        "type": "if",
        "locations": [
          {
            "start": {
              "line": 38,
              "column": 12
            },
            "end": {
              "line": 38,
              "column": 64
            }
          },
          {
            "start": {
              "line": 38,
              "column": 12
            },
            "end": {
              "line": 38,
              "column": 64
            }
          }
        ],
        "line": 38
      },
      "3": {
        "loc": {
          "start": {
            "line": 44,
            "column": 19
          },
          "end": {
            "line": 44,
            "column": 97
          }
        },
        "type": "cond-expr",
        "locations": [
          {
            "start": {
              "line": 44,
              "column": 42
            },
            "end": {
              "line": 44,
              "column": 92
            }
          },
          {
            "start": {
              "line": 44,
              "column": 95
            },
            "end": {
              "line": 44,
              "column": 97
            }
          }
        ],
        "line": 44
      },
      "4": {
        "loc": {
          "start": {
            "line": 46,
            "column": 33
          },
          "end": {
            "line": 46,
            "column": 58
          }
        },
        "type": "binary-expr",
        "locations": [
          {
            "start": {
              "line": 46,
              "column": 33
            },
            "end": {
              "line": 46,
              "column": 50
            }
          },
          {
            "start": {
              "line": 46,
              "column": 54
            },
            "end": {
              "line": 46,
              "column": 58
            }
          }
        ],
        "line": 46
      },
      "5": {
        "loc": {
          "start": {
            "line": 48,
            "column": 23
          },
          "end": {
            "line": 48,
            "column": 68
          }
        },
        "type": "cond-expr",
        "locations": [
          {
            "start": {
              "line": 48,
              "column": 46
            },
            "end": {
              "line": 48,
              "column": 58
            }
          },
          {
            "start": {
              "line": 48,
              "column": 61
            },
            "end": {
              "line": 48,
              "column": 68
            }
          }
        ],
        "line": 48
      },
      "6": {
        "loc": {
          "start": {
            "line": 52,
            "column": 8
          },
          "end": {
            "line": 52,
            "column": 44
          }
        },
        "type": "binary-expr",
        "locations": [
          {
            "start": {
              "line": 52,
              "column": 8
            },
            "end": {
              "line": 52,
              "column": 20
            }
          },
          {
            "start": {
              "line": 52,
              "column": 24
            },
            "end": {
              "line": 52,
              "column": 44
            }
          }
        ],
        "line": 52
      },
      "7": {
        "loc": {
          "start": {
            "line": 57,
            "column": 8
          },
          "end": {
            "line": 57,
            "column": 59
          }
        },
        "type": "binary-expr",
        "locations": [
          {
            "start": {
              "line": 57,
              "column": 8
            },
            "end": {
              "line": 57,
              "column": 39
            }
          },
          {
            "start": {
              "line": 57,
              "column": 43
            },
            "end": {
              "line": 57,
              "column": 59
            }
          }
        ],
        "line": 57
      },
      "8": {
        "loc": {
          "start": {
            "line": 67,
            "column": 4
          },
          "end": {
            "line": 76,
            "column": 5
          }
        },
        "type": "if",
        "locations": [
          {
            "start": {
              "line": 67,
              "column": 4
            },
            "end": {
              "line": 76,
              "column": 5
            }
          },
          {
            "start": {
              "line": 67,
              "column": 4
            },
            "end": {
              "line": 76,
              "column": 5
            }
          }
        ],
        "line": 67
      },
      "9": {
        "loc": {
          "start": {
            "line": 67,
            "column": 8
          },
          "end": {
            "line": 67,
            "column": 57
          }
        },
        "type": "binary-expr",
        "locations": [
          {
            "start": {
              "line": 67,
              "column": 8
            },
            "end": {
              "line": 67,
              "column": 13
            }
          },
          {
            "start": {
              "line": 67,
              "column": 17
            },
            "end": {
              "line": 67,
              "column": 57
            }
          }
        ],
        "line": 67
      },
      "10": {
        "loc": {
          "start": {
            "line": 73,
            "column": 47
          },
          "end": {
            "line": 73,
            "column": 101
          }
        },
        "type": "cond-expr",
        "locations": [
          {
            "start": {
              "line": 73,
              "column": 68
            },
            "end": {
              "line": 73,
              "column": 85
            }
          },
          {
            "start": {
              "line": 73,
              "column": 88
            },
            "end": {
              "line": 73,
              "column": 101
            }
          }
        ],
        "line": 73
      },
      "11": {
        "loc": {
          "start": {
            "line": 74,
            "column": 20
          },
          "end": {
            "line": 74,
            "column": 64
          }
        },
        "type": "cond-expr",
        "locations": [
          {
            "start": {
              "line": 74,
              "column": 41
            },
            "end": {
              "line": 74,
              "column": 52
            }
          },
          {
            "start": {
              "line": 74,
              "column": 55
            },
            "end": {
              "line": 74,
              "column": 64
            }
          }
        ],
        "line": 74
      },
      "12": {
        "loc": {
          "start": {
            "line": 77,
            "column": 4
          },
          "end": {
            "line": 78,
            "column": 23
          }
        },
        "type": "if",
        "locations": [
          {
            "start": {
              "line": 77,
              "column": 4
            },
            "end": {
              "line": 78,
              "column": 23
            }
          },
          {
            "start": {
              "line": 77,
              "column": 4
            },
            "end": {
              "line": 78,
              "column": 23
            }
          }
        ],
        "line": 77
      },
      "13": {
        "loc": {
          "start": {
            "line": 79,
            "column": 4
          },
          "end": {
            "line": 79,
            "column": 67
          }
        },
        "type": "if",
        "locations": [
          {
            "start": {
              "line": 79,
              "column": 4
            },
            "end": {
              "line": 79,
              "column": 67
            }
          },
          {
            "start": {
              "line": 79,
              "column": 4
            },
            "end": {
              "line": 79,
              "column": 67
            }
          }
        ],
        "line": 79
      },
      "14": {
        "loc": {
          "start": {
            "line": 80,
            "column": 4
          },
          "end": {
            "line": 81,
            "column": 51
          }
        },
        "type": "if",
        "locations": [
          {
            "start": {
              "line": 80,
              "column": 4
            },
            "end": {
              "line": 81,
              "column": 51
            }
          },
          {
            "start": {
              "line": 80,
              "column": 4
            },
            "end": {
              "line": 81,
              "column": 51
            }
          }
        ],
        "line": 80
      },
      "15": {
        "loc": {
          "start": {
            "line": 93,
            "column": 37
          },
          "end": {
            "line": 93,
            "column": 92
          }
        },
        "type": "binary-expr",
        "locations": [
          {
            "start": {
              "line": 93,
              "column": 37
            },
            "end": {
              "line": 93,
              "column": 70
            }
          },
          {
            "start": {
              "line": 93,
              "column": 74
            },
            "end": {
              "line": 93,
              "column": 92
            }
          }
        ],
        "line": 93
      },
      "16": {
        "loc": {
          "start": {
            "line": 105,
            "column": 13
          },
          "end": {
            "line": 124,
            "column": 18
          }
        },
        "type": "binary-expr",
        "locations": [
          {
            "start": {
              "line": 105,
              "column": 13
            },
            "end": {
              "line": 105,
              "column": 28
            }
          },
          {
            "start": {
              "line": 106,
              "column": 12
            },
            "end": {
              "line": 124,
              "column": 18
            }
          }
        ],
        "line": 105
      },
      "17": {
        "loc": {
          "start": {
            "line": 122,
            "column": 31
          },
          "end": {
            "line": 122,
            "column": 49
          }
        },
        "type": "binary-expr",
        "locations": [
          {
            "start": {
              "line": 122,
              "column": 31
            },
            "end": {
              "line": 122,
              "column": 44
            }
          },
          {
            "start": {
              "line": 122,
              "column": 48
            },
            "end": {
              "line": 122,
              "column": 49
            }
          }
        ],
        "line": 122
      }
    },
    "s": {
      "0": 8,
      "1": 216,
      "2": 216,
      "3": 216,
      "4": 216,
      "5": 216,
      "6": 216,
      "7": 216,
      "8": 216,
      "9": 0,
      "10": 0,
      "11": 216,
      "12": 42,
      "13": 42,
      "14": 42,
      "15": 42,
      "16": 42,
      "17": 216,
      "18": 12,
      "19": 216,
      "20": 6,
      "21": 216,
      "22": 6,
      "23": 6,
      "24": 216,
      "25": 0,
      "26": 0,
      "27": 216,
      "28": 0,
      "29": 216,
      "30": 96,
      "31": 120,
      "32": 0,
      "33": 120,
      "34": 792,
      "35": 0
    },
    "f": {
      "0": 216,
      "1": 0,
      "2": 42,
      "3": 12,
      "4": 6,
      "5": 6,
      "6": 6,
      "7": 0,
      "8": 792,
      "9": 0
    },
    "b": {
      "0": [
        216,
        216
      ],
      "1": [
        192,
        24
      ],
      "2": [
        0,
        0
      ],
      "3": [
        6,
        36
      ],
      "4": [
        42,
        12
      ],
      "5": [
        6,
        36
      ],
      "6": [
        42,
        12
      ],
      "7": [
        12,
        12
      ],
      "8": [
        0,
        216
      ],
      "9": [
        216,
        0
      ],
      "10": [
        0,
        0
      ],
      "11": [
        0,
        0
      ],
      "12": [
        0,
        216
      ],
      "13": [
        96,
        120
      ],
      "14": [
        0,
        120
      ],
      "15": [
        792,
        0
      ],
      "16": [
        120,
        72
      ],
      "17": [
        72,
        72
      ]
    },
    "_coverageSchema": "1a1c01bbd47fc00a2c39e90264f33305004495a9",
    "hash": "d95c7a311ca49d808808bfe3b7a07939ffe64d43"
  },
  "/home/tommy/Documents/Podboxx/NextJs-Website/pages/user/register.tsx": {
    "path": "/home/tommy/Documents/Podboxx/NextJs-Website/pages/user/register.tsx",
    "statementMap": {
      "0": {
        "start": {
          "line": 8,
          "column": 27
        },
        "end": {
          "line": 140,
          "column": 1
        }
      },
      "1": {
        "start": {
          "line": 9,
          "column": 19
        },
        "end": {
          "line": 9,
          "column": 30
        }
      },
      "2": {
        "start": {
          "line": 10,
          "column": 30
        },
        "end": {
          "line": 10,
          "column": 52
        }
      },
      "3": {
        "start": {
          "line": 11,
          "column": 46
        },
        "end": {
          "line": 11,
          "column": 65
        }
      },
      "4": {
        "start": {
          "line": 12,
          "column": 46
        },
        "end": {
          "line": 12,
          "column": 89
        }
      },
      "5": {
        "start": {
          "line": 13,
          "column": 38
        },
        "end": {
          "line": 13,
          "column": 68
        }
      },
      "6": {
        "start": {
          "line": 14,
          "column": 36
        },
        "end": {
          "line": 20,
          "column": 6
        }
      },
      "7": {
        "start": {
          "line": 22,
          "column": 23
        },
        "end": {
          "line": 33,
          "column": 5
        }
      },
      "8": {
        "start": {
          "line": 23,
          "column": 21
        },
        "end": {
          "line": 23,
          "column": 23
        }
      },
      "9": {
        "start": {
          "line": 24,
          "column": 8
        },
        "end": {
          "line": 24,
          "column": 78
        }
      },
      "10": {
        "start": {
          "line": 25,
          "column": 8
        },
        "end": {
          "line": 25,
          "column": 166
        }
      },
      "11": {
        "start": {
          "line": 26,
          "column": 8
        },
        "end": {
          "line": 26,
          "column": 121
        }
      },
      "12": {
        "start": {
          "line": 27,
          "column": 8
        },
        "end": {
          "line": 27,
          "column": 97
        }
      },
      "13": {
        "start": {
          "line": 28,
          "column": 8
        },
        "end": {
          "line": 28,
          "column": 95
        }
      },
      "14": {
        "start": {
          "line": 29,
          "column": 8
        },
        "end": {
          "line": 29,
          "column": 92
        }
      },
      "15": {
        "start": {
          "line": 30,
          "column": 8
        },
        "end": {
          "line": 30,
          "column": 90
        }
      },
      "16": {
        "start": {
          "line": 31,
          "column": 8
        },
        "end": {
          "line": 31,
          "column": 24
        }
      },
      "17": {
        "start": {
          "line": 32,
          "column": 8
        },
        "end": {
          "line": 32,
          "column": 33
        }
      },
      "18": {
        "start": {
          "line": 35,
          "column": 25
        },
        "end": {
          "line": 37,
          "column": 5
        }
      },
      "19": {
        "start": {
          "line": 36,
          "column": 8
        },
        "end": {
          "line": 36,
          "column": 71
        }
      },
      "20": {
        "start": {
          "line": 36,
          "column": 29
        },
        "end": {
          "line": 36,
          "column": 69
        }
      },
      "21": {
        "start": {
          "line": 39,
          "column": 29
        },
        "end": {
          "line": 62,
          "column": 5
        }
      },
      "22": {
        "start": {
          "line": 40,
          "column": 8
        },
        "end": {
          "line": 40,
          "column": 23
        }
      },
      "23": {
        "start": {
          "line": 41,
          "column": 8
        },
        "end": {
          "line": 47,
          "column": 11
        }
      },
      "24": {
        "start": {
          "line": 48,
          "column": 8
        },
        "end": {
          "line": 61,
          "column": 9
        }
      },
      "25": {
        "start": {
          "line": 50,
          "column": 16
        },
        "end": {
          "line": 50,
          "column": 60
        }
      },
      "26": {
        "start": {
          "line": 51,
          "column": 16
        },
        "end": {
          "line": 51,
          "column": 22
        }
      },
      "27": {
        "start": {
          "line": 53,
          "column": 16
        },
        "end": {
          "line": 53,
          "column": 62
        }
      },
      "28": {
        "start": {
          "line": 54,
          "column": 16
        },
        "end": {
          "line": 54,
          "column": 22
        }
      },
      "29": {
        "start": {
          "line": 56,
          "column": 16
        },
        "end": {
          "line": 56,
          "column": 62
        }
      },
      "30": {
        "start": {
          "line": 57,
          "column": 16
        },
        "end": {
          "line": 57,
          "column": 22
        }
      },
      "31": {
        "start": {
          "line": 59,
          "column": 16
        },
        "end": {
          "line": 59,
          "column": 60
        }
      },
      "32": {
        "start": {
          "line": 60,
          "column": 16
        },
        "end": {
          "line": 60,
          "column": 22
        }
      },
      "33": {
        "start": {
          "line": 64,
          "column": 25
        },
        "end": {
          "line": 95,
          "column": 5
        }
      },
      "34": {
        "start": {
          "line": 65,
          "column": 8
        },
        "end": {
          "line": 65,
          "column": 27
        }
      },
      "35": {
        "start": {
          "line": 66,
          "column": 8
        },
        "end": {
          "line": 66,
          "column": 28
        }
      },
      "36": {
        "start": {
          "line": 67,
          "column": 8
        },
        "end": {
          "line": 67,
          "column": 32
        }
      },
      "37": {
        "start": {
          "line": 67,
          "column": 26
        },
        "end": {
          "line": 67,
          "column": 32
        }
      },
      "38": {
        "start": {
          "line": 68,
          "column": 21
        },
        "end": {
          "line": 72,
          "column": 10
        }
      },
      "39": {
        "start": {
          "line": 73,
          "column": 8
        },
        "end": {
          "line": 73,
          "column": 39
        }
      },
      "40": {
        "start": {
          "line": 74,
          "column": 8
        },
        "end": {
          "line": 94,
          "column": 15
        }
      },
      "41": {
        "start": {
          "line": 86,
          "column": 16
        },
        "end": {
          "line": 86,
          "column": 47
        }
      },
      "42": {
        "start": {
          "line": 87,
          "column": 16
        },
        "end": {
          "line": 87,
          "column": 92
        }
      },
      "43": {
        "start": {
          "line": 88,
          "column": 16
        },
        "end": {
          "line": 88,
          "column": 42
        }
      },
      "44": {
        "start": {
          "line": 91,
          "column": 16
        },
        "end": {
          "line": 91,
          "column": 45
        }
      },
      "45": {
        "start": {
          "line": 92,
          "column": 16
        },
        "end": {
          "line": 92,
          "column": 108
        }
      },
      "46": {
        "start": {
          "line": 93,
          "column": 16
        },
        "end": {
          "line": 93,
          "column": 76
        }
      },
      "47": {
        "start": {
          "line": 97,
          "column": 4
        },
        "end": {
          "line": 139,
          "column": 5
        }
      },
      "48": {
        "start": {
          "line": 103,
          "column": 36
        },
        "end": {
          "line": 103,
          "column": 90
        }
      }
    },
    "fnMap": {
      "0": {
        "name": "(anonymous_0)",
        "decl": {
          "start": {
            "line": 8,
            "column": 27
          },
          "end": {
            "line": 8,
            "column": 28
          }
        },
        "loc": {
          "start": {
            "line": 8,
            "column": 33
          },
          "end": {
            "line": 140,
            "column": 1
          }
        },
        "line": 8
      },
      "1": {
        "name": "(anonymous_1)",
        "decl": {
          "start": {
            "line": 22,
            "column": 23
          },
          "end": {
            "line": 22,
            "column": 24
          }
        },
        "loc": {
          "start": {
            "line": 22,
            "column": 29
          },
          "end": {
            "line": 33,
            "column": 5
          }
        },
        "line": 22
      },
      "2": {
        "name": "(anonymous_2)",
        "decl": {
          "start": {
            "line": 35,
            "column": 25
          },
          "end": {
            "line": 35,
            "column": 26
          }
        },
        "loc": {
          "start": {
            "line": 35,
            "column": 32
          },
          "end": {
            "line": 37,
            "column": 5
          }
        },
        "line": 35
      },
      "3": {
        "name": "(anonymous_3)",
        "decl": {
          "start": {
            "line": 36,
            "column": 20
          },
          "end": {
            "line": 36,
            "column": 21
          }
        },
        "loc": {
          "start": {
            "line": 36,
            "column": 29
          },
          "end": {
            "line": 36,
            "column": 69
          }
        },
        "line": 36
      },
      "4": {
        "name": "(anonymous_4)",
        "decl": {
          "start": {
            "line": 39,
            "column": 29
          },
          "end": {
            "line": 39,
            "column": 30
          }
        },
        "loc": {
          "start": {
            "line": 39,
            "column": 36
          },
          "end": {
            "line": 62,
            "column": 5
          }
        },
        "line": 39
      },
      "5": {
        "name": "(anonymous_5)",
        "decl": {
          "start": {
            "line": 64,
            "column": 25
          },
          "end": {
            "line": 64,
            "column": 26
          }
        },
        "loc": {
          "start": {
            "line": 64,
            "column": 32
          },
          "end": {
            "line": 95,
            "column": 5
          }
        },
        "line": 64
      },
      "6": {
        "name": "(anonymous_6)",
        "decl": {
          "start": {
            "line": 85,
            "column": 18
          },
          "end": {
            "line": 85,
            "column": 19
          }
        },
        "loc": {
          "start": {
            "line": 85,
            "column": 24
          },
          "end": {
            "line": 89,
            "column": 13
          }
        },
        "line": 85
      },
      "7": {
        "name": "(anonymous_7)",
        "decl": {
          "start": {
            "line": 90,
            "column": 19
          },
          "end": {
            "line": 90,
            "column": 20
          }
        },
        "loc": {
          "start": {
            "line": 90,
            "column": 24
          },
          "end": {
            "line": 94,
            "column": 13
          }
        },
        "line": 90
      },
      "8": {
        "name": "(anonymous_8)",
        "decl": {
          "start": {
            "line": 103,
            "column": 31
          },
          "end": {
            "line": 103,
            "column": 32
          }
        },
        "loc": {
          "start": {
            "line": 103,
            "column": 36
          },
          "end": {
            "line": 103,
[...]
            "column": 13
          }
        },
        "type": "if",
        "locations": [
          {
            "start": {
              "line": 149,
              "column": 12
            },
            "end": {
              "line": 152,
              "column": 13
            }
          },
          {
            "start": {
              "line": 149,
              "column": 12
            },
            "end": {
              "line": 152,
              "column": 13
            }
          }
        ],
        "line": 149
      },
      "11": {
        "loc": {
          "start": {
            "line": 196,
            "column": 20
          },
          "end": {
            "line": 200,
            "column": 21
          }
        },
        "type": "if",
        "locations": [
          {
            "start": {
              "line": 196,
              "column": 20
            },
            "end": {
              "line": 200,
              "column": 21
            }
          },
          {
            "start": {
              "line": 196,
              "column": 20
            },
            "end": {
              "line": 200,
              "column": 21
            }
          }
        ],
        "line": 196
      },
      "12": {
        "loc": {
          "start": {
            "line": 197,
            "column": 24
          },
          "end": {
            "line": 197,
            "column": 146
          }
        },
        "type": "binary-expr",
        "locations": [
          {
            "start": {
              "line": 197,
              "column": 24
            },
            "end": {
              "line": 197,
              "column": 66
            }
          },
          {
            "start": {
              "line": 197,
              "column": 70
            },
            "end": {
              "line": 197,
              "column": 146
            }
          }
        ],
        "line": 197
      },
      "13": {
        "loc": {
          "start": {
            "line": 211,
            "column": 4
          },
          "end": {
            "line": 211,
            "column": 91
          }
        },
        "type": "if",
        "locations": [
          {
            "start": {
              "line": 211,
              "column": 4
            },
            "end": {
              "line": 211,
              "column": 91
            }
          },
          {
            "start": {
              "line": 211,
              "column": 4
            },
            "end": {
              "line": 211,
              "column": 91
            }
          }
        ],
        "line": 211
      },
      "14": {
        "loc": {
          "start": {
            "line": 211,
            "column": 8
          },
          "end": {
            "line": 211,
            "column": 37
          }
        },
        "type": "binary-expr",
        "locations": [
          {
            "start": {
              "line": 211,
              "column": 8
            },
            "end": {
              "line": 211,
              "column": 28
            }
          },
          {
            "start": {
              "line": 211,
              "column": 32
            },
            "end": {
              "line": 211,
              "column": 37
            }
          }
        ],
        "line": 211
      },
      "15": {
        "loc": {
          "start": {
            "line": 222,
            "column": 33
          },
          "end": {
            "line": 237,
            "column": 38
          }
        },
        "type": "binary-expr",
        "locations": [
          {
            "start": {
              "line": 222,
              "column": 33
            },
            "end": {
              "line": 222,
              "column": 67
            }
          },
          {
            "start": {
              "line": 223,
              "column": 32
            },
            "end": {
              "line": 237,
              "column": 38
            }
          }
        ],
        "line": 222
      },
      "16": {
        "loc": {
          "start": {
            "line": 242,
            "column": 41
          },
          "end": {
            "line": 242,
            "column": 124
          }
        },
        "type": "cond-expr",
        "locations": [
          {
            "start": {
              "line": 242,
              "column": 78
            },
            "end": {
              "line": 242,
              "column": 99
            }
          },
          {
            "start": {
              "line": 242,
              "column": 102
            },
            "end": {
              "line": 242,
              "column": 124
            }
          }
        ],
        "line": 242
      },
      "17": {
        "loc": {
          "start": {
            "line": 247,
            "column": 62
          },
          "end": {
            "line": 247,
            "column": 111
          }
        },
        "type": "cond-expr",
        "locations": [
          {
            "start": {
              "line": 247,
              "column": 94
            },
            "end": {
              "line": 247,
              "column": 106
            }
          },
          {
            "start": {
              "line": 247,
              "column": 109
            },
            "end": {
              "line": 247,
              "column": 111
            }
          }
        ],
        "line": 247
      },
      "18": {
        "loc": {
          "start": {
            "line": 251,
            "column": 62
          },
          "end": {
            "line": 251,
            "column": 119
          }
        },
        "type": "cond-expr",
        "locations": [
          {
            "start": {
              "line": 251,
              "column": 102
            },
            "end": {
              "line": 251,
              "column": 114
            }
          },
          {
            "start": {
              "line": 251,
              "column": 117
            },
            "end": {
              "line": 251,
              "column": 119
            }
          }
        ],
        "line": 251
      },
      "19": {
        "loc": {
          "start": {
            "line": 255,
            "column": 62
          },
          "end": {
            "line": 255,
            "column": 108
          }
        },
        "type": "cond-expr",
        "locations": [
          {
            "start": {
              "line": 255,
              "column": 91
            },
            "end": {
              "line": 255,
              "column": 103
            }
          },
          {
            "start": {
              "line": 255,
              "column": 106
            },
            "end": {
              "line": 255,
              "column": 108
            }
          }
        ],
        "line": 255
      },
      "20": {
        "loc": {
          "start": {
            "line": 259,
            "column": 63
          },
          "end": {
            "line": 259,
            "column": 130
          }
        },
        "type": "cond-expr",
        "locations": [
          {
            "start": {
              "line": 259,
              "column": 85
            },
            "end": {
              "line": 259,
              "column": 110
            }
          },
          {
            "start": {
              "line": 259,
              "column": 113
            },
            "end": {
              "line": 259,
              "column": 130
            }
          }
        ],
        "line": 259
      },
      "21": {
        "loc": {
          "start": {
            "line": 261,
            "column": 53
          },
          "end": {
            "line": 261,
            "column": 109
          }
        },
        "type": "cond-expr",
        "locations": [
          {
            "start": {
              "line": 261,
              "column": 90
            },
            "end": {
              "line": 261,
              "column": 98
            }
          },
          {
            "start": {
              "line": 261,
              "column": 101
            },
            "end": {
              "line": 261,
              "column": 109
            }
          }
        ],
        "line": 261
      },
      "22": {
        "loc": {
          "start": {
            "line": 273,
            "column": 33
          },
          "end": {
            "line": 309,
            "column": 35
          }
        },
        "type": "binary-expr",
        "locations": [
          {
            "start": {
              "line": 273,
              "column": 33
            },
            "end": {
              "line": 273,
              "column": 69
            }
          },
          {
            "start": {
              "line": 274,
              "column": 32
            },
            "end": {
              "line": 309,
              "column": 35
            }
          }
        ],
        "line": 273
      },
      "23": {
        "loc": {
          "start": {
            "line": 277,
            "column": 56
          },
          "end": {
            "line": 277,
            "column": 313
          }
        },
        "type": "cond-expr",
        "locations": [
          {
            "start": {
              "line": 277,
              "column": 172
            },
            "end": {
              "line": 277,
              "column": 243
            }
          },
          {
            "start": {
              "line": 277,
              "column": 246
            },
            "end": {
              "line": 277,
              "column": 313
            }
          }
        ],
        "line": 277
      },
      "24": {
        "loc": {
          "start": {
            "line": 277,
            "column": 56
          },
          "end": {
            "line": 277,
            "column": 169
          }
        },
        "type": "binary-expr",
        "locations": [
          {
            "start": {
              "line": 277,
              "column": 56
            },
            "end": {
              "line": 277,
              "column": 120
            }
          },
          {
            "start": {
              "line": 277,
              "column": 124
            },
            "end": {
              "line": 277,
              "column": 169
            }
          }
        ],
        "line": 277
      },
      "25": {
        "loc": {
          "start": {
            "line": 282,
            "column": 63
          },
          "end": {
            "line": 282,
            "column": 278
          }
        },
        "type": "cond-expr",
        "locations": [
          {
            "start": {
              "line": 282,
              "column": 179
            },
            "end": {
              "line": 282,
              "column": 227
            }
          },
          {
            "start": {
              "line": 282,
              "column": 230
            },
            "end": {
              "line": 282,
              "column": 278
            }
          }
        ],
        "line": 282
      },
      "26": {
        "loc": {
          "start": {
            "line": 282,
            "column": 63
          },
          "end": {
            "line": 282,
            "column": 176
          }
        },
        "type": "binary-expr",
        "locations": [
          {
            "start": {
              "line": 282,
              "column": 63
            },
            "end": {
              "line": 282,
              "column": 127
            }
          },
          {
            "start": {
              "line": 282,
              "column": 131
            },
            "end": {
              "line": 282,
              "column": 176
            }
          }
        ],
        "line": 282
      },
      "27": {
        "loc": {
          "start": {
            "line": 283,
            "column": 90
          },
          "end": {
            "line": 283,
            "column": 159
          }
        },
        "type": "cond-expr",
        "locations": [
          {
            "start": {
              "line": 283,
              "column": 135
            },
            "end": {
              "line": 283,
              "column": 146
            }
          },
          {
            "start": {
              "line": 283,
              "column": 149
            },
            "end": {
              "line": 283,
              "column": 159
            }
          }
        ],
        "line": 283
      },
      "28": {
        "loc": {
          "start": {
            "line": 286,
            "column": 53
          },
          "end": {
            "line": 289,
            "column": 56
          }
        },
        "type": "binary-expr",
        "locations": [
          {
            "start": {
              "line": 286,
              "column": 53
            },
            "end": {
              "line": 286,
              "column": 117
            }
          },
          {
            "start": {
              "line": 287,
              "column": 52
            },
            "end": {
              "line": 289,
              "column": 56
            }
          }
        ],
        "line": 286
      },
      "29": {
        "loc": {
          "start": {
            "line": 287,
            "column": 66
          },
          "end": {
            "line": 288,
            "column": 83
          }
        },
        "type": "cond-expr",
        "locations": [
          {
            "start": {
              "line": 288,
              "column": 56
            },
            "end": {
              "line": 288,
              "column": 78
            }
          },
          {
            "start": {
              "line": 288,
              "column": 81
            },
            "end": {
              "line": 288,
              "column": 83
            }
          }
        ],
        "line": 287
      },
      "30": {
        "loc": {
          "start": {
            "line": 294,
            "column": 53
          },
          "end": {
            "line": 303,
            "column": 65
          }
        },
        "type": "cond-expr",
        "locations": [
          {
            "start": {
              "line": 295,
              "column": 56
            },
            "end": {
              "line": 298,
              "column": 65
            }
          },
          {
            "start": {
              "line": 300,
              "column": 56
            },
            "end": {
              "line": 303,
              "column": 65
            }
          }
        ],
        "line": 294
      },
      "31": {
        "loc": {
          "start": {
            "line": 294,
            "column": 53
          },
          "end": {
            "line": 294,
            "column": 188
          }
        },
        "type": "binary-expr",
        "locations": [
          {
            "start": {
              "line": 294,
              "column": 53
            },
            "end": {
              "line": 294,
              "column": 71
            }
          },
          {
            "start": {
              "line": 294,
              "column": 75
            },
            "end": {
              "line": 294,
              "column": 139
            }
          },
          {
            "start": {
              "line": 294,
              "column": 143
            },
            "end": {
              "line": 294,
              "column": 188
            }
          }
        ],
        "line": 294
      },
      "32": {
        "loc": {
          "start": {
            "line": 302,
            "column": 122
          },
          "end": {
            "line": 302,
            "column": 197
          }
        },
        "type": "cond-expr",
        "locations": [
          {
            "start": {
              "line": 302,
              "column": 170
            },
            "end": {
              "line": 302,
              "column": 183
            }
          },
          {
            "start": {
              "line": 302,
              "column": 186
            },
            "end": {
              "line": 302,
              "column": 197
            }
          }
        ],
        "line": 302
      }
    },
    "s": {
      "0": 4,
      "1": 24,
      "2": 24,
      "3": 24,
      "4": 0,
      "5": 24,
      "6": 24,
      "7": 24,
      "8": 24,
      "9": 0,
      "10": 0,
      "11": 24,
      "12": 4,
      "13": 4,
      "14": 4,
      "15": 4,
      "16": 4,
      "17": 0,
      "18": 24,
      "19": 4,
      "20": 0,
      "21": 24,
      "22": 4,
      "23": 4,
      "24": 24,
      "25": 0,
      "26": 0,
      "27": 0,
      "28": 0,
      "29": 0,
      "30": 24,
      "31": 0,
      "32": 0,
      "33": 0,
      "34": 0,
      "35": 0,
      "36": 0,
      "37": 0,
      "38": 0,
      "39": 0,
      "40": 0,
      "41": 0,
      "42": 0,
      "43": 0,
      "44": 24,
      "45": 0,
      "46": 0,
      "47": 0,
      "48": 0,
      "49": 0,
      "50": 0,
      "51": 0,
      "52": 24,
      "53": 0,
      "54": 0,
      "55": 0,
      "56": 0,
      "57": 0,
      "58": 0,
      "59": 24,
      "60": 0,
      "61": 0,
      "62": 0,
      "63": 0,
      "64": 0,
      "65": 24,
      "66": 0,
      "67": 0,
      "68": 0,
      "69": 0,
      "70": 0,
      "71": 0,
      "72": 0,
      "73": 0,
      "74": 0,
      "75": 0,
      "76": 0,
      "77": 0,
      "78": 0,
      "79": 0,
      "80": 0,
      "81": 0,
      "82": 24,
      "83": 0,
      "84": 24,
      "85": 0,
      "86": 24,
      "87": 0
    },
    "f": {
      "0": 24,
      "1": 0,
      "2": 0,
      "3": 4,
      "4": 4,
      "5": 0,
      "6": 4,
      "7": 4,
      "8": 4,
      "9": 0,
      "10": 0,
      "11": 0,
      "12": 0,
      "13": 0,
      "14": 0,
      "15": 0,
      "16": 0,
      "17": 0,
      "18": 0,
      "19": 0,
      "20": 0,
      "21": 0,
      "22": 0,
      "23": 0,
      "24": 0,
      "25": 0,
      "26": 0,
      "27": 0,
      "28": 0,
      "29": 0,
      "30": 0,
      "31": 0,
      "32": 0,
      "33": 0,
      "34": 0,
      "35": 0,
      "36": 0,
      "37": 24,
      "38": 0
    },
    "b": {
      "0": [
        0,
        0
      ],
      "1": [
        4,
        0
      ],
      "2": [
        4,
        0
      ],
      "3": [
        4,
        4
      ],
      "4": [
        4,
        4
      ],
      "5": [
        0,
        0
      ],
      "6": [
        0,
        0
      ],
      "7": [
        0,
        0
      ],
      "8": [
        0,
        0
      ],
      "9": [
        0,
        0
      ],
      "10": [
        0,
        0
      ],
      "11": [
        0,
        0
      ],
      "12": [
        0,
        0
      ],
      "13": [
        0,
        24
      ],
      "14": [
        24,
        24
      ],
      "15": [
        24,
        0
      ],
      "16": [
        0,
        24
      ],
      "17": [
        0,
        24
      ],
      "18": [
        0,
        24
      ],
      "19": [
        0,
        24
      ],
      "20": [
        0,
        24
      ],
      "21": [
        0,
        24
      ],
      "22": [
        24,
        8
      ],
      "23": [
        0,
        24
      ],
      "24": [
        24,
        8
      ],
      "25": [
        0,
        24
      ],
      "26": [
        24,
        8
      ],
      "27": [
        24,
        0
      ],
      "28": [
        24,
        8
      ],
      "29": [
        0,
        8
      ],
      "30": [
        0,
        24
      ],
      "31": [
        24,
        24,
        8
      ],
      "32": [
        0,
        24
      ]
    },
    "_coverageSchema": "1a1c01bbd47fc00a2c39e90264f33305004495a9",
    "hash": "0c82dfb71fb09d416a57ebca5da1d7cad6b64b0d"
  }
}